<?xml version="1.0" encoding="utf-8"?>
<TestRun id="2ebfa20a-46e9-4e13-bb54-8dcadec38bf1" name="sapro@ASUSPROART 2026-09-24 00:17:03" runUser="ASUSPROART\sapro" xmlns="http://microsoft.com/schemas/VisualStudio/TeamTest/2010">
  <Times creation="2026-09-24T00:17:03.6693193-04:00" queuing="2026-09-24T00:17:03.6693201-04:00" start="2026-09-24T00:16:55.5454534-04:00" finish="2026-09-24T00:18:07.2582631-04:00" />
  <TestSettings name="default" id="f1440d86-decb-4ff9-9781-596739897ac6">
    <Deployment runDeploymentRoot="sapro_ASUSPROART_2026-09-24_00_17_03" />
  </TestSettings>
  <Results>
    <UnitTestResult executionId="0bc0a1f2-60cb-4dbd-83c6-a390ab67b60a" testId="840566b5-ca3c-d853-64e2-0107a23e0bd6" testName="Sonda.Persistence.Tests.PersistenceTests.Revision2_full_fixture_has_postgres_parity_and_restart_replay(name: &quot;incompatible-recovery-contract&quot;)" computerName="ASUSPROART" duration="00:00:00.3460352" startTime="2026-09-24T00:17:13.0211827-04:00" endTime="2026-09-24T00:17:13.3677621-04:00" testType="13cdc9d9-ddb5-4fa4-a97d-d965ccfc6d4b" outcome="Passed" testListId="8c84fa94-04c1-424b-9868-57a2d4851a1d" relativeResultsDirectory="0bc0a1f2-60cb-4dbd-83c6-a390ab67b60a" />
    <UnitTestResult executionId="02051fbb-0ef3-4bd0-996a-007cdb8afd41" testId="51e5058b-b317-2170-120a-1ffc1d829a9c" testName="Sonda.Persistence.Tests.PersistenceTests.Durable_restart_and_replay_match_phase1(name: &quot;priority-ignore&quot;)" computerName="ASUSPROART" duration="00:00:00.1598984" startTime="2026-09-24T00:17:26.5826764-04:00" endTime="2026-09-24T00:17:26.7430927-04:00" testType="13cdc9d9-ddb5-4fa4-a97d-d965ccfc6d4b" outcome="Passed" testListId="8c84fa94-04c1-424b-9868-57a2d4851a1d" relativeResultsDirectory="02051fbb-0ef3-4bd0-996a-007cdb8afd41" />
    <UnitTestResult executionId="fea39c58-2a81-44b4-95ad-e906b0c05542" testId="7d4d83b0-8aed-4cd3-6199-b696c4688d3e" testName="Sonda.Persistence.Tests.PersistenceTests.Connection_termination_before_commit_is_recoverable" computerName="ASUSPROART" duration="00:00:00.2934913" startTime="2026-09-24T00:18:06.5880854-04:00" endTime="2026-09-24T00:18:06.8821250-04:00" testType="13cdc9d9-ddb5-4fa4-a97d-d965ccfc6d4b" outcome="Passed" testListId="8c84fa94-04c1-424b-9868-57a2d4851a1d" relativeResultsDirectory="fea39c58-2a81-44b4-95ad-e906b0c05542" />
    <UnitTestResult executionId="4e619796-8748-4257-9e2e-00ca4555ba8b" testId="507f18e6-b544-dbf4-5605-ccfdd2735627" testName="Sonda.Persistence.Tests.PersistenceTests.Revision2_full_fixture_has_postgres_parity_and_restart_replay(name: &quot;late-diagnostic&quot;)" computerName="ASUSPROART" duration="00:00:00.3025147" startTime="2026-09-24T00:17:10.9421136-04:00" endTime="2026-09-24T00:17:11.2450861-04:00" testType="13cdc9d9-ddb5-4fa4-a97d-d965ccfc6d4b" outcome="Passed" testListId="8c84fa94-04c1-424b-9868-57a2d4851a1d" relativeResultsDirectory="4e619796-8748-4257-9e2e-00ca4555ba8b" />
    <UnitTestResult executionId="9ba4cc87-fae7-49fc-893b-e0b3a1b13fce" testId="039f46ac-a958-8f26-2cbc-3fcdef9d608a" testName="Sonda.Persistence.Tests.PersistenceTests.Revision2_full_fixture_has_postgres_parity_and_restart_replay(name: &quot;outside-cycle&quot;)" computerName="ASUSPROART" duration="00:00:00.4413680" startTime="2026-09-24T00:17:15.4302174-04:00" endTime="2026-09-24T00:17:15.8718626-04:00" testType="13cdc9d9-ddb5-4fa4-a97d-d965ccfc6d4b" outcome="Passed" testListId="8c84fa94-04c1-424b-9868-57a2d4851a1d" relativeResultsDirectory="9ba4cc87-fae7-49fc-893b-e0b3a1b13fce" />
    <UnitTestResult executionId="9a6297a3-f5d9-4f6e-a50b-3c6495dc753e" testId="7f8e06d8-a828-448c-6eb6-575e6b679819" testName="Sonda.Persistence.Tests.PersistenceTests.Committed_interpretation_rows_are_database_immutable(kind: &quot;run&quot;)" computerName="ASUSPROART" duration="00:00:00.4323769" startTime="2026-09-24T00:17:28.9649817-04:00" endTime="2026-09-24T00:17:29.3980445-04:00" testType="13cdc9d9-ddb5-4fa4-a97d-d965ccfc6d4b" outcome="Passed" testListId="8c84fa94-04c1-424b-9868-57a2d4851a1d" relativeResultsDirectory="9a6297a3-f5d9-4f6e-a50b-3c6495dc753e" />
    <UnitTestResult executionId="46f228e2-4fb6-46ed-85a6-a27476d8e69a" testId="b7da0f91-c714-1e04-7a10-a5f604523dd6" testName="Sonda.Persistence.Tests.PersistenceTests.Revision2_full_fixture_has_postgres_parity_and_restart_replay(name: &quot;recovery-causality&quot;)" computerName="ASUSPROART" duration="00:00:00.3682112" startTime="2026-09-24T00:17:11.5238310-04:00" endTime="2026-09-24T00:17:11.8924912-04:00" testType="13cdc9d9-ddb5-4fa4-a97d-d965ccfc6d4b" outcome="Passed" testListId="8c84fa94-04c1-424b-9868-57a2d4851a1d" relativeResultsDirectory="46f228e2-4fb6-46ed-85a6-a27476d8e69a" />
    <UnitTestResult executionId="0a3ac0e8-add4-47b1-a718-1907b5ad8767" testId="14ae2480-70c1-ab24-4662-aac73073bc0d" testName="Sonda.Persistence.Tests.PersistenceTests.Revision2_database_rejects_invalid_policy_context(kind: &quot;observation&quot;)" computerName="ASUSPROART" duration="00:00:00.2512938" startTime="2026-09-24T00:17:54.7389389-04:00" endTime="2026-09-24T00:17:54.9903010-04:00" testType="13cdc9d9-ddb5-4fa4-a97d-d965ccfc6d4b" outcome="Passed" testListId="8c84fa94-04c1-424b-9868-57a2d4851a1d" relativeResultsDirectory="0a3ac0e8-add4-47b1-a718-1907b5ad8767" />
    <UnitTestResult executionId="7a83dd5f-c280-41ee-b7f7-6ff748cb109b" testId="353d41b6-1e3b-e022-fe8c-31a7c9d8c3f4" testName="Sonda.Persistence.Tests.PersistenceTests.Duplicate_business_identities_are_rejected_by_postgres(kind: &quot;fact&quot;)" computerName="ASUSPROART" duration="00:00:00.4675050" startTime="2026-09-24T00:17:26.1145075-04:00" endTime="2026-09-24T00:17:26.5823880-04:00" testType="13cdc9d9-ddb5-4fa4-a97d-d965ccfc6d4b" outcome="Passed" testListId="8c84fa94-04c1-424b-9868-57a2d4851a1d" relativeResultsDirectory="7a83dd5f-c280-41ee-b7f7-6ff748cb109b" />
    <UnitTestResult executionId="bc76d542-afa3-4c6f-aa8b-82cb3be697d6" testId="606e56fd-6b31-59e4-6f0c-07c78ef2cf9e" testName="Sonda.Persistence.Tests.PersistenceTests.Durable_restart_and_replay_match_phase1(name: &quot;repeated-recovery&quot;)" computerName="ASUSPROART" duration="00:00:00.4811773" startTime="2026-09-24T00:17:27.0967528-04:00" endTime="2026-09-24T00:17:27.5784926-04:00" testType="13cdc9d9-ddb5-4fa4-a97d-d965ccfc6d4b" outcome="Passed" testListId="8c84fa94-04c1-424b-9868-57a2d4851a1d" relativeResultsDirectory="bc76d542-afa3-4c6f-aa8b-82cb3be697d6" />
    <UnitTestResult executionId="c9017666-701f-47f5-94ff-d9490d3d31b7" testId="4b8fc2e7-4265-fc88-493e-0d670a34eef4" testName="Sonda.Persistence.Tests.PersistenceTests.Duplicate_business_identities_are_rejected_by_postgres(kind: &quot;recovery&quot;)" computerName="ASUSPROART" duration="00:00:00.5813977" startTime="2026-09-24T00:17:24.6462448-04:00" endTime="2026-09-24T00:17:25.2281230-04:00" testType="13cdc9d9-ddb5-4fa4-a97d-d965ccfc6d4b" outcome="Passed" testListId="8c84fa94-04c1-424b-9868-57a2d4851a1d" relativeResultsDirectory="c9017666-701f-47f5-94ff-d9490d3d31b7" />
    <UnitTestResult executionId="525af60a-f06c-48be-ac53-0e5778d4aaf3" testId="6d22b4f8-9a43-1c77-d335-bda7c499b40f" testName="Sonda.Persistence.Tests.PersistenceTests.Repeated_same_run_diagnostics_enrich_one_occurrence_and_retain_evidence" computerName="ASUSPROART" duration="00:00:00.1646012" startTime="2026-09-24T00:18:05.5276654-04:00" endTime="2026-09-24T00:18:05.6926171-04:00" testType="13cdc9d9-ddb5-4fa4-a97d-d965ccfc6d4b" outcome="Passed" testListId="8c84fa94-04c1-424b-9868-57a2d4851a1d" relativeResultsDirectory="525af60a-f06c-48be-ac53-0e5778d4aaf3" />
    <UnitTestResult executionId="36983702-291c-475e-8e6c-e8771226ffc7" testId="b2277c62-9652-72fb-fe61-9160d24ed8b8" testName="Sonda.Persistence.Tests.PersistenceTests.Policy_command_family_rolls_back_all_effects(kind: AdvanceTime, boundary: AfterEvidence)" computerName="ASUSPROART" duration="00:00:00.1754187" startTime="2026-09-24T00:17:20.2003450-04:00" endTime="2026-09-24T00:17:20.3764203-04:00" testType="13cdc9d9-ddb5-4fa4-a97d-d965ccfc6d4b" outcome="Passed" testListId="8c84fa94-04c1-424b-9868-57a2d4851a1d" relativeResultsDirectory="36983702-291c-475e-8e6c-e8771226ffc7" />
    <UnitTestResult executionId="740523b5-f8c7-40ac-a6b5-0b614298551f" testId="8c5dc8b3-7fa3-0df5-da2d-b330ee227462" testName="Sonda.Persistence.Tests.PersistenceTests.Committed_interpretation_rows_are_database_immutable(kind: &quot;recovery&quot;)" computerName="ASUSPROART" duration="00:00:00.4299792" startTime="2026-09-24T00:17:28.5342044-04:00" endTime="2026-09-24T00:17:28.9647393-04:00" testType="13cdc9d9-ddb5-4fa4-a97d-d965ccfc6d4b" outcome="Passed" testListId="8c84fa94-04c1-424b-9868-57a2d4851a1d" relativeResultsDirectory="740523b5-f8c7-40ac-a6b5-0b614298551f" />
    <UnitTestResult executionId="ed24d120-d9f8-423f-a0b1-e826b23d8046" testId="6dcc6413-5e3a-1f19-dfbb-041db940a676" testName="Sonda.Persistence.Tests.PersistenceTests.Revision2_full_fixture_has_postgres_parity_and_restart_replay(name: &quot;versioned-recovery&quot;)" computerName="ASUSPROART" duration="00:00:00.5541754" startTime="2026-09-24T00:17:15.8721395-04:00" endTime="2026-09-24T00:17:16.4270495-04:00" testType="13cdc9d9-ddb5-4fa4-a97d-d965ccfc6d4b" outcome="Passed" testListId="8c84fa94-04c1-424b-9868-57a2d4851a1d" relativeResultsDirectory="ed24d120-d9f8-423f-a0b1-e826b23d8046" />
    <UnitTestResult executionId="13b46f5c-f02c-4c5b-bdf5-1033c556e72b" testId="c924a8df-2696-5826-cc89-a0fa9fcbd4d6" testName="Sonda.Persistence.Tests.PersistenceTests.Revision2_full_fixture_has_postgres_parity_and_restart_replay(name: &quot;late-terminal&quot;)" computerName="ASUSPROART" duration="00:00:00.2751575" startTime="2026-09-24T00:17:14.2275564-04:00" endTime="2026-09-24T00:17:14.5033665-04:00" testType="13cdc9d9-ddb5-4fa4-a97d-d965ccfc6d4b" outcome="Passed" testListId="8c84fa94-04c1-424b-9868-57a2d4851a1d" relativeResultsDirectory="13b46f5c-f02c-4c5b-bdf5-1033c556e72b" />
    <UnitTestResult executionId="6259c764-06b5-4a21-9d73-9a2381f2b50c" testId="21b37c97-baa9-9a67-a8db-6085e31b4c77" testName="Sonda.Persistence.Tests.PersistenceTests.Revision2_full_fixture_has_postgres_parity_and_restart_replay(name: &quot;recurrence-episodes&quot;)" computerName="ASUSPROART" duration="00:00:00.5406493" startTime="2026-09-24T00:17:18.3229915-04:00" endTime="2026-09-24T00:17:18.8643250-04:00" testType="13cdc9d9-ddb5-4fa4-a97d-d965ccfc6d4b" outcome="Passed" testListId="8c84fa94-04c1-424b-9868-57a2d4851a1d" relativeResultsDirectory="6259c764-06b5-4a21-9d73-9a2381f2b50c" />
    <UnitTestResult executionId="19fd5cb3-779c-4389-97cd-b896979a1671" testId="7623f76f-81ea-cf24-b1dd-2ae55a25f22f" testName="Sonda.Persistence.Tests.PersistenceTests.Revision2_deadline_transaction_rollback_and_retry(boundary: AfterFacts)" computerName="ASUSPROART" duration="00:00:00.2383299" startTime="2026-09-24T00:17:23.2001926-04:00" endTime="2026-09-24T00:17:23.4394677-04:00" testType="13cdc9d9-ddb5-4fa4-a97d-d965ccfc6d4b" outcome="Passed" testListId="8c84fa94-04c1-424b-9868-57a2d4851a1d" relativeResultsDirectory="19fd5cb3-779c-4389-97cd-b896979a1671" />
    <UnitTestResult executionId="602f6a80-4415-4a66-894c-29e7567ddd58" testId="947b013b-6a47-438b-8386-b74d621c621c" testName="Sonda.Persistence.Tests.PersistenceTests.Revision2_full_fixture_has_postgres_parity_and_restart_replay(name: &quot;pinned-version-transition&quot;)" computerName="ASUSPROART" duration="00:00:00.6426958" startTime="2026-09-24T00:17:16.4273432-04:00" endTime="2026-09-24T00:17:17.0706432-04:00" testType="13cdc9d9-ddb5-4fa4-a97d-d965ccfc6d4b" outcome="Passed" testListId="8c84fa94-04c1-424b-9868-57a2d4851a1d" relativeResultsDirectory="602f6a80-4415-4a66-894c-29e7567ddd58" />
    <UnitTestResult executionId="ac286771-c3af-43f6-af10-7f91d041a4f7" testId="b02786fc-ad39-c51f-ab4b-bd47bc6e4cc0" testName="Sonda.Persistence.Tests.PersistenceTests.Revision2_full_fixture_has_postgres_parity_and_restart_replay(name: &quot;incomplete-explicit-end&quot;)" computerName="ASUSPROART" duration="00:00:00.3543896" startTime="2026-09-24T00:17:07.6482738-04:00" endTime="2026-09-24T00:17:08.0033580-04:00" testType="13cdc9d9-ddb5-4fa4-a97d-d965ccfc6d4b" outcome="Passed" testListId="8c84fa94-04c1-424b-9868-57a2d4851a1d" relativeResultsDirectory="ac286771-c3af-43f6-af10-7f91d041a4f7" />
    <UnitTestResult executionId="27104932-c114-4366-916b-1bdaa1b996ef" testId="a15aff4c-3926-61fb-80e1-8cbf3df3a2e9" testName="Sonda.Persistence.Tests.PersistenceTests.Policy_competing_retry_begins_cannot_duplicate_attempt" computerName="ASUSPROART" duration="00:00:00.2727194" startTime="2026-09-24T00:17:27.5788080-04:00" endTime="2026-09-24T00:17:27.8522983-04:00" testType="13cdc9d9-ddb5-4fa4-a97d-d965ccfc6d4b" outcome="Passed" testListId="8c84fa94-04c1-424b-9868-57a2d4851a1d" relativeResultsDirectory="27104932-c114-4366-916b-1bdaa1b996ef" />
    <UnitTestResult executionId="93cc76f8-9747-42b6-bf76-3e41609f3fd0" testId="d6987f88-a0dd-3353-76e2-506079db9c00" testName="Sonda.Persistence.Tests.PersistenceTests.Duplicate_business_identities_are_rejected_by_postgres(kind: &quot;order&quot;)" computerName="ASUSPROART" duration="00:00:00.5213347" startTime="2026-09-24T00:17:23.5919442-04:00" endTime="2026-09-24T00:17:24.1138480-04:00" testType="13cdc9d9-ddb5-4fa4-a97d-d965ccfc6d4b" outcome="Passed" testListId="8c84fa94-04c1-424b-9868-57a2d4851a1d" relativeResultsDirectory="93cc76f8-9747-42b6-bf76-3e41609f3fd0" />
    <UnitTestResult executionId="8bc6ed8c-3ed4-4051-8743-352d0b34977c" testId="b84cef0d-bb83-4273-ef19-4bb77f1eea85" testName="Sonda.Persistence.Tests.PersistenceTests.Evidence_and_timer_race_respects_declared_frontier(evidenceFirst: True)" computerName="ASUSPROART" duration="00:00:00.5830937" startTime="2026-09-24T00:17:03.6420047-04:00" endTime="2026-09-24T00:17:04.2001539-04:00" testType="13cdc9d9-ddb5-4fa4-a97d-d965ccfc6d4b" outcome="Passed" testListId="8c84fa94-04c1-424b-9868-57a2d4851a1d" relativeResultsDirectory="8bc6ed8c-3ed4-4051-8743-352d0b34977c" />
    <UnitTestResult executionId="b5caebf5-731a-4b8e-8fa0-2a01374f3841" testId="439e6185-ef34-42b9-8559-243bfa656697" testName="Sonda.Persistence.Tests.PersistenceTests.Revision2_full_fixture_has_postgres_parity_and_restart_replay(name: &quot;explicit-end-conflicts&quot;)" computerName="ASUSPROART" duration="00:00:00.4282690" startTime="2026-09-24T00:17:09.3067169-04:00" endTime="2026-09-24T00:17:09.7354672-04:00" testType="13cdc9d9-ddb5-4fa4-a97d-d965ccfc6d4b" outcome="Passed" testListId="8c84fa94-04c1-424b-9868-57a2d4851a1d" relativeResultsDirectory="b5caebf5-731a-4b8e-8fa0-2a01374f3841" />
    <UnitTestResult executionId="71ad553c-1da7-45e1-857a-c1787d6696b5" testId="26f1f869-8734-fec1-f8c9-f1c7ccb835ba" testName="Sonda.Persistence.Tests.PersistenceTests.Durable_restart_and_replay_match_phase1(name: &quot;mixed-orders&quot;)" computerName="ASUSPROART" duration="00:00:00.3527659" startTime="2026-09-24T00:17:26.7433022-04:00" endTime="2026-09-24T00:17:27.0965462-04:00" testType="13cdc9d9-ddb5-4fa4-a97d-d965ccfc6d4b" outcome="Passed" testListId="8c84fa94-04c1-424b-9868-57a2d4851a1d" relativeResultsDirectory="71ad553c-1da7-45e1-857a-c1787d6696b5" />
    <UnitTestResult executionId="e6cbce36-4ea8-42ca-b5cf-7ef2f1b1fd6b" testId="cfaa6bb2-b86c-ac54-6182-95a847b9ea39" testName="Sonda.Persistence.Tests.PersistenceTests.Revision2_deadline_transaction_rollback_and_retry(boundary: AfterEvidence)" computerName="ASUSPROART" duration="00:00:00.1732837" startTime="2026-09-24T00:17:23.0259903-04:00" endTime="2026-09-24T00:17:23.1998913-04:00" testType="13cdc9d9-ddb5-4fa4-a97d-d965ccfc6d4b" outcome="Passed" testListId="8c84fa94-04c1-424b-9868-57a2d4851a1d" relativeResultsDirectory="e6cbce36-4ea8-42ca-b5cf-7ef2f1b1fd6b" />
    <UnitTestResult executionId="29ec1d09-74be-4916-894d-0cd0cbf7d39c" testId="9590abfc-b2d6-d81c-33bf-0042a3e1af71" testName="Sonda.Persistence.Tests.PersistenceTests.Commit_then_process_exit_before_response_retries_without_effects" computerName="ASUSPROART" duration="00:00:04.2474047" startTime="2026-09-24T00:17:56.4909352-04:00" endTime="2026-09-24T00:18:00.7390392-04:00" testType="13cdc9d9-ddb5-4fa4-a97d-d965ccfc6d4b" outcome="Passed" testListId="8c84fa94-04c1-424b-9868-57a2d4851a1d" relativeResultsDirectory="29ec1d09-74be-4916-894d-0cd0cbf7d39c" />
    <UnitTestResult executionId="a5b0da36-5b71-4be9-900c-b0ee3dcd1388" testId="0a83249e-8404-1708-adb4-056d4553679a" testName="Sonda.Persistence.Tests.PersistenceTests.Policy_manual_and_recovery_lock_orders_preserve_resolution_origin(manualFirst: True)" computerName="ASUSPROART" duration="00:00:00.3551978" startTime="2026-09-24T00:17:55.1737180-04:00" endTime="2026-09-24T00:17:55.5296044-04:00" testType="13cdc9d9-ddb5-4fa4-a97d-d965ccfc6d4b" outcome="Passed" testListId="8c84fa94-04c1-424b-9868-57a2d4851a1d" relativeResultsDirectory="a5b0da36-5b71-4be9-900c-b0ee3dcd1388" />
    <UnitTestResult executionId="d95dd3cd-347c-4d7d-a9b5-bba1b44cc554" testId="4f4969b8-c5f4-e3aa-4c9d-417bef6bb113" testName="Sonda.Persistence.Tests.PersistenceTests.Revision2_full_fixture_has_postgres_parity_and_restart_replay(name: &quot;manual-then-success&quot;)" computerName="ASUSPROART" duration="00:00:00.5040886" startTime="2026-09-24T00:17:08.4692770-04:00" endTime="2026-09-24T00:17:08.9737987-04:00" testType="13cdc9d9-ddb5-4fa4-a97d-d965ccfc6d4b" outcome="Passed" testListId="8c84fa94-04c1-424b-9868-57a2d4851a1d" relativeResultsDirectory="d95dd3cd-347c-4d7d-a9b5-bba1b44cc554" />
    <UnitTestResult executionId="eb84a750-85c1-40f4-bf25-202ca1e9b759" testId="4e23ebf5-6350-ab07-57f5-f8de4a30c106" testName="Sonda.Persistence.Tests.PersistenceTests.Reprojection_is_repeatable_and_does_not_insert_facts" computerName="ASUSPROART" duration="00:00:00.4670755" startTime="2026-09-24T00:18:05.0602693-04:00" endTime="2026-09-24T00:18:05.5275160-04:00" testType="13cdc9d9-ddb5-4fa4-a97d-d965ccfc6d4b" outcome="Passed" testListId="8c84fa94-04c1-424b-9868-57a2d4851a1d" relativeResultsDirectory="eb84a750-85c1-40f4-bf25-202ca1e9b759" />
    <UnitTestResult executionId="8381afb0-a020-41a0-910b-c6133d240d2a" testId="239468fb-0e79-30ea-f135-61b2db23931e" testName="Sonda.Persistence.Tests.PersistenceTests.Failure_rolls_back_entire_input(boundary: AfterEvidence)" computerName="ASUSPROART" duration="00:00:00.1656090" startTime="2026-09-24T00:17:28.3676774-04:00" endTime="2026-09-24T00:17:28.5339579-04:00" testType="13cdc9d9-ddb5-4fa4-a97d-d965ccfc6d4b" outcome="Passed" testListId="8c84fa94-04c1-424b-9868-57a2d4851a1d" relativeResultsDirectory="8381afb0-a020-41a0-910b-c6133d240d2a" />
    <UnitTestResult executionId="78e3cdf0-b97d-42b7-952c-941575cf49af" testId="bedef931-6586-92ab-c25f-646c2f88848e" testName="Sonda.Persistence.Tests.PersistenceTests.Policy_command_family_rolls_back_all_effects(kind: AdvanceTime, boundary: AfterFacts)" computerName="ASUSPROART" duration="00:00:00.1975887" startTime="2026-09-24T00:17:20.7599629-04:00" endTime="2026-09-24T00:17:20.9581364-04:00" testType="13cdc9d9-ddb5-4fa4-a97d-d965ccfc6d4b" outcome="Passed" testListId="8c84fa94-04c1-424b-9868-57a2d4851a1d" relativeResultsDirectory="78e3cdf0-b97d-42b7-952c-941575cf49af" />
    <UnitTestResult executionId="ae5b094f-5977-4f1f-837d-3a0093029df3" testId="859462bc-eb77-adc6-4470-028aaab68131" testName="Sonda.Persistence.Tests.PersistenceTests.Duplicate_business_identities_are_rejected_by_postgres(kind: &quot;incident&quot;)" computerName="ASUSPROART" duration="00:00:00.3741361" startTime="2026-09-24T00:17:25.7393286-04:00" endTime="2026-09-24T00:17:26.1140837-04:00" testType="13cdc9d9-ddb5-4fa4-a97d-d965ccfc6d4b" outcome="Passed" testListId="8c84fa94-04c1-424b-9868-57a2d4851a1d" relativeResultsDirectory="ae5b094f-5977-4f1f-837d-3a0093029df3" />
    <UnitTestResult executionId="2538cf9b-36a1-4007-af5a-053e37592180" testId="75f4f80b-4c82-1bd2-d27a-15da817edeb0" testName="Sonda.Persistence.Tests.PersistenceTests.Evidence_and_timer_race_respects_declared_frontier(evidenceFirst: False)" computerName="ASUSPROART" duration="00:00:00.3150866" startTime="2026-09-24T00:17:04.2014460-04:00" endTime="2026-09-24T00:17:04.5159429-04:00" testType="13cdc9d9-ddb5-4fa4-a97d-d965ccfc6d4b" outcome="Passed" testListId="8c84fa94-04c1-424b-9868-57a2d4851a1d" relativeResultsDirectory="2538cf9b-36a1-4007-af5a-053e37592180" />
    <UnitTestResult executionId="01453e3a-42c6-43f4-a3ff-5fb8c6a9bb47" testId="2a655249-22a7-ae25-0806-f73510c84aa7" testName="Sonda.Persistence.Tests.PersistenceTests.Policy_command_family_rolls_back_all_effects(kind: ChangeStatus, boundary: BeforeCommit)" computerName="ASUSPROART" duration="00:00:00.2487337" startTime="2026-09-24T00:17:21.6795014-04:00" endTime="2026-09-24T00:17:21.9286940-04:00" testType="13cdc9d9-ddb5-4fa4-a97d-d965ccfc6d4b" outcome="Passed" testListId="8c84fa94-04c1-424b-9868-57a2d4851a1d" relativeResultsDirectory="01453e3a-42c6-43f4-a3ff-5fb8c6a9bb47" />
    <UnitTestResult executionId="0ec69f24-67b7-414b-bc23-f5571486add0" testId="da1e13e1-5b24-9e3d-38d9-de406508d23d" testName="Sonda.Persistence.Tests.PersistenceTests.Duplicate_business_identities_are_rejected_by_postgres(kind: &quot;cycle&quot;)" computerName="ASUSPROART" duration="00:00:00.5310421" startTime="2026-09-24T00:17:24.1140670-04:00" endTime="2026-09-24T00:17:24.6458558-04:00" testType="13cdc9d9-ddb5-4fa4-a97d-d965ccfc6d4b" outcome="Passed" testListId="8c84fa94-04c1-424b-9868-57a2d4851a1d" relativeResultsDirectory="0ec69f24-67b7-414b-bc23-f5571486add0" />
    <UnitTestResult executionId="92d899f4-9ba6-453f-b7e3-0338ac60cecf" testId="d9625a01-4086-99b2-2621-de6d305c5d1f" testName="Sonda.Persistence.Tests.PersistenceTests.Delivered_phase2_data_upgrades_without_changing_legacy_facts_or_replay(completed: False)" computerName="ASUSPROART" duration="00:00:02.4683709" startTime="2026-09-24T00:17:52.2694701-04:00" endTime="2026-09-24T00:17:54.7384197-04:00" testType="13cdc9d9-ddb5-4fa4-a97d-d965ccfc6d4b" outcome="Passed" testListId="8c84fa94-04c1-424b-9868-57a2d4851a1d" relativeResultsDirectory="92d899f4-9ba6-453f-b7e3-0338ac60cecf" />
    <UnitTestResult executionId="7f09e403-0e44-4e1c-9aef-cfdfdecabcbf" testId="38ed953c-b1c5-6874-a84e-b97fe0233715" testName="Sonda.Persistence.Tests.PersistenceTests.Revision2_persistence_matches_command_engine_and_replays(outside: False)" computerName="ASUSPROART" duration="00:00:00.3353377" startTime="2026-09-24T00:17:44.2907174-04:00" endTime="2026-09-24T00:17:44.6268939-04:00" testType="13cdc9d9-ddb5-4fa4-a97d-d965ccfc6d4b" outcome="Passed" testListId="8c84fa94-04c1-424b-9868-57a2d4851a1d" relativeResultsDirectory="7f09e403-0e44-4e1c-9aef-cfdfdecabcbf" />
    <UnitTestResult executionId="ca47b783-0049-4381-95c6-040362d7ae11" testId="a8869651-9c34-37f4-894b-d71990ed7674" testName="Sonda.Persistence.Tests.PersistenceTests.Blocked_lane_survives_restart_without_fabricated_runs" computerName="ASUSPROART" duration="00:00:00.0666632" startTime="2026-09-24T00:17:44.0001771-04:00" endTime="2026-09-24T00:17:44.0670183-04:00" testType="13cdc9d9-ddb5-4fa4-a97d-d965ccfc6d4b" outcome="Passed" testListId="8c84fa94-04c1-424b-9868-57a2d4851a1d" relativeResultsDirectory="ca47b783-0049-4381-95c6-040362d7ae11" />
    <UnitTestResult executionId="59e0d795-c3c7-42c9-9454-e7f6f9c1eca0" testId="451d8c13-819a-d7b2-7680-f915d8585b86" testName="Sonda.Persistence.Tests.PersistenceTests.Revision2_full_fixture_has_postgres_parity_and_restart_replay(name: &quot;failure-before-missing-end&quot;)" computerName="ASUSPROART" duration="00:00:00.3315311" startTime="2026-09-24T00:17:17.0709478-04:00" endTime="2026-09-24T00:17:17.4030792-04:00" testType="13cdc9d9-ddb5-4fa4-a97d-d965ccfc6d4b" outcome="Passed" testListId="8c84fa94-04c1-424b-9868-57a2d4851a1d" relativeResultsDirectory="59e0d795-c3c7-42c9-9454-e7f6f9c1eca0" />
    <UnitTestResult executionId="e263fa2a-3b73-4ed1-94d8-1b3b3d9f52c0" testId="18ad30c4-90e6-9322-345d-32b24d15cad5" testName="Sonda.Persistence.Tests.PersistenceTests.Committed_interpretation_rows_are_database_immutable(kind: &quot;fact&quot;)" computerName="ASUSPROART" duration="00:00:00.3715881" startTime="2026-09-24T00:17:30.7060666-04:00" endTime="2026-09-24T00:17:31.0782317-04:00" testType="13cdc9d9-ddb5-4fa4-a97d-d965ccfc6d4b" outcome="Passed" testListId="8c84fa94-04c1-424b-9868-57a2d4851a1d" relativeResultsDirectory="e263fa2a-3b73-4ed1-94d8-1b3b3d9f52c0" />
    <UnitTestResult executionId="09163a8a-5c3a-4f50-bfc4-205d4754aef8" testId="bea88ca1-6e97-b352-7225-5e0eab8b6bc5" testName="Sonda.Persistence.Tests.PersistenceTests.Cross_team_parent_cannot_be_inserted" computerName="ASUSPROART" duration="00:00:00.0981570" startTime="2026-09-24T00:18:00.7396258-04:00" endTime="2026-09-24T00:18:00.8378024-04:00" testType="13cdc9d9-ddb5-4fa4-a97d-d965ccfc6d4b" outcome="Passed" testListId="8c84fa94-04c1-424b-9868-57a2d4851a1d" relativeResultsDirectory="09163a8a-5c3a-4f50-bfc4-205d4754aef8" />
    <UnitTestResult executionId="6b4dde21-3416-4ad2-87cc-753e8cf25eeb" testId="b535425f-ddc5-1cd0-d679-598e84b911f8" testName="Sonda.Persistence.Tests.PersistenceTests.Revision2_database_rejects_invalid_policy_context(kind: &quot;episode&quot;)" computerName="ASUSPROART" duration="00:00:00.0832007" startTime="2026-09-24T00:17:55.0899446-04:00" endTime="2026-09-24T00:17:55.1735548-04:00" testType="13cdc9d9-ddb5-4fa4-a97d-d965ccfc6d4b" outcome="Passed" testListId="8c84fa94-04c1-424b-9868-57a2d4851a1d" relativeResultsDirectory="6b4dde21-3416-4ad2-87cc-753e8cf25eeb" />
    <UnitTestResult executionId="2423664c-8269-4059-97b6-c538e189543e" testId="c769dc20-310b-1761-65dc-19c591a2b475" testName="Sonda.Persistence.Tests.PersistenceTests.Revision2_full_fixture_has_postgres_parity_and_restart_replay(name: &quot;availability&quot;)" computerName="ASUSPROART" duration="00:00:00.3208065" startTime="2026-09-24T00:17:12.0860789-04:00" endTime="2026-09-24T00:17:12.4073150-04:00" testType="13cdc9d9-ddb5-4fa4-a97d-d965ccfc6d4b" outcome="Passed" testListId="8c84fa94-04c1-424b-9868-57a2d4851a1d" relativeResultsDirectory="2423664c-8269-4059-97b6-c538e189543e" />
    <UnitTestResult executionId="e22cd1f6-93ee-4bcc-854b-e16854a7cc1d" testId="16a29a49-6230-ecd8-f52c-a43ef5885686" testName="Sonda.Persistence.Tests.PersistenceTests.Revision2_full_fixture_has_postgres_parity_and_restart_replay(name: &quot;incompatible-transition&quot;)" computerName="ASUSPROART" duration="00:00:00.3639588" startTime="2026-09-24T00:17:17.9582091-04:00" endTime="2026-09-24T00:17:18.3226912-04:00" testType="13cdc9d9-ddb5-4fa4-a97d-d965ccfc6d4b" outcome="Passed" testListId="8c84fa94-04c1-424b-9868-57a2d4851a1d" relativeResultsDirectory="e22cd1f6-93ee-4bcc-854b-e16854a7cc1d" />
    <UnitTestResult executionId="a9dc7d3b-98e9-4ad0-bed3-d766bd3efb5c" testId="ed252449-11b4-a8b9-cdd8-7c606d8651e6" testName="Sonda.Persistence.Tests.PersistenceTests.Activation_and_begin_race_obeys_command_order(activationFirst: True)" computerName="ASUSPROART" duration="00:00:00.1833082" startTime="2026-09-24T00:17:31.2293046-04:00" endTime="2026-09-24T00:17:31.4133286-04:00" testType="13cdc9d9-ddb5-4fa4-a97d-d965ccfc6d4b" outcome="Passed" testListId="8c84fa94-04c1-424b-9868-57a2d4851a1d" relativeResultsDirectory="a9dc7d3b-98e9-4ad0-bed3-d766bd3efb5c" />
    <UnitTestResult executionId="ec94c606-4ea4-4d87-93fd-584dad8ca499" testId="c89e5d17-85a9-2249-7df4-9afae81a67ac" testName="Sonda.Persistence.Tests.PersistenceTests.Delivered_phase2_data_upgrades_without_changing_legacy_facts_or_replay(completed: True)" computerName="ASUSPROART" duration="00:00:02.4644318" startTime="2026-09-24T00:17:49.8042486-04:00" endTime="2026-09-24T00:17:52.2692949-04:00" testType="13cdc9d9-ddb5-4fa4-a97d-d965ccfc6d4b" outcome="Passed" testListId="8c84fa94-04c1-424b-9868-57a2d4851a1d" relativeResultsDirectory="ec94c606-4ea4-4d87-93fd-584dad8ca499" />
    <UnitTestResult executionId="8621a4ef-291e-4ef2-9172-dd038960e919" testId="94c63ec3-4b39-fb8f-4387-06d85fec4c12" testName="Sonda.Persistence.Tests.PersistenceTests.Policy_commit_then_process_exit_retries_without_new_effects(kind: AdvanceTime)" computerName="ASUSPROART" duration="00:00:03.8617561" startTime="2026-09-24T00:17:40.1376717-04:00" endTime="2026-09-24T00:17:43.9996422-04:00" testType="13cdc9d9-ddb5-4fa4-a97d-d965ccfc6d4b" outcome="Passed" testListId="8c84fa94-04c1-424b-9868-57a2d4851a1d" relativeResultsDirectory="8621a4ef-291e-4ef2-9172-dd038960e919" />
    <UnitTestResult executionId="1d638337-92d7-43ca-987d-7f5387fca897" testId="a318a59b-4923-4185-3322-79006c8cf516" testName="Sonda.Persistence.Tests.PersistenceTests.Revision2_full_fixture_has_postgres_parity_and_restart_replay(name: &quot;timing-disabled&quot;)" computerName="ASUSPROART" duration="00:00:00.2078626" startTime="2026-09-24T00:17:05.0078110-04:00" endTime="2026-09-24T00:17:05.2160710-04:00" testType="13cdc9d9-ddb5-4fa4-a97d-d965ccfc6d4b" outcome="Passed" testListId="8c84fa94-04c1-424b-9868-57a2d4851a1d" relativeResultsDirectory="1d638337-92d7-43ca-987d-7f5387fca897" />
    <UnitTestResult executionId="186d752a-4f0d-4ff4-9240-a9c02df355d0" testId="c1092a9c-ade1-145c-33cd-076c48bd12cb" testName="Sonda.Persistence.Tests.PersistenceTests.Committed_interpretation_rows_are_database_immutable(kind: &quot;pattern&quot;)" computerName="ASUSPROART" duration="00:00:00.4412157" startTime="2026-09-24T00:17:29.8543558-04:00" endTime="2026-09-24T00:17:30.2962933-04:00" testType="13cdc9d9-ddb5-4fa4-a97d-d965ccfc6d4b" outcome="Passed" testListId="8c84fa94-04c1-424b-9868-57a2d4851a1d" relativeResultsDirectory="186d752a-4f0d-4ff4-9240-a9c02df355d0" />
    <UnitTestResult executionId="2525c378-9c9b-4756-b97e-b3045ea9e9bb" testId="b82887b8-7453-65f9-1f62-5782eaac98fd" testName="Sonda.Persistence.Tests.PersistenceTests.Activation_and_begin_race_obeys_command_order(activationFirst: False)" computerName="ASUSPROART" duration="00:00:00.1500204" startTime="2026-09-24T00:17:31.0784771-04:00" endTime="2026-09-24T00:17:31.2291053-04:00" testType="13cdc9d9-ddb5-4fa4-a97d-d965ccfc6d4b" outcome="Passed" testListId="8c84fa94-04c1-424b-9868-57a2d4851a1d" relativeResultsDirectory="2525c378-9c9b-4756-b97e-b3045ea9e9bb" />
    <UnitTestResult executionId="137b9f2b-6e93-4792-894b-bfa07b2d6d9b" testId="6eb09e0a-9f73-e6b5-c055-d83276132210" testName="Sonda.Persistence.Tests.PersistenceTests.Revision2_full_fixture_has_postgres_parity_and_restart_replay(name: &quot;success-without-end&quot;)" computerName="ASUSPROART" duration="00:00:00.3320099" startTime="2026-09-24T00:17:08.9740601-04:00" endTime="2026-09-24T00:17:09.3063664-04:00" testType="13cdc9d9-ddb5-4fa4-a97d-d965ccfc6d4b" outcome="Passed" testListId="8c84fa94-04c1-424b-9868-57a2d4851a1d" relativeResultsDirectory="137b9f2b-6e93-4792-894b-bfa07b2d6d9b" />
    <UnitTestResult executionId="cd1f7321-85e4-4372-8835-efbdbe71ebe2" testId="fc94b6be-5232-e2d5-8b87-f84e344ab81f" testName="Sonda.Persistence.Tests.PersistenceTests.Revision2_full_fixture_has_postgres_parity_and_restart_replay(name: &quot;boundary-before-timer&quot;)" computerName="ASUSPROART" duration="00:00:00.4906139" startTime="2026-09-24T00:17:04.5165907-04:00" endTime="2026-09-24T00:17:05.0075056-04:00" testType="13cdc9d9-ddb5-4fa4-a97d-d965ccfc6d4b" outcome="Passed" testListId="8c84fa94-04c1-424b-9868-57a2d4851a1d" relativeResultsDirectory="cd1f7321-85e4-4372-8835-efbdbe71ebe2" />
    <UnitTestResult executionId="18df5b1a-289e-4585-bdf7-a8e2c0695173" testId="cd7510d1-1e44-05fb-32be-fb413085bc8a" testName="Sonda.Persistence.Tests.PersistenceTests.Reapplying_migrations_is_noop_and_database_is_postgres18" computerName="ASUSPROART" duration="00:00:00.1177905" startTime="2026-09-24T00:18:06.2739071-04:00" endTime="2026-09-24T00:18:06.3923024-04:00" testType="13cdc9d9-ddb5-4fa4-a97d-d965ccfc6d4b" outcome="Passed" testListId="8c84fa94-04c1-424b-9868-57a2d4851a1d" relativeResultsDirectory="18df5b1a-289e-4585-bdf7-a8e2c0695173" />
    <UnitTestResult executionId="a2ad662c-2b87-464d-8416-506178fefb2c" testId="210e37f6-142f-124c-e218-4d9fd687db75" testName="Sonda.Persistence.Tests.PersistenceTests.Revision2_full_fixture_has_postgres_parity_and_restart_replay(name: &quot;missing-correlation&quot;)" computerName="ASUSPROART" duration="00:00:00.2597500" startTime="2026-09-24T00:17:06.6446513-04:00" endTime="2026-09-24T00:17:06.9042107-04:00" testType="13cdc9d9-ddb5-4fa4-a97d-d965ccfc6d4b" outcome="Passed" testListId="8c84fa94-04c1-424b-9868-57a2d4851a1d" relativeResultsDirectory="a2ad662c-2b87-464d-8416-506178fefb2c" />
    <UnitTestResult executionId="adcf3074-9ad9-46ce-ae1b-bc0fb6448e0a" testId="80dc2436-5c08-3914-0d0c-3c93ba9d7434" testName="Sonda.Persistence.Tests.PersistenceTests.Policy_command_family_rolls_back_all_effects(kind: AdvanceTime, boundary: AfterRuns)" computerName="ASUSPROART" duration="00:00:00.1491192" startTime="2026-09-24T00:17:22.1165068-04:00" endTime="2026-09-24T00:17:22.2669997-04:00" testType="13cdc9d9-ddb5-4fa4-a97d-d965ccfc6d4b" outcome="Passed" testListId="8c84fa94-04c1-424b-9868-57a2d4851a1d" relativeResultsDirectory="adcf3074-9ad9-46ce-ae1b-bc0fb6448e0a" />
    <UnitTestResult executionId="8a60c699-6706-43fa-a8e6-f146a415eae4" testId="48517261-4d02-584e-4ccd-097d9e607a16" testName="Sonda.Persistence.Tests.PersistenceTests.Application_failure_reconstructs_error_without_order_volume" computerName="ASUSPROART" duration="00:00:00.1513825" startTime="2026-09-24T00:17:23.4397632-04:00" endTime="2026-09-24T00:17:23.5916770-04:00" testType="13cdc9d9-ddb5-4fa4-a97d-d965ccfc6d4b" outcome="Passed" testListId="8c84fa94-04c1-424b-9868-57a2d4851a1d" relativeResultsDirectory="8a60c699-6706-43fa-a8e6-f146a415eae4" />
    <UnitTestResult executionId="3279df9a-9612-48a9-a474-eb1bd379742e" testId="a2a05caa-7ec8-8412-ac65-d2738ffb55db" testName="Sonda.Persistence.Tests.PersistenceTests.Revision2_full_fixture_has_postgres_parity_and_restart_replay(name: &quot;deadline-date-0308&quot;)" computerName="ASUSPROART" duration="00:00:00.2776878" startTime="2026-09-24T00:17:11.2453503-04:00" endTime="2026-09-24T00:17:11.5235287-04:00" testType="13cdc9d9-ddb5-4fa4-a97d-d965ccfc6d4b" outcome="Passed" testListId="8c84fa94-04c1-424b-9868-57a2d4851a1d" relativeResultsDirectory="3279df9a-9612-48a9-a474-eb1bd379742e" />
    <UnitTestResult executionId="18df6164-8e12-4440-a975-67c4b3840a09" testId="e20386dd-3a4e-82a9-9b24-8d0fe4819494" testName="Sonda.Persistence.Tests.PersistenceTests.Concurrent_status_edits_preserve_single_history_transition" computerName="ASUSPROART" duration="00:00:00.2944813" startTime="2026-09-24T00:17:55.8379449-04:00" endTime="2026-09-24T00:17:56.1331841-04:00" testType="13cdc9d9-ddb5-4fa4-a97d-d965ccfc6d4b" outcome="Passed" testListId="8c84fa94-04c1-424b-9868-57a2d4851a1d" relativeResultsDirectory="18df6164-8e12-4440-a975-67c4b3840a09" />
    <UnitTestResult executionId="ea56d315-247c-4e46-8e52-743be43e40c3" testId="b0816034-a7c0-1e03-6840-3ce837694558" testName="Sonda.Persistence.Tests.PersistenceTests.Revision2_full_fixture_has_postgres_parity_and_restart_replay(name: &quot;manual-workflow&quot;)" computerName="ASUSPROART" duration="00:00:00.4472866" startTime="2026-09-24T00:17:13.7798194-04:00" endTime="2026-09-24T00:17:14.2272890-04:00" testType="13cdc9d9-ddb5-4fa4-a97d-d965ccfc6d4b" outcome="Passed" testListId="8c84fa94-04c1-424b-9868-57a2d4851a1d" relativeResultsDirectory="ea56d315-247c-4e46-8e52-743be43e40c3" />
    <UnitTestResult executionId="e7db0188-1a20-43a3-bb7d-9f5bcf953756" testId="4de53276-ed90-1875-a75a-59368c460926" testName="Sonda.Persistence.Tests.PersistenceTests.Revision2_full_fixture_has_postgres_parity_and_restart_replay(name: &quot;later-clean-recovery&quot;)" computerName="ASUSPROART" duration="00:00:00.5539197" startTime="2026-09-24T00:17:17.4033667-04:00" endTime="2026-09-24T00:17:17.9578783-04:00" testType="13cdc9d9-ddb5-4fa4-a97d-d965ccfc6d4b" outcome="Passed" testListId="8c84fa94-04c1-424b-9868-57a2d4851a1d" relativeResultsDirectory="e7db0188-1a20-43a3-bb7d-9f5bcf953756" />
    <UnitTestResult executionId="45a4f889-3c7f-49d5-8563-c724483a69eb" testId="de5359cf-2b80-772d-96ec-ac9fea8bfe68" testName="Sonda.Persistence.Tests.PersistenceTests.Duplicate_business_identities_are_rejected_by_postgres(kind: &quot;occurrence&quot;)" computerName="ASUSPROART" duration="00:00:00.5100825" startTime="2026-09-24T00:17:25.2284313-04:00" endTime="2026-09-24T00:17:25.7390755-04:00" testType="13cdc9d9-ddb5-4fa4-a97d-d965ccfc6d4b" outcome="Passed" testListId="8c84fa94-04c1-424b-9868-57a2d4851a1d" relativeResultsDirectory="45a4f889-3c7f-49d5-8563-c724483a69eb" />
    <UnitTestResult executionId="b5fe7156-82af-4c9e-81e0-56e5651fa711" testId="ab931694-100c-6d1b-2d56-66208cdb7c69" testName="Sonda.Persistence.Tests.PersistenceTests.Revision2_full_fixture_has_postgres_parity_and_restart_replay(name: &quot;correlated-overlap&quot;)" computerName="ASUSPROART" duration="00:00:00.6805172" startTime="2026-09-24T00:17:09.7358024-04:00" endTime="2026-09-24T00:17:10.4166651-04:00" testType="13cdc9d9-ddb5-4fa4-a97d-d965ccfc6d4b" outcome="Passed" testListId="8c84fa94-04c1-424b-9868-57a2d4851a1d" relativeResultsDirectory="b5fe7156-82af-4c9e-81e0-56e5651fa711" />
    <UnitTestResult executionId="48c5987e-f30c-4d93-8552-b8c70de86b9e" testId="6e407b17-128d-d436-64df-71c868f843fb" testName="Sonda.Persistence.Tests.PersistenceTests.Policy_command_family_rolls_back_all_effects(kind: ActivateVersion, boundary: AfterRuns)" computerName="ASUSPROART" duration="00:00:00.1882680" startTime="2026-09-24T00:17:20.3766479-04:00" endTime="2026-09-24T00:17:20.5660356-04:00" testType="13cdc9d9-ddb5-4fa4-a97d-d965ccfc6d4b" outcome="Passed" testListId="8c84fa94-04c1-424b-9868-57a2d4851a1d" relativeResultsDirectory="48c5987e-f30c-4d93-8552-b8c70de86b9e" />
    <UnitTestResult executionId="d75fb8a7-08a9-4e36-add8-8d8970ab17e2" testId="a86c66c0-e9b8-b558-7b53-4c2953223e15" testName="Sonda.Persistence.Tests.PersistenceTests.Source_edit_does_not_mutate_published_source_configuration" computerName="ASUSPROART" duration="00:00:00.0920480" startTime="2026-09-24T00:17:44.6272097-04:00" endTime="2026-09-24T00:17:44.7197156-04:00" testType="13cdc9d9-ddb5-4fa4-a97d-d965ccfc6d4b" outcome="Passed" testListId="8c84fa94-04c1-424b-9868-57a2d4851a1d" relativeResultsDirectory="d75fb8a7-08a9-4e36-add8-8d8970ab17e2" />
    <UnitTestResult executionId="cc823161-f2a5-4854-809e-9fe58a87d53b" testId="9a82b842-340f-5bc6-2ae7-bf7ceb13529f" testName="Sonda.Persistence.Tests.PersistenceTests.Revision2_full_fixture_has_postgres_parity_and_restart_replay(name: &quot;order-fallback&quot;)" computerName="ASUSPROART" duration="00:00:00.4237405" startTime="2026-09-24T00:17:07.2231869-04:00" endTime="2026-09-24T00:17:07.6478485-04:00" testType="13cdc9d9-ddb5-4fa4-a97d-d965ccfc6d4b" outcome="Passed" testListId="8c84fa94-04c1-424b-9868-57a2d4851a1d" relativeResultsDirectory="cc823161-f2a5-4854-809e-9fe58a87d53b" />
    <UnitTestResult executionId="e2f6d2cd-a40c-4766-8f92-40a02879a2f3" testId="34bb131c-019c-6038-cc4c-e0ab1ce697e0" testName="Sonda.Persistence.Tests.PersistenceTests.Revision2_persistence_matches_command_engine_and_replays(outside: True)" computerName="ASUSPROART" duration="00:00:00.2227725" startTime="2026-09-24T00:17:44.0672285-04:00" endTime="2026-09-24T00:17:44.2904948-04:00" testType="13cdc9d9-ddb5-4fa4-a97d-d965ccfc6d4b" outcome="Passed" testListId="8c84fa94-04c1-424b-9868-57a2d4851a1d" relativeResultsDirectory="e2f6d2cd-a40c-4766-8f92-40a02879a2f3" />
    <UnitTestResult executionId="da1cc45f-eda0-482a-85e0-9cf224aa4864" testId="aea9da64-bc16-89b7-4b9c-978d9678bcaa" testName="Sonda.Persistence.Tests.PersistenceTests.Committed_interpretation_rows_are_database_immutable(kind: &quot;version&quot;)" computerName="ASUSPROART" duration="00:00:00.4086078" startTime="2026-09-24T00:17:30.2965239-04:00" endTime="2026-09-24T00:17:30.7058192-04:00" testType="13cdc9d9-ddb5-4fa4-a97d-d965ccfc6d4b" outcome="Passed" testListId="8c84fa94-04c1-424b-9868-57a2d4851a1d" relativeResultsDirectory="da1cc45f-eda0-482a-85e0-9cf224aa4864" />
    <UnitTestResult executionId="3959ae7c-9d2a-415a-9881-63e6dc64bcc5" testId="b64e2544-1be6-76c2-8049-24b7b3960fc2" testName="Sonda.Persistence.Tests.PersistenceTests.Revision2_full_fixture_has_postgres_parity_and_restart_replay(name: &quot;open-out-of-order&quot;)" computerName="ASUSPROART" duration="00:00:00.2101386" startTime="2026-09-24T00:17:18.8650558-04:00" endTime="2026-09-24T00:17:19.0753519-04:00" testType="13cdc9d9-ddb5-4fa4-a97d-d965ccfc6d4b" outcome="Passed" testListId="8c84fa94-04c1-424b-9868-57a2d4851a1d" relativeResultsDirectory="3959ae7c-9d2a-415a-9881-63e6dc64bcc5" />
    <UnitTestResult executionId="3af9008b-0fb5-4823-b8c2-a58038bdc1e2" testId="5a0d9f45-1ee1-ec1a-478f-0d7dfc989ca6" testName="Sonda.Persistence.Tests.PersistenceTests.Policy_command_family_rolls_back_all_effects(kind: ActivateVersion, boundary: AfterFacts)" computerName="ASUSPROART" duration="00:00:00.1996253" startTime="2026-09-24T00:17:20.9583646-04:00" endTime="2026-09-24T00:17:21.1586128-04:00" testType="13cdc9d9-ddb5-4fa4-a97d-d965ccfc6d4b" outcome="Passed" testListId="8c84fa94-04c1-424b-9868-57a2d4851a1d" relativeResultsDirectory="3af9008b-0fb5-4823-b8c2-a58038bdc1e2" />
    <UnitTestResult executionId="83d84937-3074-4cfb-8cce-9cfdc1e2e4ab" testId="a058bd9e-c860-8284-96bd-17d73d345856" testName="Sonda.Persistence.Tests.PersistenceTests.Policy_command_family_rolls_back_all_effects(kind: ChangeStatus, boundary: AfterRuns)" computerName="ASUSPROART" duration="00:00:00.2552801" startTime="2026-09-24T00:17:21.4233262-04:00" endTime="2026-09-24T00:17:21.6792470-04:00" testType="13cdc9d9-ddb5-4fa4-a97d-d965ccfc6d4b" outcome="Passed" testListId="8c84fa94-04c1-424b-9868-57a2d4851a1d" relativeResultsDirectory="83d84937-3074-4cfb-8cce-9cfdc1e2e4ab" />
    <UnitTestResult executionId="4343a463-891d-4516-8827-23c3c578d61a" testId="ba1ae292-7fbd-085d-6945-c7fbba1c1b38" testName="Sonda.Persistence.Tests.PersistenceTests.Versions_activate_only_at_temporary_safe_boundary_and_keep_history" computerName="ASUSPROART" duration="00:00:00.4754414" startTime="2026-09-24T00:18:01.0916071-04:00" endTime="2026-09-24T00:18:01.5676789-04:00" testType="13cdc9d9-ddb5-4fa4-a97d-d965ccfc6d4b" outcome="Passed" testListId="8c84fa94-04c1-424b-9868-57a2d4851a1d" relativeResultsDirectory="4343a463-891d-4516-8827-23c3c578d61a" />
    <UnitTestResult executionId="ed6577fc-a720-4dba-8c44-837cc8fc3f2f" testId="4fa9730a-f3e8-9cff-b512-b12ac401663d" testName="Sonda.Persistence.Tests.PersistenceTests.Committed_interpretation_rows_are_database_immutable(kind: &quot;rule&quot;)" computerName="ASUSPROART" duration="00:00:00.4539809" startTime="2026-09-24T00:17:29.3982576-04:00" endTime="2026-09-24T00:17:29.8539590-04:00" testType="13cdc9d9-ddb5-4fa4-a97d-d965ccfc6d4b" outcome="Passed" testListId="8c84fa94-04c1-424b-9868-57a2d4851a1d" relativeResultsDirectory="ed6577fc-a720-4dba-8c44-837cc8fc3f2f" />
    <UnitTestResult executionId="1b7f36f8-3bc8-4e8f-9fc9-d089db2e4a53" testId="5262f7e4-e3d4-317e-93c9-46bdc7ae7af7" testName="Sonda.Persistence.Tests.PersistenceTests.Policy_command_family_rolls_back_all_effects(kind: AdvanceTime, boundary: BeforeCommit)" computerName="ASUSPROART" duration="00:00:00.1830096" startTime="2026-09-24T00:17:22.4760225-04:00" endTime="2026-09-24T00:17:22.6596818-04:00" testType="13cdc9d9-ddb5-4fa4-a97d-d965ccfc6d4b" outcome="Passed" testListId="8c84fa94-04c1-424b-9868-57a2d4851a1d" relativeResultsDirectory="1b7f36f8-3bc8-4e8f-9fc9-d089db2e4a53" />
    <UnitTestResult executionId="fa58d9fb-a816-4c42-a662-e1f6a89667a9" testId="ad35c166-7cbf-b94f-b1a8-fd14680c24b8" testName="Sonda.Persistence.Tests.PersistenceTests.Failure_rolls_back_entire_input(boundary: AfterRuns)" computerName="ASUSPROART" duration="00:00:00.1792722" startTime="2026-09-24T00:17:28.1878766-04:00" endTime="2026-09-24T00:17:28.3674772-04:00" testType="13cdc9d9-ddb5-4fa4-a97d-d965ccfc6d4b" outcome="Passed" testListId="8c84fa94-04c1-424b-9868-57a2d4851a1d" relativeResultsDirectory="fa58d9fb-a816-4c42-a662-e1f6a89667a9" />
    <UnitTestResult executionId="ac5b9db4-ca79-455d-abdb-60b231466f9b" testId="a3444a78-a7a1-e99a-6692-f6695463cd1d" testName="Sonda.Persistence.Tests.PersistenceTests.Revision2_full_fixture_has_postgres_parity_and_restart_replay(name: &quot;required-sources&quot;)" computerName="ASUSPROART" duration="00:00:00.2734833" startTime="2026-09-24T00:17:14.5036831-04:00" endTime="2026-09-24T00:17:14.7776948-04:00" testType="13cdc9d9-ddb5-4fa4-a97d-d965ccfc6d4b" outcome="Passed" testListId="8c84fa94-04c1-424b-9868-57a2d4851a1d" relativeResultsDirectory="ac5b9db4-ca79-455d-abdb-60b231466f9b" />
    <UnitTestResult executionId="acc944fd-b682-414c-97fa-e5f04ea91038" testId="4639f4c2-ca02-0d5e-c18a-69bc97d78867" testName="Sonda.Persistence.Tests.PersistenceTests.Policy_manual_and_recovery_lock_orders_preserve_resolution_origin(manualFirst: False)" computerName="ASUSPROART" duration="00:00:00.2416013" startTime="2026-09-24T00:17:55.5297358-04:00" endTime="2026-09-24T00:17:55.7717832-04:00" testType="13cdc9d9-ddb5-4fa4-a97d-d965ccfc6d4b" outcome="Passed" testListId="8c84fa94-04c1-424b-9868-57a2d4851a1d" relativeResultsDirectory="acc944fd-b682-414c-97fa-e5f04ea91038" />
    <UnitTestResult executionId="421c79ca-071a-4076-b91f-512f877ff444" testId="ea9c0639-b5c3-7094-3ef9-2ec5c98fb5fd" testName="Sonda.Persistence.Tests.PersistenceTests.Policy_actual_commit_rejection_is_atomic_and_retryable(kind: ChangeStatus)" computerName="ASUSPROART" duration="00:00:00.2507073" startTime="2026-09-24T00:17:32.1627586-04:00" endTime="2026-09-24T00:17:32.4141437-04:00" testType="13cdc9d9-ddb5-4fa4-a97d-d965ccfc6d4b" outcome="Passed" testListId="8c84fa94-04c1-424b-9868-57a2d4851a1d" relativeResultsDirectory="421c79ca-071a-4076-b91f-512f877ff444" />
    <UnitTestResult executionId="72d55228-6ee8-4823-8c31-e2ead428d721" testId="b21b01f2-e40c-2c9e-4558-dd91c8fa218e" testName="Sonda.Persistence.Tests.PersistenceTests.Revision2_full_fixture_has_postgres_parity_and_restart_replay(name: &quot;application-duration&quot;)" computerName="ASUSPROART" duration="00:00:00.2640613" startTime="2026-09-24T00:17:12.4075842-04:00" endTime="2026-09-24T00:17:12.6722364-04:00" testType="13cdc9d9-ddb5-4fa4-a97d-d965ccfc6d4b" outcome="Passed" testListId="8c84fa94-04c1-424b-9868-57a2d4851a1d" relativeResultsDirectory="72d55228-6ee8-4823-8c31-e2ead428d721" />
    <UnitTestResult executionId="922ea7c9-44ea-41f4-a280-84539a88a429" testId="5f748a5e-c8ea-9124-bc01-1a08e397962a" testName="Sonda.Persistence.Tests.PersistenceTests.Policy_command_family_rolls_back_all_effects(kind: ChangeStatus, boundary: AfterFacts)" computerName="ASUSPROART" duration="00:00:00.2637935" startTime="2026-09-24T00:17:21.1588366-04:00" endTime="2026-09-24T00:17:21.4231061-04:00" testType="13cdc9d9-ddb5-4fa4-a97d-d965ccfc6d4b" outcome="Passed" testListId="8c84fa94-04c1-424b-9868-57a2d4851a1d" relativeResultsDirectory="922ea7c9-44ea-41f4-a280-84539a88a429" />
    <UnitTestResult executionId="69d63d5c-b6d0-4618-a8ea-0b54d9356e9d" testId="9625e969-7e8a-141c-280a-c3ba7dafc1cb" testName="Sonda.Persistence.Tests.PersistenceTests.Revision2_full_fixture_has_postgres_parity_and_restart_replay(name: &quot;success-with-diagnostic&quot;)" computerName="ASUSPROART" duration="00:00:00.2984895" startTime="2026-09-24T00:17:06.3442804-04:00" endTime="2026-09-24T00:17:06.6441219-04:00" testType="13cdc9d9-ddb5-4fa4-a97d-d965ccfc6d4b" outcome="Passed" testListId="8c84fa94-04c1-424b-9868-57a2d4851a1d" relativeResultsDirectory="69d63d5c-b6d0-4618-a8ea-0b54d9356e9d" />
    <UnitTestResult executionId="d13ae9e9-50e5-413e-b7e2-040857bb57fb" testId="7cd7bdf7-e8b2-0b39-91a5-8216d61771c0" testName="Sonda.Persistence.Tests.PersistenceTests.Revision2_full_fixture_has_postgres_parity_and_restart_replay(name: &quot;serial-new-begin&quot;)" computerName="ASUSPROART" duration="00:00:00.4646452" startTime="2026-09-24T00:17:08.0040424-04:00" endTime="2026-09-24T00:17:08.4689359-04:00" testType="13cdc9d9-ddb5-4fa4-a97d-d965ccfc6d4b" outcome="Passed" testListId="8c84fa94-04c1-424b-9868-57a2d4851a1d" relativeResultsDirectory="d13ae9e9-50e5-413e-b7e2-040857bb57fb" />
    <UnitTestResult executionId="b3d9d9b5-c7c4-4c08-a593-c5487f54b10a" testId="fe69ee47-05e0-97d2-2498-7fc6d1d6fcc2" testName="Sonda.Persistence.Tests.PersistenceTests.Revision2_full_fixture_has_postgres_parity_and_restart_replay(name: &quot;manual-only-recovery&quot;)" computerName="ASUSPROART" duration="00:00:00.4432967" startTime="2026-09-24T00:17:05.8999163-04:00" endTime="2026-09-24T00:17:06.3438637-04:00" testType="13cdc9d9-ddb5-4fa4-a97d-d965ccfc6d4b" outcome="Passed" testListId="8c84fa94-04c1-424b-9868-57a2d4851a1d" relativeResultsDirectory="b3d9d9b5-c7c4-4c08-a593-c5487f54b10a" />
    <UnitTestResult executionId="f078946e-49a0-4a9a-aeba-e04897aec944" testId="6cb353b5-875f-3710-7e85-c3b4469fdb0d" testName="Sonda.Persistence.Tests.PersistenceTests.Policy_dump_restore_preserves_pinned_versions_deadlines_and_manual_confirmation" computerName="ASUSPROART" duration="00:00:04.5803351" startTime="2026-09-24T00:17:44.7199569-04:00" endTime="2026-09-24T00:17:49.3006818-04:00" testType="13cdc9d9-ddb5-4fa4-a97d-d965ccfc6d4b" outcome="Passed" testListId="8c84fa94-04c1-424b-9868-57a2d4851a1d" relativeResultsDirectory="f078946e-49a0-4a9a-aeba-e04897aec944" />
    <UnitTestResult executionId="b31a863f-ba67-4fae-876b-f9d3b7fb78fa" testId="5529ca79-9d7f-34d7-86fe-b952f60e5762" testName="Sonda.Persistence.Tests.PersistenceTests.Revision2_full_fixture_has_postgres_parity_and_restart_replay(name: &quot;deadline-date-1101&quot;)" computerName="ASUSPROART" duration="00:00:00.2982981" startTime="2026-09-24T00:17:14.7780300-04:00" endTime="2026-09-24T00:17:15.0770210-04:00" testType="13cdc9d9-ddb5-4fa4-a97d-d965ccfc6d4b" outcome="Passed" testListId="8c84fa94-04c1-424b-9868-57a2d4851a1d" relativeResultsDirectory="b31a863f-ba67-4fae-876b-f9d3b7fb78fa" />
    <UnitTestResult executionId="48d537aa-f053-4ac2-a7f2-68de8fe5c76a" testId="3df72a06-65bf-6b11-34c3-2416a3d62f1b" testName="Sonda.Persistence.Tests.PersistenceTests.Policy_command_family_rolls_back_all_effects(kind: ChangeStatus, boundary: AfterEvidence)" computerName="ASUSPROART" duration="00:00:00.2080461" startTime="2026-09-24T00:17:22.2672799-04:00" endTime="2026-09-24T00:17:22.4757778-04:00" testType="13cdc9d9-ddb5-4fa4-a97d-d965ccfc6d4b" outcome="Passed" testListId="8c84fa94-04c1-424b-9868-57a2d4851a1d" relativeResultsDirectory="48d537aa-f053-4ac2-a7f2-68de8fe5c76a" />
    <UnitTestResult executionId="233ebdf2-1c62-4b00-8293-5123741c4cc1" testId="abbdc933-f23f-7c34-2443-87b22dc8436c" testName="Sonda.Persistence.Tests.PersistenceTests.Revision2_deadline_transaction_rollback_and_retry(boundary: AfterRuns)" computerName="ASUSPROART" duration="00:00:00.1714427" startTime="2026-09-24T00:17:22.6599478-04:00" endTime="2026-09-24T00:17:22.8320131-04:00" testType="13cdc9d9-ddb5-4fa4-a97d-d965ccfc6d4b" outcome="Passed" testListId="8c84fa94-04c1-424b-9868-57a2d4851a1d" relativeResultsDirectory="233ebdf2-1c62-4b00-8293-5123741c4cc1" />
    <UnitTestResult executionId="cbfa6824-0e11-42b8-ac71-3f9e7f31b5fa" testId="4f63b330-5697-6fe2-d417-346b3f2beeef" testName="Sonda.Persistence.Tests.PersistenceTests.Revision2_full_fixture_has_postgres_parity_and_restart_replay(name: &quot;serial-begin-rejected&quot;)" computerName="ASUSPROART" duration="00:00:00.1925695" startTime="2026-09-24T00:17:11.8927510-04:00" endTime="2026-09-24T00:17:12.0857918-04:00" testType="13cdc9d9-ddb5-4fa4-a97d-d965ccfc6d4b" outcome="Passed" testListId="8c84fa94-04c1-424b-9868-57a2d4851a1d" relativeResultsDirectory="cbfa6824-0e11-42b8-ac71-3f9e7f31b5fa" />
    <UnitTestResult executionId="adaefb65-a84c-4c7d-a9d0-356d43e38a02" testId="e2b75f51-7366-a17e-a2a9-189b986c4141" testName="Sonda.Persistence.Tests.PersistenceTests.Policy_command_family_rolls_back_all_effects(kind: ActivateVersion, boundary: BeforeCommit)" computerName="ASUSPROART" duration="00:00:00.1927143" startTime="2026-09-24T00:17:20.5665271-04:00" endTime="2026-09-24T00:17:20.7597433-04:00" testType="13cdc9d9-ddb5-4fa4-a97d-d965ccfc6d4b" outcome="Passed" testListId="8c84fa94-04c1-424b-9868-57a2d4851a1d" relativeResultsDirectory="adaefb65-a84c-4c7d-a9d0-356d43e38a02" />
    <UnitTestResult executionId="0c98f3e7-ed26-44f0-80cb-9700606e5959" testId="95fdaa72-fbc9-1cb3-6119-1c3ce88e1846" testName="Sonda.Persistence.Tests.PersistenceTests.Policy_commit_then_process_exit_retries_without_new_effects(kind: ChangeStatus)" computerName="ASUSPROART" duration="00:00:03.8189650" startTime="2026-09-24T00:17:36.3180174-04:00" endTime="2026-09-24T00:17:40.1370730-04:00" testType="13cdc9d9-ddb5-4fa4-a97d-d965ccfc6d4b" outcome="Passed" testListId="8c84fa94-04c1-424b-9868-57a2d4851a1d" relativeResultsDirectory="0c98f3e7-ed26-44f0-80cb-9700606e5959" />
    <UnitTestResult executionId="d81bdb76-d85a-4cb2-9457-05041618dd3c" testId="52d43839-62a3-9f15-3eca-a9167532df61" testName="Sonda.Persistence.Tests.PersistenceTests.Revision2_full_fixture_has_postgres_parity_and_restart_replay(name: &quot;clock-and-date&quot;)" computerName="ASUSPROART" duration="00:00:00.3516604" startTime="2026-09-24T00:17:15.0774011-04:00" endTime="2026-09-24T00:17:15.4297004-04:00" testType="13cdc9d9-ddb5-4fa4-a97d-d965ccfc6d4b" outcome="Passed" testListId="8c84fa94-04c1-424b-9868-57a2d4851a1d" relativeResultsDirectory="d81bdb76-d85a-4cb2-9457-05041618dd3c" />
    <UnitTestResult executionId="dac113d9-7fd1-450d-b0b3-44a9733c8068" testId="fcdf844b-6108-c70c-96eb-bb9d0da53bea" testName="Sonda.Persistence.Tests.PersistenceTests.Revision2_full_fixture_has_postgres_parity_and_restart_replay(name: &quot;same-cycle-retry&quot;)" computerName="ASUSPROART" duration="00:00:00.5246064" startTime="2026-09-24T00:17:10.4170311-04:00" endTime="2026-09-24T00:17:10.9418570-04:00" testType="13cdc9d9-ddb5-4fa4-a97d-d965ccfc6d4b" outcome="Passed" testListId="8c84fa94-04c1-424b-9868-57a2d4851a1d" relativeResultsDirectory="dac113d9-7fd1-450d-b0b3-44a9733c8068" />
    <UnitTestResult executionId="902fbd8c-aff1-437a-bfd8-2d21bc8287ae" testId="7ba74fd9-657a-cc9e-a7a0-b36377684f88" testName="Sonda.Persistence.Tests.PersistenceTests.Revision2_full_fixture_has_postgres_parity_and_restart_replay(name: &quot;deadline-date-0923&quot;)" computerName="ASUSPROART" duration="00:00:00.3178560" startTime="2026-09-24T00:17:06.9045141-04:00" endTime="2026-09-24T00:17:07.2228006-04:00" testType="13cdc9d9-ddb5-4fa4-a97d-d965ccfc6d4b" outcome="Passed" testListId="8c84fa94-04c1-424b-9868-57a2d4851a1d" relativeResultsDirectory="902fbd8c-aff1-437a-bfd8-2d21bc8287ae" />
    <UnitTestResult executionId="1f709bf3-02f3-44f9-b24d-ce37b0eb3536" testId="c4f3a9d9-32d7-c37d-3fa3-560895504427" testName="Sonda.Persistence.Tests.PersistenceTests.Legacy_lane_drains_then_uses_revision2_without_rewriting_old_receipts" computerName="ASUSPROART" duration="00:00:00.3938761" startTime="2026-09-24T00:17:31.4136096-04:00" endTime="2026-09-24T00:17:31.8078837-04:00" testType="13cdc9d9-ddb5-4fa4-a97d-d965ccfc6d4b" outcome="Passed" testListId="8c84fa94-04c1-424b-9868-57a2d4851a1d" relativeResultsDirectory="1f709bf3-02f3-44f9-b24d-ce37b0eb3536" />
    <UnitTestResult executionId="cc4b0947-4836-46ec-b96d-2d02f27aba9f" testId="f8c99b21-b68d-074e-caee-2ecc8cbb7e5c" testName="Sonda.Persistence.Tests.PersistenceTests.Restart_preserves_allocation_order_across_four_digit_boundary" computerName="ASUSPROART" duration="00:00:00.3569818" startTime="2026-09-24T00:17:56.1334685-04:00" endTime="2026-09-24T00:17:56.4907868-04:00" testType="13cdc9d9-ddb5-4fa4-a97d-d965ccfc6d4b" outcome="Passed" testListId="8c84fa94-04c1-424b-9868-57a2d4851a1d" relativeResultsDirectory="cc4b0947-4836-46ec-b96d-2d02f27aba9f" />
    <UnitTestResult executionId="7472125a-8d10-4745-a0ab-299916b4b177" testId="a29ada52-c157-26f9-8de4-2b4092a0352a" testName="Sonda.Persistence.Tests.PersistenceTests.Revision2_full_fixture_has_postgres_parity_and_restart_replay(name: &quot;failure-and-ignore&quot;)" computerName="ASUSPROART" duration="00:00:00.4107661" startTime="2026-09-24T00:17:13.3680568-04:00" endTime="2026-09-24T00:17:13.7793183-04:00" testType="13cdc9d9-ddb5-4fa4-a97d-d965ccfc6d4b" outcome="Passed" testListId="8c84fa94-04c1-424b-9868-57a2d4851a1d" relativeResultsDirectory="7472125a-8d10-4745-a0ab-299916b4b177" />
    <UnitTestResult executionId="6c05f7ec-2623-4d31-a9b0-0ee6b166bae8" testId="99e8ce7e-e2e4-c692-36cc-e895eb464745" testName="Sonda.Persistence.Tests.PersistenceTests.Revision2_deadline_transaction_rollback_and_retry(boundary: BeforeCommit)" computerName="ASUSPROART" duration="00:00:00.1928052" startTime="2026-09-24T00:17:22.8323054-04:00" endTime="2026-09-24T00:17:23.0257583-04:00" testType="13cdc9d9-ddb5-4fa4-a97d-d965ccfc6d4b" outcome="Passed" testListId="8c84fa94-04c1-424b-9868-57a2d4851a1d" relativeResultsDirectory="6c05f7ec-2623-4d31-a9b0-0ee6b166bae8" />
    <UnitTestResult executionId="b66f3a34-9022-4b4e-bfe9-5a224b658c5a" testId="05c68ec1-7703-91ca-d169-d0dc7346097c" testName="Sonda.Persistence.Tests.PersistenceTests.Revision2_full_fixture_has_postgres_parity_and_restart_replay(name: &quot;closed-correlation-reuse&quot;)" computerName="ASUSPROART" duration="00:00:00.2892290" startTime="2026-09-24T00:17:19.0756410-04:00" endTime="2026-09-24T00:17:19.3657672-04:00" testType="13cdc9d9-ddb5-4fa4-a97d-d965ccfc6d4b" outcome="Passed" testListId="8c84fa94-04c1-424b-9868-57a2d4851a1d" relativeResultsDirectory="b66f3a34-9022-4b4e-bfe9-5a224b658c5a" />
    <UnitTestResult executionId="d5215674-a30d-43c7-843a-5133ea6ed3af" testId="9f7fbc34-8117-3e35-21e4-64465b251d02" testName="Sonda.Persistence.Tests.PersistenceTests.Policy_actual_commit_rejection_is_atomic_and_retryable(kind: AdvanceTime)" computerName="ASUSPROART" duration="00:00:00.1812315" startTime="2026-09-24T00:17:31.9808573-04:00" endTime="2026-09-24T00:17:32.1625218-04:00" testType="13cdc9d9-ddb5-4fa4-a97d-d965ccfc6d4b" outcome="Passed" testListId="8c84fa94-04c1-424b-9868-57a2d4851a1d" relativeResultsDirectory="d5215674-a30d-43c7-843a-5133ea6ed3af" />
    <UnitTestResult executionId="0a95595d-83ad-4f98-b18e-d96f5dacb03d" testId="59c337aa-cd2e-3909-0e58-bcdbeb84b94b" testName="Sonda.Persistence.Tests.PersistenceTests.Identical_identifiers_in_two_profiles_remain_independent" computerName="ASUSPROART" duration="00:00:03.8299344" startTime="2026-09-24T00:16:59.8055723-04:00" endTime="2026-09-24T00:17:03.6108109-04:00" testType="13cdc9d9-ddb5-4fa4-a97d-d965ccfc6d4b" outcome="Passed" testListId="8c84fa94-04c1-424b-9868-57a2d4851a1d" relativeResultsDirectory="0a95595d-83ad-4f98-b18e-d96f5dacb03d" />
    <UnitTestResult executionId="f8bd877d-63a8-4d31-a8e6-2e44760a5389" testId="838d6bcb-a949-8949-3e2b-ad39a744b946" testName="Sonda.Persistence.Tests.PersistenceTests.Dump_restore_preserves_open_state_receipts_and_recovery" computerName="ASUSPROART" duration="00:00:03.4912905" startTime="2026-09-24T00:18:01.5678413-04:00" endTime="2026-09-24T00:18:05.0597498-04:00" testType="13cdc9d9-ddb5-4fa4-a97d-d965ccfc6d4b" outcome="Passed" testListId="8c84fa94-04c1-424b-9868-57a2d4851a1d" relativeResultsDirectory="f8bd877d-63a8-4d31-a8e6-2e44760a5389" />
    <UnitTestResult executionId="0122d88d-4c47-4f36-8115-7e7319b8116f" testId="316a8b33-9cdd-3c02-a71d-bf2ac4d2518e" testName="Sonda.Persistence.Tests.PersistenceTests.Policy_commit_then_process_exit_retries_without_new_effects(kind: ActivateVersion)" computerName="ASUSPROART" duration="00:00:03.7795373" startTime="2026-09-24T00:17:32.5373998-04:00" endTime="2026-09-24T00:17:36.3174927-04:00" testType="13cdc9d9-ddb5-4fa4-a97d-d965ccfc6d4b" outcome="Passed" testListId="8c84fa94-04c1-424b-9868-57a2d4851a1d" relativeResultsDirectory="0122d88d-4c47-4f36-8115-7e7319b8116f" />
    <UnitTestResult executionId="3a4a6632-fc90-46b9-b025-1af15aa69010" testId="29af6334-f897-750c-ea24-06467ad5ece2" testName="Sonda.Persistence.Tests.PersistenceTests.Policy_command_family_rolls_back_all_effects(kind: ActivateVersion, boundary: AfterEvidence)" computerName="ASUSPROART" duration="00:00:00.1864370" startTime="2026-09-24T00:17:21.9289028-04:00" endTime="2026-09-24T00:17:22.1162003-04:00" testType="13cdc9d9-ddb5-4fa4-a97d-d965ccfc6d4b" outcome="Passed" testListId="8c84fa94-04c1-424b-9868-57a2d4851a1d" relativeResultsDirectory="3a4a6632-fc90-46b9-b025-1af15aa69010" />
    <UnitTestResult executionId="66e26e2a-5f8b-4066-bd8e-7cc80a929fd2" testId="4692f52e-3ebf-c6d3-1c0d-1aac956e5e2d" testName="Sonda.Persistence.Tests.PersistenceTests.Database_commit_rejection_rolls_back_and_retry_succeeds" computerName="ASUSPROART" duration="00:00:00.1218251" startTime="2026-09-24T00:17:32.4144352-04:00" endTime="2026-09-24T00:17:32.5370527-04:00" testType="13cdc9d9-ddb5-4fa4-a97d-d965ccfc6d4b" outcome="Passed" testListId="8c84fa94-04c1-424b-9868-57a2d4851a1d" relativeResultsDirectory="66e26e2a-5f8b-4066-bd8e-7cc80a929fd2" />
    <UnitTestResult executionId="7d12d754-1119-4ecc-98bb-e6e2f87da0d4" testId="795db673-2152-9e5b-06fe-1c88a7d5e0c2" testName="Sonda.Persistence.Tests.PersistenceTests.Policy_duplicate_and_competing_workflow_commands_are_serialized" computerName="ASUSPROART" duration="00:00:00.2522833" startTime="2026-09-24T00:18:00.8379541-04:00" endTime="2026-09-24T00:18:01.0912936-04:00" testType="13cdc9d9-ddb5-4fa4-a97d-d965ccfc6d4b" outcome="Passed" testListId="8c84fa94-04c1-424b-9868-57a2d4851a1d" relativeResultsDirectory="7d12d754-1119-4ecc-98bb-e6e2f87da0d4" />
    <UnitTestResult executionId="7a50a8e2-bf36-4fea-b281-49c84032a95f" testId="127cadf2-6e3f-6a61-110d-dfb1cebb242f" testName="Sonda.Persistence.Tests.PersistenceTests.Failure_rolls_back_entire_input(boundary: BeforeCommit)" computerName="ASUSPROART" duration="00:00:00.1736487" startTime="2026-09-24T00:17:27.8525556-04:00" endTime="2026-09-24T00:17:28.0267075-04:00" testType="13cdc9d9-ddb5-4fa4-a97d-d965ccfc6d4b" outcome="Passed" testListId="8c84fa94-04c1-424b-9868-57a2d4851a1d" relativeResultsDirectory="7a50a8e2-bf36-4fea-b281-49c84032a95f" />
    <UnitTestResult executionId="37924670-65e6-49c6-a4a0-a420382c55e1" testId="5d5fb57a-2b21-60e2-3536-c4b4b34f3dd7" testName="Sonda.Persistence.Tests.PersistenceTests.Revision2_database_rejects_invalid_policy_context(kind: &quot;pinned&quot;)" computerName="ASUSPROART" duration="00:00:00.0989265" startTime="2026-09-24T00:17:54.9904196-04:00" endTime="2026-09-24T00:17:55.0898144-04:00" testType="13cdc9d9-ddb5-4fa4-a97d-d965ccfc6d4b" outcome="Passed" testListId="8c84fa94-04c1-424b-9868-57a2d4851a1d" relativeResultsDirectory="37924670-65e6-49c6-a4a0-a420382c55e1" />
    <UnitTestResult executionId="9431c926-7296-4e1f-9492-f36a16cda503" testId="a08d21f3-94d2-8529-2b20-823b4c7296a0" testName="Sonda.Persistence.Tests.PersistenceTests.Failure_rolls_back_entire_input(boundary: AfterFacts)" computerName="ASUSPROART" duration="00:00:00.1598642" startTime="2026-09-24T00:17:28.0269102-04:00" endTime="2026-09-24T00:17:28.1874315-04:00" testType="13cdc9d9-ddb5-4fa4-a97d-d965ccfc6d4b" outcome="Passed" testListId="8c84fa94-04c1-424b-9868-57a2d4851a1d" relativeResultsDirectory="9431c926-7296-4e1f-9492-f36a16cda503" />
    <UnitTestResult executionId="64181c44-377e-480c-82fe-2dfdee6ff66a" testId="f7ddd74c-609d-183a-2de6-dd88ef8e45e1" testName="Sonda.Persistence.Tests.PersistenceTests.Revision2_full_fixture_has_postgres_parity_and_restart_replay(name: &quot;backlog-frontier&quot;)" computerName="ASUSPROART" duration="00:00:00.2879062" startTime="2026-09-24T00:17:19.9107914-04:00" endTime="2026-09-24T00:17:20.1997826-04:00" testType="13cdc9d9-ddb5-4fa4-a97d-d965ccfc6d4b" outcome="Passed" testListId="8c84fa94-04c1-424b-9868-57a2d4851a1d" relativeResultsDirectory="64181c44-377e-480c-82fe-2dfdee6ff66a" />
    <UnitTestResult executionId="057056d6-658f-4602-89c1-d547c1296cf5" testId="d6c7ab6e-aed6-5be4-d24f-51056e52de70" testName="Sonda.Persistence.Tests.PersistenceTests.Revision2_full_fixture_has_postgres_parity_and_restart_replay(name: &quot;same-input-contradiction&quot;)" computerName="ASUSPROART" duration="00:00:00.2326028" startTime="2026-09-24T00:17:19.3661198-04:00" endTime="2026-09-24T00:17:19.5996002-04:00" testType="13cdc9d9-ddb5-4fa4-a97d-d965ccfc6d4b" outcome="Passed" testListId="8c84fa94-04c1-424b-9868-57a2d4851a1d" relativeResultsDirectory="057056d6-658f-4602-89c1-d547c1296cf5" />
    <UnitTestResult executionId="9403d733-0b6f-4ff0-be7c-d9426f489e9e" testId="e27dea50-e888-296a-feca-01c2ad60394e" testName="Sonda.Persistence.Tests.PersistenceTests.Revision2_full_fixture_has_postgres_parity_and_restart_replay(name: &quot;open-duplicate-begin&quot;)" computerName="ASUSPROART" duration="00:00:00.3100393" startTime="2026-09-24T00:17:19.5998966-04:00" endTime="2026-09-24T00:17:19.9105492-04:00" testType="13cdc9d9-ddb5-4fa4-a97d-d965ccfc6d4b" outcome="Passed" testListId="8c84fa94-04c1-424b-9868-57a2d4851a1d" relativeResultsDirectory="9403d733-0b6f-4ff0-be7c-d9426f489e9e" />
    <UnitTestResult executionId="b5bc7bae-c324-4e4e-90d4-b1836d497aba" testId="47bc128b-f92f-1a3c-bddd-0589d86f7632" testName="Sonda.Persistence.Tests.PersistenceTests.Policy_actual_commit_rejection_is_atomic_and_retryable(kind: ActivateVersion)" computerName="ASUSPROART" duration="00:00:00.1719615" startTime="2026-09-24T00:17:31.8081117-04:00" endTime="2026-09-24T00:17:31.9806613-04:00" testType="13cdc9d9-ddb5-4fa4-a97d-d965ccfc6d4b" outcome="Passed" testListId="8c84fa94-04c1-424b-9868-57a2d4851a1d" relativeResultsDirectory="b5bc7bae-c324-4e4e-90d4-b1836d497aba" />
    <UnitTestResult executionId="79a97393-c738-4903-b311-ccbfd8f7e940" testId="4d7a3a3d-a5c1-b057-e48a-0bb67d7d8853" testName="Sonda.Persistence.Tests.PersistenceTests.Problem_digest_collision_never_merges_exact_keys" computerName="ASUSPROART" duration="00:00:00.0649395" startTime="2026-09-24T00:17:55.7719364-04:00" endTime="2026-09-24T00:17:55.8377324-04:00" testType="13cdc9d9-ddb5-4fa4-a97d-d965ccfc6d4b" outcome="Passed" testListId="8c84fa94-04c1-424b-9868-57a2d4851a1d" relativeResultsDirectory="79a97393-c738-4903-b311-ccbfd8f7e940" />
    <UnitTestResult executionId="53c24d64-234e-467a-801d-6e139405545a" testId="2c4d3d54-11ea-86cc-689a-52828cd828ec" testName="Sonda.Persistence.Tests.PersistenceTests.Concurrent_duplicate_requests_commit_once" computerName="ASUSPROART" duration="00:00:00.1950772" startTime="2026-09-24T00:18:06.3924560-04:00" endTime="2026-09-24T00:18:06.5879344-04:00" testType="13cdc9d9-ddb5-4fa4-a97d-d965ccfc6d4b" outcome="Passed" testListId="8c84fa94-04c1-424b-9868-57a2d4851a1d" relativeResultsDirectory="53c24d64-234e-467a-801d-6e139405545a" />
    <UnitTestResult executionId="8d6d42d4-cf01-4c1f-b315-656ec4e9e378" testId="a6d24593-1a5a-06e0-9c92-39f144977101" testName="Sonda.Persistence.Tests.PersistenceTests.Concurrent_draft_edits_do_not_lose_updates" computerName="ASUSPROART" duration="00:00:00.1248557" startTime="2026-09-24T00:18:05.6927639-04:00" endTime="2026-09-24T00:18:05.8183034-04:00" testType="13cdc9d9-ddb5-4fa4-a97d-d965ccfc6d4b" outcome="Passed" testListId="8c84fa94-04c1-424b-9868-57a2d4851a1d" relativeResultsDirectory="8d6d42d4-cf01-4c1f-b315-656ec4e9e378" />
    <UnitTestResult executionId="178dfd8c-769f-4463-8aeb-79cc0020e692" testId="3f6b9a45-a3b4-7340-8fce-e4040c33be85" testName="Sonda.Persistence.Tests.PersistenceTests.Concurrent_incident_status_writers_conflict_without_changing_metrics" computerName="ASUSPROART" duration="00:00:00.5028021" startTime="2026-09-24T00:17:49.3013147-04:00" endTime="2026-09-24T00:17:49.8040396-04:00" testType="13cdc9d9-ddb5-4fa4-a97d-d965ccfc6d4b" outcome="Passed" testListId="8c84fa94-04c1-424b-9868-57a2d4851a1d" relativeResultsDirectory="178dfd8c-769f-4463-8aeb-79cc0020e692" />
    <UnitTestResult executionId="b4b0daea-5fd9-4683-b000-ee73fd737f78" testId="14c33144-5b92-dd90-9e49-964cfaa076d1" testName="Sonda.Persistence.Tests.PersistenceTests.Revision2_full_fixture_has_postgres_parity_and_restart_replay(name: &quot;changed-diagnostic-key&quot;)" computerName="ASUSPROART" duration="00:00:00.6824914" startTime="2026-09-24T00:17:05.2163653-04:00" endTime="2026-09-24T00:17:05.8995626-04:00" testType="13cdc9d9-ddb5-4fa4-a97d-d965ccfc6d4b" outcome="Passed" testListId="8c84fa94-04c1-424b-9868-57a2d4851a1d" relativeResultsDirectory="b4b0daea-5fd9-4683-b000-ee73fd737f78" />
    <UnitTestResult executionId="b503e1a3-838d-440f-b31e-595cca5d729e" testId="1857f58d-c4b5-4d42-5863-cd4d2e049080" testName="Sonda.Persistence.Tests.PersistenceTests.Revision2_full_fixture_has_postgres_parity_and_restart_replay(name: &quot;warning-with-success&quot;)" computerName="ASUSPROART" duration="00:00:00.3477062" startTime="2026-09-24T00:17:12.6735802-04:00" endTime="2026-09-24T00:17:13.0208309-04:00" testType="13cdc9d9-ddb5-4fa4-a97d-d965ccfc6d4b" outcome="Passed" testListId="8c84fa94-04c1-424b-9868-57a2d4851a1d" relativeResultsDirectory="b503e1a3-838d-440f-b31e-595cca5d729e" />
    <UnitTestResult executionId="db0ce9c0-3c4a-4860-bf45-b3a953b29ad0" testId="06a51b19-d983-a188-ab81-5fbf2ed7a78a" testName="Sonda.Persistence.Tests.PersistenceTests.Event_processing_completion_and_commit_clocks_remain_separate" computerName="ASUSPROART" duration="00:00:00.4548146" startTime="2026-09-24T00:18:05.8184654-04:00" endTime="2026-09-24T00:18:06.2737522-04:00" testType="13cdc9d9-ddb5-4fa4-a97d-d965ccfc6d4b" outcome="Passed" testListId="8c84fa94-04c1-424b-9868-57a2d4851a1d" relativeResultsDirectory="db0ce9c0-3c4a-4860-bf45-b3a953b29ad0" />
  </Results>
  <TestDefinitions>
    <UnitTest name="Sonda.Persistence.Tests.PersistenceTests.Revision2_full_fixture_has_postgres_parity_and_restart_replay(name: &quot;deadline-date-0308&quot;)" storage="c:\saproductions\sonda\tests\sonda.persistence.tests\bin\release\net10.0\sonda.persistence.tests.dll" id="a2a05caa-7ec8-8412-ac65-d2738ffb55db">
      <Execution id="3279df9a-9612-48a9-a474-eb1bd379742e" />
      <TestMethod codeBase="C:\SaProductions\Sonda\tests\Sonda.Persistence.Tests\bin\Release\net10.0\Sonda.Persistence.Tests.dll" adapterTypeName="executor://xunit/VsTestRunner3/netcore/" className="Sonda.Persistence.Tests.PersistenceTests" name="Revision2_full_fixture_has_postgres_parity_and_restart_replay" />
    </UnitTest>
    <UnitTest name="Sonda.Persistence.Tests.PersistenceTests.Revision2_full_fixture_has_postgres_parity_and_restart_replay(name: &quot;deadline-date-1101&quot;)" storage="c:\saproductions\sonda\tests\sonda.persistence.tests\bin\release\net10.0\sonda.persistence.tests.dll" id="5529ca79-9d7f-34d7-86fe-b952f60e5762">
      <Execution id="b31a863f-ba67-4fae-876b-f9d3b7fb78fa" />
      <TestMethod codeBase="C:\SaProductions\Sonda\tests\Sonda.Persistence.Tests\bin\Release\net10.0\Sonda.Persistence.Tests.dll" adapterTypeName="executor://xunit/VsTestRunner3/netcore/" className="Sonda.Persistence.Tests.PersistenceTests" name="Revision2_full_fixture_has_postgres_parity_and_restart_replay" />
    </UnitTest>
    <UnitTest name="Sonda.Persistence.Tests.PersistenceTests.Duplicate_business_identities_are_rejected_by_postgres(kind: &quot;occurrence&quot;)" storage="c:\saproductions\sonda\tests\sonda.persistence.tests\bin\release\net10.0\sonda.persistence.tests.dll" id="de5359cf-2b80-772d-96ec-ac9fea8bfe68">
      <Execution id="45a4f889-3c7f-49d5-8563-c724483a69eb" />
      <TestMethod codeBase="C:\SaProductions\Sonda\tests\Sonda.Persistence.Tests\bin\Release\net10.0\Sonda.Persistence.Tests.dll" adapterTypeName="executor://xunit/VsTestRunner3/netcore/" className="Sonda.Persistence.Tests.PersistenceTests" name="Duplicate_business_identities_are_rejected_by_postgres" />
    </UnitTest>
    <UnitTest name="Sonda.Persistence.Tests.PersistenceTests.Policy_duplicate_and_competing_workflow_commands_are_serialized" storage="c:\saproductions\sonda\tests\sonda.persistence.tests\bin\release\net10.0\sonda.persistence.tests.dll" id="795db673-2152-9e5b-06fe-1c88a7d5e0c2">
      <Execution id="7d12d754-1119-4ecc-98bb-e6e2f87da0d4" />
      <TestMethod codeBase="C:\SaProductions\Sonda\tests\Sonda.Persistence.Tests\bin\Release\net10.0\Sonda.Persistence.Tests.dll" adapterTypeName="executor://xunit/VsTestRunner3/netcore/" className="Sonda.Persistence.Tests.PersistenceTests" name="Policy_duplicate_and_competing_workflow_commands_are_serialized" />
    </UnitTest>
    <UnitTest name="Sonda.Persistence.Tests.PersistenceTests.Revision2_full_fixture_has_postgres_parity_and_restart_replay(name: &quot;late-terminal&quot;)" storage="c:\saproductions\sonda\tests\sonda.persistence.tests\bin\release\net10.0\sonda.persistence.tests.dll" id="c924a8df-2696-5826-cc89-a0fa9fcbd4d6">
      <Execution id="13b46f5c-f02c-4c5b-bdf5-1033c556e72b" />
      <TestMethod codeBase="C:\SaProductions\Sonda\tests\Sonda.Persistence.Tests\bin\Release\net10.0\Sonda.Persistence.Tests.dll" adapterTypeName="executor://xunit/VsTestRunner3/netcore/" className="Sonda.Persistence.Tests.PersistenceTests" name="Revision2_full_fixture_has_postgres_parity_and_restart_replay" />
    </UnitTest>
    <UnitTest name="Sonda.Persistence.Tests.PersistenceTests.Failure_rolls_back_entire_input(boundary: BeforeCommit)" storage="c:\saproductions\sonda\tests\sonda.persistence.tests\bin\release\net10.0\sonda.persistence.tests.dll" id="127cadf2-6e3f-6a61-110d-dfb1cebb242f">
      <Execution id="7a50a8e2-bf36-4fea-b281-49c84032a95f" />
      <TestMethod codeBase="C:\SaProductions\Sonda\tests\Sonda.Persistence.Tests\bin\Release\net10.0\Sonda.Persistence.Tests.dll" adapterTypeName="executor://xunit/VsTestRunner3/netcore/" className="Sonda.Persistence.Tests.PersistenceTests" name="Failure_rolls_back_entire_input" />
    </UnitTest>
    <UnitTest name="Sonda.Persistence.Tests.PersistenceTests.Legacy_lane_drains_then_uses_revision2_without_rewriting_old_receipts" storage="c:\saproductions\sonda\tests\sonda.persistence.tests\bin\release\net10.0\sonda.persistence.tests.dll" id="c4f3a9d9-32d7-c37d-3fa3-560895504427">
      <Execution id="1f709bf3-02f3-44f9-b24d-ce37b0eb3536" />
      <TestMethod codeBase="C:\SaProductions\Sonda\tests\Sonda.Persistence.Tests\bin\Release\net10.0\Sonda.Persistence.Tests.dll" adapterTypeName="executor://xunit/VsTestRunner3/netcore/" className="Sonda.Persistence.Tests.PersistenceTests" name="Legacy_lane_drains_then_uses_revision2_without_rewriting_old_receipts" />
    </UnitTest>
    <UnitTest name="Sonda.Persistence.Tests.PersistenceTests.Committed_interpretation_rows_are_database_immutable(kind: &quot;run&quot;)" storage="c:\saproductions\sonda\tests\sonda.persistence.tests\bin\release\net10.0\sonda.persistence.tests.dll" id="7f8e06d8-a828-448c-6eb6-575e6b679819">
      <Execution id="9a6297a3-f5d9-4f6e-a50b-3c6495dc753e" />
      <TestMethod codeBase="C:\SaProductions\Sonda\tests\Sonda.Persistence.Tests\bin\Release\net10.0\Sonda.Persistence.Tests.dll" adapterTypeName="executor://xunit/VsTestRunner3/netcore/" className="Sonda.Persistence.Tests.PersistenceTests" name="Committed_interpretation_rows_are_database_immutable" />
    </UnitTest>
    <UnitTest name="Sonda.Persistence.Tests.PersistenceTests.Revision2_full_fixture_has_postgres_parity_and_restart_replay(name: &quot;warning-with-success&quot;)" storage="c:\saproductions\sonda\tests\sonda.persistence.tests\bin\release\net10.0\sonda.persistence.tests.dll" id="1857f58d-c4b5-4d42-5863-cd4d2e049080">
      <Execution id="b503e1a3-838d-440f-b31e-595cca5d729e" />
      <TestMethod codeBase="C:\SaProductions\Sonda\tests\Sonda.Persistence.Tests\bin\Release\net10.0\Sonda.Persistence.Tests.dll" adapterTypeName="executor://xunit/VsTestRunner3/netcore/" className="Sonda.Persistence.Tests.PersistenceTests" name="Revision2_full_fixture_has_postgres_parity_and_restart_replay" />
    </UnitTest>
    <UnitTest name="Sonda.Persistence.Tests.PersistenceTests.Revision2_full_fixture_has_postgres_parity_and_restart_replay(name: &quot;same-cycle-retry&quot;)" storage="c:\saproductions\sonda\tests\sonda.persistence.tests\bin\release\net10.0\sonda.persistence.tests.dll" id="fcdf844b-6108-c70c-96eb-bb9d0da53bea">
      <Execution id="dac113d9-7fd1-450d-b0b3-44a9733c8068" />
      <TestMethod codeBase="C:\SaProductions\Sonda\tests\Sonda.Persistence.Tests\bin\Release\net10.0\Sonda.Persistence.Tests.dll" adapterTypeName="executor://xunit/VsTestRunner3/netcore/" className="Sonda.Persistence.Tests.PersistenceTests" name="Revision2_full_fixture_has_postgres_parity_and_restart_replay" />
    </UnitTest>
    <UnitTest name="Sonda.Persistence.Tests.PersistenceTests.Revision2_full_fixture_has_postgres_parity_and_restart_replay(name: &quot;manual-then-success&quot;)" storage="c:\saproductions\sonda\tests\sonda.persistence.tests\bin\release\net10.0\sonda.persistence.tests.dll" id="4f4969b8-c5f4-e3aa-4c9d-417bef6bb113">
      <Execution id="d95dd3cd-347c-4d7d-a9b5-bba1b44cc554" />
      <TestMethod codeBase="C:\SaProductions\Sonda\tests\Sonda.Persistence.Tests\bin\Release\net10.0\Sonda.Persistence.Tests.dll" adapterTypeName="executor://xunit/VsTestRunner3/netcore/" className="Sonda.Persistence.Tests.PersistenceTests" name="Revision2_full_fixture_has_postgres_parity_and_restart_replay" />
    </UnitTest>
    <UnitTest name="Sonda.Persistence.Tests.PersistenceTests.Revision2_full_fixture_has_postgres_parity_and_restart_replay(name: &quot;application-duration&quot;)" storage="c:\saproductions\sonda\tests\sonda.persistence.tests\bin\release\net10.0\sonda.persistence.tests.dll" id="b21b01f2-e40c-2c9e-4558-dd91c8fa218e">
      <Execution id="72d55228-6ee8-4823-8c31-e2ead428d721" />
      <TestMethod codeBase="C:\SaProductions\Sonda\tests\Sonda.Persistence.Tests\bin\Release\net10.0\Sonda.Persistence.Tests.dll" adapterTypeName="executor://xunit/VsTestRunner3/netcore/" className="Sonda.Persistence.Tests.PersistenceTests" name="Revision2_full_fixture_has_postgres_parity_and_restart_replay" />
    </UnitTest>
    <UnitTest name="Sonda.Persistence.Tests.PersistenceTests.Event_processing_completion_and_commit_clocks_remain_separate" storage="c:\saproductions\sonda\tests\sonda.persistence.tests\bin\release\net10.0\sonda.persistence.tests.dll" id="06a51b19-d983-a188-ab81-5fbf2ed7a78a">
      <Execution id="db0ce9c0-3c4a-4860-bf45-b3a953b29ad0" />
      <TestMethod codeBase="C:\SaProductions\Sonda\tests\Sonda.Persistence.Tests\bin\Release\net10.0\Sonda.Persistence.Tests.dll" adapterTypeName="executor://xunit/VsTestRunner3/netcore/" className="Sonda.Persistence.Tests.PersistenceTests" name="Event_processing_completion_and_commit_clocks_remain_separate" />
    </UnitTest>
    <UnitTest name="Sonda.Persistence.Tests.PersistenceTests.Revision2_full_fixture_has_postgres_parity_and_restart_replay(name: &quot;outside-cycle&quot;)" storage="c:\saproductions\sonda\tests\sonda.persistence.tests\bin\release\net10.0\sonda.persistence.tests.dll" id="039f46ac-a958-8f26-2cbc-3fcdef9d608a">
      <Execution id="9ba4cc87-fae7-49fc-893b-e0b3a1b13fce" />
      <TestMethod codeBase="C:\SaProductions\Sonda\tests\Sonda.Persistence.Tests\bin\Release\net10.0\Sonda.Persistence.Tests.dll" adapterTypeName="executor://xunit/VsTestRunner3/netcore/" className="Sonda.Persistence.Tests.PersistenceTests" name="Revision2_full_fixture_has_postgres_parity_and_restart_replay" />
    </UnitTest>
    <UnitTest name="Sonda.Persistence.Tests.PersistenceTests.Durable_restart_and_replay_match_phase1(name: &quot;repeated-recovery&quot;)" storage="c:\saproductions\sonda\tests\sonda.persistence.tests\bin\release\net10.0\sonda.persistence.tests.dll" id="606e56fd-6b31-59e4-6f0c-07c78ef2cf9e">
      <Execution id="bc76d542-afa3-4c6f-aa8b-82cb3be697d6" />
      <TestMethod codeBase="C:\SaProductions\Sonda\tests\Sonda.Persistence.Tests\bin\Release\net10.0\Sonda.Persistence.Tests.dll" adapterTypeName="executor://xunit/VsTestRunner3/netcore/" className="Sonda.Persistence.Tests.PersistenceTests" name="Durable_restart_and_replay_match_phase1" />
    </UnitTest>
    <UnitTest name="Sonda.Persistence.Tests.PersistenceTests.Connection_termination_before_commit_is_recoverable" storage="c:\saproductions\sonda\tests\sonda.persistence.tests\bin\release\net10.0\sonda.persistence.tests.dll" id="7d4d83b0-8aed-4cd3-6199-b696c4688d3e">
      <Execution id="fea39c58-2a81-44b4-95ad-e906b0c05542" />
[...]
    <TestEntry testId="039f46ac-a958-8f26-2cbc-3fcdef9d608a" executionId="9ba4cc87-fae7-49fc-893b-e0b3a1b13fce" testListId="8c84fa94-04c1-424b-9868-57a2d4851a1d" />
    <TestEntry testId="7f8e06d8-a828-448c-6eb6-575e6b679819" executionId="9a6297a3-f5d9-4f6e-a50b-3c6495dc753e" testListId="8c84fa94-04c1-424b-9868-57a2d4851a1d" />
    <TestEntry testId="b7da0f91-c714-1e04-7a10-a5f604523dd6" executionId="46f228e2-4fb6-46ed-85a6-a27476d8e69a" testListId="8c84fa94-04c1-424b-9868-57a2d4851a1d" />
    <TestEntry testId="14ae2480-70c1-ab24-4662-aac73073bc0d" executionId="0a3ac0e8-add4-47b1-a718-1907b5ad8767" testListId="8c84fa94-04c1-424b-9868-57a2d4851a1d" />
    <TestEntry testId="353d41b6-1e3b-e022-fe8c-31a7c9d8c3f4" executionId="7a83dd5f-c280-41ee-b7f7-6ff748cb109b" testListId="8c84fa94-04c1-424b-9868-57a2d4851a1d" />
    <TestEntry testId="606e56fd-6b31-59e4-6f0c-07c78ef2cf9e" executionId="bc76d542-afa3-4c6f-aa8b-82cb3be697d6" testListId="8c84fa94-04c1-424b-9868-57a2d4851a1d" />
    <TestEntry testId="4b8fc2e7-4265-fc88-493e-0d670a34eef4" executionId="c9017666-701f-47f5-94ff-d9490d3d31b7" testListId="8c84fa94-04c1-424b-9868-57a2d4851a1d" />
    <TestEntry testId="6d22b4f8-9a43-1c77-d335-bda7c499b40f" executionId="525af60a-f06c-48be-ac53-0e5778d4aaf3" testListId="8c84fa94-04c1-424b-9868-57a2d4851a1d" />
    <TestEntry testId="b2277c62-9652-72fb-fe61-9160d24ed8b8" executionId="36983702-291c-475e-8e6c-e8771226ffc7" testListId="8c84fa94-04c1-424b-9868-57a2d4851a1d" />
    <TestEntry testId="8c5dc8b3-7fa3-0df5-da2d-b330ee227462" executionId="740523b5-f8c7-40ac-a6b5-0b614298551f" testListId="8c84fa94-04c1-424b-9868-57a2d4851a1d" />
    <TestEntry testId="6dcc6413-5e3a-1f19-dfbb-041db940a676" executionId="ed24d120-d9f8-423f-a0b1-e826b23d8046" testListId="8c84fa94-04c1-424b-9868-57a2d4851a1d" />
    <TestEntry testId="c924a8df-2696-5826-cc89-a0fa9fcbd4d6" executionId="13b46f5c-f02c-4c5b-bdf5-1033c556e72b" testListId="8c84fa94-04c1-424b-9868-57a2d4851a1d" />
    <TestEntry testId="21b37c97-baa9-9a67-a8db-6085e31b4c77" executionId="6259c764-06b5-4a21-9d73-9a2381f2b50c" testListId="8c84fa94-04c1-424b-9868-57a2d4851a1d" />
    <TestEntry testId="7623f76f-81ea-cf24-b1dd-2ae55a25f22f" executionId="19fd5cb3-779c-4389-97cd-b896979a1671" testListId="8c84fa94-04c1-424b-9868-57a2d4851a1d" />
    <TestEntry testId="947b013b-6a47-438b-8386-b74d621c621c" executionId="602f6a80-4415-4a66-894c-29e7567ddd58" testListId="8c84fa94-04c1-424b-9868-57a2d4851a1d" />
    <TestEntry testId="b02786fc-ad39-c51f-ab4b-bd47bc6e4cc0" executionId="ac286771-c3af-43f6-af10-7f91d041a4f7" testListId="8c84fa94-04c1-424b-9868-57a2d4851a1d" />
    <TestEntry testId="a15aff4c-3926-61fb-80e1-8cbf3df3a2e9" executionId="27104932-c114-4366-916b-1bdaa1b996ef" testListId="8c84fa94-04c1-424b-9868-57a2d4851a1d" />
    <TestEntry testId="d6987f88-a0dd-3353-76e2-506079db9c00" executionId="93cc76f8-9747-42b6-bf76-3e41609f3fd0" testListId="8c84fa94-04c1-424b-9868-57a2d4851a1d" />
    <TestEntry testId="b84cef0d-bb83-4273-ef19-4bb77f1eea85" executionId="8bc6ed8c-3ed4-4051-8743-352d0b34977c" testListId="8c84fa94-04c1-424b-9868-57a2d4851a1d" />
    <TestEntry testId="439e6185-ef34-42b9-8559-243bfa656697" executionId="b5caebf5-731a-4b8e-8fa0-2a01374f3841" testListId="8c84fa94-04c1-424b-9868-57a2d4851a1d" />
    <TestEntry testId="26f1f869-8734-fec1-f8c9-f1c7ccb835ba" executionId="71ad553c-1da7-45e1-857a-c1787d6696b5" testListId="8c84fa94-04c1-424b-9868-57a2d4851a1d" />
    <TestEntry testId="cfaa6bb2-b86c-ac54-6182-95a847b9ea39" executionId="e6cbce36-4ea8-42ca-b5cf-7ef2f1b1fd6b" testListId="8c84fa94-04c1-424b-9868-57a2d4851a1d" />
    <TestEntry testId="9590abfc-b2d6-d81c-33bf-0042a3e1af71" executionId="29ec1d09-74be-4916-894d-0cd0cbf7d39c" testListId="8c84fa94-04c1-424b-9868-57a2d4851a1d" />
    <TestEntry testId="0a83249e-8404-1708-adb4-056d4553679a" executionId="a5b0da36-5b71-4be9-900c-b0ee3dcd1388" testListId="8c84fa94-04c1-424b-9868-57a2d4851a1d" />
    <TestEntry testId="4f4969b8-c5f4-e3aa-4c9d-417bef6bb113" executionId="d95dd3cd-347c-4d7d-a9b5-bba1b44cc554" testListId="8c84fa94-04c1-424b-9868-57a2d4851a1d" />
    <TestEntry testId="4e23ebf5-6350-ab07-57f5-f8de4a30c106" executionId="eb84a750-85c1-40f4-bf25-202ca1e9b759" testListId="8c84fa94-04c1-424b-9868-57a2d4851a1d" />
    <TestEntry testId="239468fb-0e79-30ea-f135-61b2db23931e" executionId="8381afb0-a020-41a0-910b-c6133d240d2a" testListId="8c84fa94-04c1-424b-9868-57a2d4851a1d" />
    <TestEntry testId="bedef931-6586-92ab-c25f-646c2f88848e" executionId="78e3cdf0-b97d-42b7-952c-941575cf49af" testListId="8c84fa94-04c1-424b-9868-57a2d4851a1d" />
    <TestEntry testId="859462bc-eb77-adc6-4470-028aaab68131" executionId="ae5b094f-5977-4f1f-837d-3a0093029df3" testListId="8c84fa94-04c1-424b-9868-57a2d4851a1d" />
    <TestEntry testId="75f4f80b-4c82-1bd2-d27a-15da817edeb0" executionId="2538cf9b-36a1-4007-af5a-053e37592180" testListId="8c84fa94-04c1-424b-9868-57a2d4851a1d" />
    <TestEntry testId="2a655249-22a7-ae25-0806-f73510c84aa7" executionId="01453e3a-42c6-43f4-a3ff-5fb8c6a9bb47" testListId="8c84fa94-04c1-424b-9868-57a2d4851a1d" />
    <TestEntry testId="da1e13e1-5b24-9e3d-38d9-de406508d23d" executionId="0ec69f24-67b7-414b-bc23-f5571486add0" testListId="8c84fa94-04c1-424b-9868-57a2d4851a1d" />
    <TestEntry testId="d9625a01-4086-99b2-2621-de6d305c5d1f" executionId="92d899f4-9ba6-453f-b7e3-0338ac60cecf" testListId="8c84fa94-04c1-424b-9868-57a2d4851a1d" />
    <TestEntry testId="38ed953c-b1c5-6874-a84e-b97fe0233715" executionId="7f09e403-0e44-4e1c-9aef-cfdfdecabcbf" testListId="8c84fa94-04c1-424b-9868-57a2d4851a1d" />
    <TestEntry testId="a8869651-9c34-37f4-894b-d71990ed7674" executionId="ca47b783-0049-4381-95c6-040362d7ae11" testListId="8c84fa94-04c1-424b-9868-57a2d4851a1d" />
    <TestEntry testId="451d8c13-819a-d7b2-7680-f915d8585b86" executionId="59e0d795-c3c7-42c9-9454-e7f6f9c1eca0" testListId="8c84fa94-04c1-424b-9868-57a2d4851a1d" />
    <TestEntry testId="18ad30c4-90e6-9322-345d-32b24d15cad5" executionId="e263fa2a-3b73-4ed1-94d8-1b3b3d9f52c0" testListId="8c84fa94-04c1-424b-9868-57a2d4851a1d" />
    <TestEntry testId="bea88ca1-6e97-b352-7225-5e0eab8b6bc5" executionId="09163a8a-5c3a-4f50-bfc4-205d4754aef8" testListId="8c84fa94-04c1-424b-9868-57a2d4851a1d" />
    <TestEntry testId="b535425f-ddc5-1cd0-d679-598e84b911f8" executionId="6b4dde21-3416-4ad2-87cc-753e8cf25eeb" testListId="8c84fa94-04c1-424b-9868-57a2d4851a1d" />
    <TestEntry testId="c769dc20-310b-1761-65dc-19c591a2b475" executionId="2423664c-8269-4059-97b6-c538e189543e" testListId="8c84fa94-04c1-424b-9868-57a2d4851a1d" />
    <TestEntry testId="16a29a49-6230-ecd8-f52c-a43ef5885686" executionId="e22cd1f6-93ee-4bcc-854b-e16854a7cc1d" testListId="8c84fa94-04c1-424b-9868-57a2d4851a1d" />
    <TestEntry testId="ed252449-11b4-a8b9-cdd8-7c606d8651e6" executionId="a9dc7d3b-98e9-4ad0-bed3-d766bd3efb5c" testListId="8c84fa94-04c1-424b-9868-57a2d4851a1d" />
    <TestEntry testId="c89e5d17-85a9-2249-7df4-9afae81a67ac" executionId="ec94c606-4ea4-4d87-93fd-584dad8ca499" testListId="8c84fa94-04c1-424b-9868-57a2d4851a1d" />
    <TestEntry testId="94c63ec3-4b39-fb8f-4387-06d85fec4c12" executionId="8621a4ef-291e-4ef2-9172-dd038960e919" testListId="8c84fa94-04c1-424b-9868-57a2d4851a1d" />
    <TestEntry testId="a318a59b-4923-4185-3322-79006c8cf516" executionId="1d638337-92d7-43ca-987d-7f5387fca897" testListId="8c84fa94-04c1-424b-9868-57a2d4851a1d" />
    <TestEntry testId="c1092a9c-ade1-145c-33cd-076c48bd12cb" executionId="186d752a-4f0d-4ff4-9240-a9c02df355d0" testListId="8c84fa94-04c1-424b-9868-57a2d4851a1d" />
    <TestEntry testId="b82887b8-7453-65f9-1f62-5782eaac98fd" executionId="2525c378-9c9b-4756-b97e-b3045ea9e9bb" testListId="8c84fa94-04c1-424b-9868-57a2d4851a1d" />
    <TestEntry testId="6eb09e0a-9f73-e6b5-c055-d83276132210" executionId="137b9f2b-6e93-4792-894b-bfa07b2d6d9b" testListId="8c84fa94-04c1-424b-9868-57a2d4851a1d" />
    <TestEntry testId="fc94b6be-5232-e2d5-8b87-f84e344ab81f" executionId="cd1f7321-85e4-4372-8835-efbdbe71ebe2" testListId="8c84fa94-04c1-424b-9868-57a2d4851a1d" />
    <TestEntry testId="cd7510d1-1e44-05fb-32be-fb413085bc8a" executionId="18df5b1a-289e-4585-bdf7-a8e2c0695173" testListId="8c84fa94-04c1-424b-9868-57a2d4851a1d" />
    <TestEntry testId="210e37f6-142f-124c-e218-4d9fd687db75" executionId="a2ad662c-2b87-464d-8416-506178fefb2c" testListId="8c84fa94-04c1-424b-9868-57a2d4851a1d" />
    <TestEntry testId="80dc2436-5c08-3914-0d0c-3c93ba9d7434" executionId="adcf3074-9ad9-46ce-ae1b-bc0fb6448e0a" testListId="8c84fa94-04c1-424b-9868-57a2d4851a1d" />
    <TestEntry testId="48517261-4d02-584e-4ccd-097d9e607a16" executionId="8a60c699-6706-43fa-a8e6-f146a415eae4" testListId="8c84fa94-04c1-424b-9868-57a2d4851a1d" />
    <TestEntry testId="a2a05caa-7ec8-8412-ac65-d2738ffb55db" executionId="3279df9a-9612-48a9-a474-eb1bd379742e" testListId="8c84fa94-04c1-424b-9868-57a2d4851a1d" />
    <TestEntry testId="e20386dd-3a4e-82a9-9b24-8d0fe4819494" executionId="18df6164-8e12-4440-a975-67c4b3840a09" testListId="8c84fa94-04c1-424b-9868-57a2d4851a1d" />
    <TestEntry testId="b0816034-a7c0-1e03-6840-3ce837694558" executionId="ea56d315-247c-4e46-8e52-743be43e40c3" testListId="8c84fa94-04c1-424b-9868-57a2d4851a1d" />
    <TestEntry testId="4de53276-ed90-1875-a75a-59368c460926" executionId="e7db0188-1a20-43a3-bb7d-9f5bcf953756" testListId="8c84fa94-04c1-424b-9868-57a2d4851a1d" />
    <TestEntry testId="de5359cf-2b80-772d-96ec-ac9fea8bfe68" executionId="45a4f889-3c7f-49d5-8563-c724483a69eb" testListId="8c84fa94-04c1-424b-9868-57a2d4851a1d" />
    <TestEntry testId="ab931694-100c-6d1b-2d56-66208cdb7c69" executionId="b5fe7156-82af-4c9e-81e0-56e5651fa711" testListId="8c84fa94-04c1-424b-9868-57a2d4851a1d" />
    <TestEntry testId="6e407b17-128d-d436-64df-71c868f843fb" executionId="48c5987e-f30c-4d93-8552-b8c70de86b9e" testListId="8c84fa94-04c1-424b-9868-57a2d4851a1d" />
    <TestEntry testId="a86c66c0-e9b8-b558-7b53-4c2953223e15" executionId="d75fb8a7-08a9-4e36-add8-8d8970ab17e2" testListId="8c84fa94-04c1-424b-9868-57a2d4851a1d" />
    <TestEntry testId="9a82b842-340f-5bc6-2ae7-bf7ceb13529f" executionId="cc823161-f2a5-4854-809e-9fe58a87d53b" testListId="8c84fa94-04c1-424b-9868-57a2d4851a1d" />
    <TestEntry testId="34bb131c-019c-6038-cc4c-e0ab1ce697e0" executionId="e2f6d2cd-a40c-4766-8f92-40a02879a2f3" testListId="8c84fa94-04c1-424b-9868-57a2d4851a1d" />
    <TestEntry testId="aea9da64-bc16-89b7-4b9c-978d9678bcaa" executionId="da1cc45f-eda0-482a-85e0-9cf224aa4864" testListId="8c84fa94-04c1-424b-9868-57a2d4851a1d" />
    <TestEntry testId="b64e2544-1be6-76c2-8049-24b7b3960fc2" executionId="3959ae7c-9d2a-415a-9881-63e6dc64bcc5" testListId="8c84fa94-04c1-424b-9868-57a2d4851a1d" />
    <TestEntry testId="5a0d9f45-1ee1-ec1a-478f-0d7dfc989ca6" executionId="3af9008b-0fb5-4823-b8c2-a58038bdc1e2" testListId="8c84fa94-04c1-424b-9868-57a2d4851a1d" />
    <TestEntry testId="a058bd9e-c860-8284-96bd-17d73d345856" executionId="83d84937-3074-4cfb-8cce-9cfdc1e2e4ab" testListId="8c84fa94-04c1-424b-9868-57a2d4851a1d" />
    <TestEntry testId="ba1ae292-7fbd-085d-6945-c7fbba1c1b38" executionId="4343a463-891d-4516-8827-23c3c578d61a" testListId="8c84fa94-04c1-424b-9868-57a2d4851a1d" />
    <TestEntry testId="4fa9730a-f3e8-9cff-b512-b12ac401663d" executionId="ed6577fc-a720-4dba-8c44-837cc8fc3f2f" testListId="8c84fa94-04c1-424b-9868-57a2d4851a1d" />
    <TestEntry testId="5262f7e4-e3d4-317e-93c9-46bdc7ae7af7" executionId="1b7f36f8-3bc8-4e8f-9fc9-d089db2e4a53" testListId="8c84fa94-04c1-424b-9868-57a2d4851a1d" />
    <TestEntry testId="ad35c166-7cbf-b94f-b1a8-fd14680c24b8" executionId="fa58d9fb-a816-4c42-a662-e1f6a89667a9" testListId="8c84fa94-04c1-424b-9868-57a2d4851a1d" />
    <TestEntry testId="a3444a78-a7a1-e99a-6692-f6695463cd1d" executionId="ac5b9db4-ca79-455d-abdb-60b231466f9b" testListId="8c84fa94-04c1-424b-9868-57a2d4851a1d" />
    <TestEntry testId="4639f4c2-ca02-0d5e-c18a-69bc97d78867" executionId="acc944fd-b682-414c-97fa-e5f04ea91038" testListId="8c84fa94-04c1-424b-9868-57a2d4851a1d" />
    <TestEntry testId="ea9c0639-b5c3-7094-3ef9-2ec5c98fb5fd" executionId="421c79ca-071a-4076-b91f-512f877ff444" testListId="8c84fa94-04c1-424b-9868-57a2d4851a1d" />
    <TestEntry testId="b21b01f2-e40c-2c9e-4558-dd91c8fa218e" executionId="72d55228-6ee8-4823-8c31-e2ead428d721" testListId="8c84fa94-04c1-424b-9868-57a2d4851a1d" />
    <TestEntry testId="5f748a5e-c8ea-9124-bc01-1a08e397962a" executionId="922ea7c9-44ea-41f4-a280-84539a88a429" testListId="8c84fa94-04c1-424b-9868-57a2d4851a1d" />
    <TestEntry testId="9625e969-7e8a-141c-280a-c3ba7dafc1cb" executionId="69d63d5c-b6d0-4618-a8ea-0b54d9356e9d" testListId="8c84fa94-04c1-424b-9868-57a2d4851a1d" />
    <TestEntry testId="7cd7bdf7-e8b2-0b39-91a5-8216d61771c0" executionId="d13ae9e9-50e5-413e-b7e2-040857bb57fb" testListId="8c84fa94-04c1-424b-9868-57a2d4851a1d" />
    <TestEntry testId="fe69ee47-05e0-97d2-2498-7fc6d1d6fcc2" executionId="b3d9d9b5-c7c4-4c08-a593-c5487f54b10a" testListId="8c84fa94-04c1-424b-9868-57a2d4851a1d" />
    <TestEntry testId="6cb353b5-875f-3710-7e85-c3b4469fdb0d" executionId="f078946e-49a0-4a9a-aeba-e04897aec944" testListId="8c84fa94-04c1-424b-9868-57a2d4851a1d" />
    <TestEntry testId="5529ca79-9d7f-34d7-86fe-b952f60e5762" executionId="b31a863f-ba67-4fae-876b-f9d3b7fb78fa" testListId="8c84fa94-04c1-424b-9868-57a2d4851a1d" />
    <TestEntry testId="3df72a06-65bf-6b11-34c3-2416a3d62f1b" executionId="48d537aa-f053-4ac2-a7f2-68de8fe5c76a" testListId="8c84fa94-04c1-424b-9868-57a2d4851a1d" />
    <TestEntry testId="abbdc933-f23f-7c34-2443-87b22dc8436c" executionId="233ebdf2-1c62-4b00-8293-5123741c4cc1" testListId="8c84fa94-04c1-424b-9868-57a2d4851a1d" />
    <TestEntry testId="4f63b330-5697-6fe2-d417-346b3f2beeef" executionId="cbfa6824-0e11-42b8-ac71-3f9e7f31b5fa" testListId="8c84fa94-04c1-424b-9868-57a2d4851a1d" />
    <TestEntry testId="e2b75f51-7366-a17e-a2a9-189b986c4141" executionId="adaefb65-a84c-4c7d-a9d0-356d43e38a02" testListId="8c84fa94-04c1-424b-9868-57a2d4851a1d" />
    <TestEntry testId="95fdaa72-fbc9-1cb3-6119-1c3ce88e1846" executionId="0c98f3e7-ed26-44f0-80cb-9700606e5959" testListId="8c84fa94-04c1-424b-9868-57a2d4851a1d" />
    <TestEntry testId="52d43839-62a3-9f15-3eca-a9167532df61" executionId="d81bdb76-d85a-4cb2-9457-05041618dd3c" testListId="8c84fa94-04c1-424b-9868-57a2d4851a1d" />
    <TestEntry testId="fcdf844b-6108-c70c-96eb-bb9d0da53bea" executionId="dac113d9-7fd1-450d-b0b3-44a9733c8068" testListId="8c84fa94-04c1-424b-9868-57a2d4851a1d" />
    <TestEntry testId="7ba74fd9-657a-cc9e-a7a0-b36377684f88" executionId="902fbd8c-aff1-437a-bfd8-2d21bc8287ae" testListId="8c84fa94-04c1-424b-9868-57a2d4851a1d" />
    <TestEntry testId="c4f3a9d9-32d7-c37d-3fa3-560895504427" executionId="1f709bf3-02f3-44f9-b24d-ce37b0eb3536" testListId="8c84fa94-04c1-424b-9868-57a2d4851a1d" />
    <TestEntry testId="f8c99b21-b68d-074e-caee-2ecc8cbb7e5c" executionId="cc4b0947-4836-46ec-b96d-2d02f27aba9f" testListId="8c84fa94-04c1-424b-9868-57a2d4851a1d" />
    <TestEntry testId="a29ada52-c157-26f9-8de4-2b4092a0352a" executionId="7472125a-8d10-4745-a0ab-299916b4b177" testListId="8c84fa94-04c1-424b-9868-57a2d4851a1d" />
    <TestEntry testId="99e8ce7e-e2e4-c692-36cc-e895eb464745" executionId="6c05f7ec-2623-4d31-a9b0-0ee6b166bae8" testListId="8c84fa94-04c1-424b-9868-57a2d4851a1d" />
    <TestEntry testId="05c68ec1-7703-91ca-d169-d0dc7346097c" executionId="b66f3a34-9022-4b4e-bfe9-5a224b658c5a" testListId="8c84fa94-04c1-424b-9868-57a2d4851a1d" />
    <TestEntry testId="9f7fbc34-8117-3e35-21e4-64465b251d02" executionId="d5215674-a30d-43c7-843a-5133ea6ed3af" testListId="8c84fa94-04c1-424b-9868-57a2d4851a1d" />
    <TestEntry testId="59c337aa-cd2e-3909-0e58-bcdbeb84b94b" executionId="0a95595d-83ad-4f98-b18e-d96f5dacb03d" testListId="8c84fa94-04c1-424b-9868-57a2d4851a1d" />
    <TestEntry testId="838d6bcb-a949-8949-3e2b-ad39a744b946" executionId="f8bd877d-63a8-4d31-a8e6-2e44760a5389" testListId="8c84fa94-04c1-424b-9868-57a2d4851a1d" />
    <TestEntry testId="316a8b33-9cdd-3c02-a71d-bf2ac4d2518e" executionId="0122d88d-4c47-4f36-8115-7e7319b8116f" testListId="8c84fa94-04c1-424b-9868-57a2d4851a1d" />
    <TestEntry testId="29af6334-f897-750c-ea24-06467ad5ece2" executionId="3a4a6632-fc90-46b9-b025-1af15aa69010" testListId="8c84fa94-04c1-424b-9868-57a2d4851a1d" />
    <TestEntry testId="4692f52e-3ebf-c6d3-1c0d-1aac956e5e2d" executionId="66e26e2a-5f8b-4066-bd8e-7cc80a929fd2" testListId="8c84fa94-04c1-424b-9868-57a2d4851a1d" />
    <TestEntry testId="795db673-2152-9e5b-06fe-1c88a7d5e0c2" executionId="7d12d754-1119-4ecc-98bb-e6e2f87da0d4" testListId="8c84fa94-04c1-424b-9868-57a2d4851a1d" />
    <TestEntry testId="127cadf2-6e3f-6a61-110d-dfb1cebb242f" executionId="7a50a8e2-bf36-4fea-b281-49c84032a95f" testListId="8c84fa94-04c1-424b-9868-57a2d4851a1d" />
    <TestEntry testId="5d5fb57a-2b21-60e2-3536-c4b4b34f3dd7" executionId="37924670-65e6-49c6-a4a0-a420382c55e1" testListId="8c84fa94-04c1-424b-9868-57a2d4851a1d" />
    <TestEntry testId="a08d21f3-94d2-8529-2b20-823b4c7296a0" executionId="9431c926-7296-4e1f-9492-f36a16cda503" testListId="8c84fa94-04c1-424b-9868-57a2d4851a1d" />
    <TestEntry testId="f7ddd74c-609d-183a-2de6-dd88ef8e45e1" executionId="64181c44-377e-480c-82fe-2dfdee6ff66a" testListId="8c84fa94-04c1-424b-9868-57a2d4851a1d" />
    <TestEntry testId="d6c7ab6e-aed6-5be4-d24f-51056e52de70" executionId="057056d6-658f-4602-89c1-d547c1296cf5" testListId="8c84fa94-04c1-424b-9868-57a2d4851a1d" />
    <TestEntry testId="e27dea50-e888-296a-feca-01c2ad60394e" executionId="9403d733-0b6f-4ff0-be7c-d9426f489e9e" testListId="8c84fa94-04c1-424b-9868-57a2d4851a1d" />
    <TestEntry testId="47bc128b-f92f-1a3c-bddd-0589d86f7632" executionId="b5bc7bae-c324-4e4e-90d4-b1836d497aba" testListId="8c84fa94-04c1-424b-9868-57a2d4851a1d" />
    <TestEntry testId="4d7a3a3d-a5c1-b057-e48a-0bb67d7d8853" executionId="79a97393-c738-4903-b311-ccbfd8f7e940" testListId="8c84fa94-04c1-424b-9868-57a2d4851a1d" />
    <TestEntry testId="2c4d3d54-11ea-86cc-689a-52828cd828ec" executionId="53c24d64-234e-467a-801d-6e139405545a" testListId="8c84fa94-04c1-424b-9868-57a2d4851a1d" />
    <TestEntry testId="a6d24593-1a5a-06e0-9c92-39f144977101" executionId="8d6d42d4-cf01-4c1f-b315-656ec4e9e378" testListId="8c84fa94-04c1-424b-9868-57a2d4851a1d" />
    <TestEntry testId="3f6b9a45-a3b4-7340-8fce-e4040c33be85" executionId="178dfd8c-769f-4463-8aeb-79cc0020e692" testListId="8c84fa94-04c1-424b-9868-57a2d4851a1d" />
    <TestEntry testId="14c33144-5b92-dd90-9e49-964cfaa076d1" executionId="b4b0daea-5fd9-4683-b000-ee73fd737f78" testListId="8c84fa94-04c1-424b-9868-57a2d4851a1d" />
    <TestEntry testId="1857f58d-c4b5-4d42-5863-cd4d2e049080" executionId="b503e1a3-838d-440f-b31e-595cca5d729e" testListId="8c84fa94-04c1-424b-9868-57a2d4851a1d" />
    <TestEntry testId="06a51b19-d983-a188-ab81-5fbf2ed7a78a" executionId="db0ce9c0-3c4a-4860-bf45-b3a953b29ad0" testListId="8c84fa94-04c1-424b-9868-57a2d4851a1d" />
  </TestEntries>
  <TestLists>
    <TestList name="Results Not in a List" id="8c84fa94-04c1-424b-9868-57a2d4851a1d" />
    <TestList name="All Loaded Results" id="19431567-8539-422a-85d7-44ee4e166bda" />
  </TestLists>
  <ResultSummary outcome="Completed">
    <Counters total="119" executed="119" passed="119" failed="0" error="0" timeout="0" aborted="0" inconclusive="0" passedButRunAborted="0" notRunnable="0" notExecuted="0" disconnected="0" warning="0" completed="0" inProgress="0" pending="0" />
    <Output>
      <StdOut>[xUnit.net 00:00:00.00] xUnit.net VSTest Adapter v3.1.1+bf6400fd51 (64-bit .NET 10.0.12)&#xD;
[xUnit.net 00:00:00.27]   Discovering: Sonda.Persistence.Tests&#xD;
[xUnit.net 00:00:00.38]   Discovered:  Sonda.Persistence.Tests&#xD;
[xUnit.net 00:00:00.46]   Starting:    Sonda.Persistence.Tests&#xD;
[xUnit.net 00:01:10.61]   Finished:    Sonda.Persistence.Tests&#xD;
</StdOut>
    </Output>
  </ResultSummary>
</TestRun>