<?xml version="1.0" encoding="utf-8"?>
<TestRun id="ae1405b9-0f5f-4ed0-81d7-99907e05b05c" name="sapro@ASUSPROART 2026-09-24 12:19:43" runUser="ASUSPROART\sapro" xmlns="http://microsoft.com/schemas/VisualStudio/TeamTest/2010">
  <Times creation="2026-09-24T12:19:43.9439205-04:00" queuing="2026-09-24T12:19:43.9439216-04:00" start="2026-09-24T12:19:42.1267025-04:00" finish="2026-09-24T12:19:45.0230777-04:00" />
  <TestSettings name="default" id="014acc68-e505-4336-b777-931a0f821454">
    <Deployment runDeploymentRoot="sapro_ASUSPROART_2026-09-24_12_19_43" />
  </TestSettings>
  <Results>
    <UnitTestResult executionId="3b7ee7c1-d7d0-477c-b113-924612c3978b" testId="f3ef1368-7649-69fa-e3ed-2d95ef4cb63d" testName="Sonda.Phase3.Tests.CommandTests.Command_collision_is_rejected" computerName="ASUSPROART" duration="00:00:00.0029504" startTime="2026-09-24T12:19:44.3578111-04:00" endTime="2026-09-24T12:19:44.3607967-04:00" testType="13cdc9d9-ddb5-4fa4-a97d-d965ccfc6d4b" outcome="Passed" testListId="8c84fa94-04c1-424b-9868-57a2d4851a1d" relativeResultsDirectory="3b7ee7c1-d7d0-477c-b113-924612c3978b" />
    <UnitTestResult executionId="dee05ec8-0863-420b-a252-1a482a7108bd" testId="090de3fd-6b29-fa30-ddf2-6b08f7b22ff3" testName="Sonda.Phase3.Tests.AcceptanceMatrixTests.Approved_fixture_matches_independent_expectations(name: &quot;later-clean-recovery&quot;)" computerName="ASUSPROART" duration="00:00:00.0180980" startTime="2026-09-24T12:19:44.6255039-04:00" endTime="2026-09-24T12:19:44.6435082-04:00" testType="13cdc9d9-ddb5-4fa4-a97d-d965ccfc6d4b" outcome="Passed" testListId="8c84fa94-04c1-424b-9868-57a2d4851a1d" relativeResultsDirectory="dee05ec8-0863-420b-a252-1a482a7108bd" />
    <UnitTestResult executionId="aad853be-34e9-45dc-9124-043dd4246342" testId="beeea182-993d-6988-fce8-a3f09e2b57fb" testName="Sonda.Phase3.Tests.CommandTests.Incompatible_activation_is_rejected_without_mutation" computerName="ASUSPROART" duration="00:00:00.3497617" startTime="2026-09-24T12:19:43.7667470-04:00" endTime="2026-09-24T12:19:44.1210062-04:00" testType="13cdc9d9-ddb5-4fa4-a97d-d965ccfc6d4b" outcome="Passed" testListId="8c84fa94-04c1-424b-9868-57a2d4851a1d" relativeResultsDirectory="aad853be-34e9-45dc-9124-043dd4246342" />
    <UnitTestResult executionId="15d3de7d-6977-4c32-9308-942a383efe6e" testId="bb597273-14ce-9ac2-c1c7-f9a90a151a49" testName="Sonda.Phase3.Tests.EdgePolicyTests.Old_evidence_after_frontier_uses_only_opted_in_diagnostic" computerName="ASUSPROART" duration="00:00:00.3064480" startTime="2026-09-24T12:19:43.8930605-04:00" endTime="2026-09-24T12:19:44.1089345-04:00" testType="13cdc9d9-ddb5-4fa4-a97d-d965ccfc6d4b" outcome="Passed" testListId="8c84fa94-04c1-424b-9868-57a2d4851a1d" relativeResultsDirectory="15d3de7d-6977-4c32-9308-942a383efe6e" />
    <UnitTestResult executionId="b6354125-6d35-43e0-8028-509c1b74824d" testId="c26ebcb5-c0b2-433d-d2c6-65e85e41d496" testName="Sonda.Phase3.Tests.PolicyTests.Incomplete_end_is_undefined" computerName="ASUSPROART" duration="00:00:00.0024809" startTime="2026-09-24T12:19:44.2951618-04:00" endTime="2026-09-24T12:19:44.2974064-04:00" testType="13cdc9d9-ddb5-4fa4-a97d-d965ccfc6d4b" outcome="Passed" testListId="8c84fa94-04c1-424b-9868-57a2d4851a1d" relativeResultsDirectory="b6354125-6d35-43e0-8028-509c1b74824d" />
    <UnitTestResult executionId="a9b3233b-ff61-43ee-bc9e-87ffa88464dc" testId="4718123c-99fc-22e1-4cb3-67a4207b16ae" testName="Sonda.Phase3.Tests.AcceptanceMatrixTests.Approved_fixture_matches_independent_expectations(name: &quot;explicit-end-conflicts&quot;)" computerName="ASUSPROART" duration="00:00:00.0113195" startTime="2026-09-24T12:19:44.6155082-04:00" endTime="2026-09-24T12:19:44.6251923-04:00" testType="13cdc9d9-ddb5-4fa4-a97d-d965ccfc6d4b" outcome="Passed" testListId="8c84fa94-04c1-424b-9868-57a2d4851a1d" relativeResultsDirectory="a9b3233b-ff61-43ee-bc9e-87ffa88464dc" />
    <UnitTestResult executionId="df9185cb-5c84-4730-9d3f-f5290931d1ca" testId="9a1d3ad6-0e04-f67f-bf12-b3becf9a8289" testName="Sonda.Phase3.Tests.EdgePolicyTests.Revision2_cannot_downgrade_or_mutate_published_profile" computerName="ASUSPROART" duration="00:00:00.0022703" startTime="2026-09-24T12:19:44.1198212-04:00" endTime="2026-09-24T12:19:44.1217222-04:00" testType="13cdc9d9-ddb5-4fa4-a97d-d965ccfc6d4b" outcome="Passed" testListId="8c84fa94-04c1-424b-9868-57a2d4851a1d" relativeResultsDirectory="df9185cb-5c84-4730-9d3f-f5290931d1ca" />
    <UnitTestResult executionId="b83c3afc-e6a9-4e7f-bd1a-8c85f07e7090" testId="a5796c5a-9ff1-89cc-c59d-67a0810b5797" testName="Sonda.Phase3.Tests.PolicyTests.Deadline_closes_without_source_evidence_and_restore_retains_context" computerName="ASUSPROART" duration="00:00:00.0078511" startTime="2026-09-24T12:19:44.2859612-04:00" endTime="2026-09-24T12:19:44.2919318-04:00" testType="13cdc9d9-ddb5-4fa4-a97d-d965ccfc6d4b" outcome="Passed" testListId="8c84fa94-04c1-424b-9868-57a2d4851a1d" relativeResultsDirectory="b83c3afc-e6a9-4e7f-bd1a-8c85f07e7090" />
    <UnitTestResult executionId="8d001e8c-833e-4fdd-b54b-6c42c1983deb" testId="262b9329-3250-8461-dfa2-e1cbf3ba10cd" testName="Sonda.Phase3.Tests.AcceptanceMatrixTests.Approved_fixture_matches_independent_expectations(name: &quot;failure-before-missing-end&quot;)" computerName="ASUSPROART" duration="00:00:00.0110159" startTime="2026-09-24T12:19:44.5674469-04:00" endTime="2026-09-24T12:19:44.5783946-04:00" testType="13cdc9d9-ddb5-4fa4-a97d-d965ccfc6d4b" outcome="Passed" testListId="8c84fa94-04c1-424b-9868-57a2d4851a1d" relativeResultsDirectory="8d001e8c-833e-4fdd-b54b-6c42c1983deb" />
    <UnitTestResult executionId="f00785b1-22ce-49b1-97c0-4d65a3de3078" testId="d7dd7d7a-aa06-d289-158d-ddb9b9b81805" testName="Sonda.Phase3.Tests.AcceptanceMatrixTests.Approved_fixture_matches_independent_expectations(name: &quot;serial-new-begin&quot;)" computerName="ASUSPROART" duration="00:00:00.5151705" startTime="2026-09-24T12:19:43.7624265-04:00" endTime="2026-09-24T12:19:44.2864171-04:00" testType="13cdc9d9-ddb5-4fa4-a97d-d965ccfc6d4b" outcome="Passed" testListId="8c84fa94-04c1-424b-9868-57a2d4851a1d" relativeResultsDirectory="f00785b1-22ce-49b1-97c0-4d65a3de3078" />
    <UnitTestResult executionId="c0a53273-75d8-45bd-bdf7-2ed598e3ae59" testId="ed808546-f812-5ee9-be00-fa677affd2e7" testName="Sonda.Phase3.Tests.PolicyTests.Legacy_profile_serialization_is_byte_compatible" computerName="ASUSPROART" duration="00:00:00.1367575" startTime="2026-09-24T12:19:44.1470813-04:00" endTime="2026-09-24T12:19:44.2839455-04:00" testType="13cdc9d9-ddb5-4fa4-a97d-d965ccfc6d4b" outcome="Passed" testListId="8c84fa94-04c1-424b-9868-57a2d4851a1d" relativeResultsDirectory="c0a53273-75d8-45bd-bdf7-2ed598e3ae59" />
    <UnitTestResult executionId="906b618b-8ae3-4875-b0b4-988e66ce3227" testId="936dc0e5-7151-6c4d-f02c-7117c6832c33" testName="Sonda.Phase3.Tests.AcceptanceMatrixTests.Approved_fixture_matches_independent_expectations(name: &quot;outside-cycle&quot;)" computerName="ASUSPROART" duration="00:00:00.0108875" startTime="2026-09-24T12:19:44.6669755-04:00" endTime="2026-09-24T12:19:44.6778348-04:00" testType="13cdc9d9-ddb5-4fa4-a97d-d965ccfc6d4b" outcome="Passed" testListId="8c84fa94-04c1-424b-9868-57a2d4851a1d" relativeResultsDirectory="906b618b-8ae3-4875-b0b4-988e66ce3227" />
    <UnitTestResult executionId="b0c26b1d-c124-4298-808c-e6a0fe7071be" testId="8ea16ec0-b138-132f-5e2c-d37eaf33298c" testName="Sonda.Phase3.Tests.EdgePolicyTests.Invalid_policy_configuration_cannot_activate(kind: &quot;grace&quot;)" computerName="ASUSPROART" duration="00:00:00.0000217" startTime="2026-09-24T12:19:43.8238565-04:00" endTime="2026-09-24T12:19:43.8239091-04:00" testType="13cdc9d9-ddb5-4fa4-a97d-d965ccfc6d4b" outcome="Passed" testListId="8c84fa94-04c1-424b-9868-57a2d4851a1d" relativeResultsDirectory="b0c26b1d-c124-4298-808c-e6a0fe7071be" />
    <UnitTestResult executionId="6fdd1a84-df98-48c8-baf5-17d8997f2e40" testId="96c51894-5232-19ac-325c-e6471b3e2656" testName="Sonda.Phase3.Tests.PolicyTests.Unknown_policy_revision_is_rejected" computerName="ASUSPROART" duration="00:00:00.0024941" startTime="2026-09-24T12:19:44.2924583-04:00" endTime="2026-09-24T12:19:44.2947685-04:00" testType="13cdc9d9-ddb5-4fa4-a97d-d965ccfc6d4b" outcome="Passed" testListId="8c84fa94-04c1-424b-9868-57a2d4851a1d" relativeResultsDirectory="6fdd1a84-df98-48c8-baf5-17d8997f2e40" />
    <UnitTestResult executionId="d27b0478-69ca-47e2-84e1-b25734fc0d29" testId="26684a36-e5c9-09d1-c417-626e0a50227f" testName="Sonda.Phase3.Tests.CommandTests.Explicit_frontier_and_duplicate_clock_do_not_duplicate_completion" computerName="ASUSPROART" duration="00:00:00.0121836" startTime="2026-09-24T12:19:44.3739961-04:00" endTime="2026-09-24T12:19:44.3861214-04:00" testType="13cdc9d9-ddb5-4fa4-a97d-d965ccfc6d4b" outcome="Passed" testListId="8c84fa94-04c1-424b-9868-57a2d4851a1d" relativeResultsDirectory="d27b0478-69ca-47e2-84e1-b25734fc0d29" />
    <UnitTestResult executionId="90c7f0cb-032b-4585-ab3d-455a817f3ae9" testId="1f12629f-46a5-bce6-fa1f-9dfb3a9bc45b" testName="Sonda.Phase3.Tests.AcceptanceMatrixTests.Approved_fixture_matches_independent_expectations(name: &quot;timing-disabled&quot;)" computerName="ASUSPROART" duration="00:00:00.0075347" startTime="2026-09-24T12:19:44.5040754-04:00" endTime="2026-09-24T12:19:44.5115096-04:00" testType="13cdc9d9-ddb5-4fa4-a97d-d965ccfc6d4b" outcome="Passed" testListId="8c84fa94-04c1-424b-9868-57a2d4851a1d" relativeResultsDirectory="90c7f0cb-032b-4585-ab3d-455a817f3ae9" />
    <UnitTestResult executionId="55a6cece-b24c-4f10-baa6-40b46fc4b4f1" testId="9a95d4d4-15be-70e0-bae2-6cb5c241b598" testName="Sonda.Phase3.Tests.AcceptanceMatrixTests.Approved_fixture_matches_independent_expectations(name: &quot;manual-only-recovery&quot;)" computerName="ASUSPROART" duration="00:00:00.0154660" startTime="2026-09-24T12:19:44.5518129-04:00" endTime="2026-09-24T12:19:44.5671815-04:00" testType="13cdc9d9-ddb5-4fa4-a97d-d965ccfc6d4b" outcome="Passed" testListId="8c84fa94-04c1-424b-9868-57a2d4851a1d" relativeResultsDirectory="55a6cece-b24c-4f10-baa6-40b46fc4b4f1" />
    <UnitTestResult executionId="016772bb-e666-468e-9fb2-ee02bd1da573" testId="23f5ee03-85a9-a1ec-980d-0a64fe558dcf" testName="Sonda.Phase3.Tests.EdgePolicyTests.Invalid_policy_configuration_cannot_activate(kind: &quot;severity&quot;)" computerName="ASUSPROART" duration="00:00:00.0005706" startTime="2026-09-24T12:19:43.8218588-04:00" endTime="2026-09-24T12:19:43.8220161-04:00" testType="13cdc9d9-ddb5-4fa4-a97d-d965ccfc6d4b" outcome="Passed" testListId="8c84fa94-04c1-424b-9868-57a2d4851a1d" relativeResultsDirectory="016772bb-e666-468e-9fb2-ee02bd1da573" />
    <UnitTestResult executionId="dd5811c3-5282-475b-8b13-6dc2e6a16287" testId="84dbd2a1-cfd2-1e60-1d12-0ceaeb367844" testName="Sonda.Phase3.Tests.AcceptanceMatrixTests.Approved_fixture_matches_independent_expectations(name: &quot;deadline-date-0923&quot;)" computerName="ASUSPROART" duration="00:00:00.0101888" startTime="2026-09-24T12:19:44.6891926-04:00" endTime="2026-09-24T12:19:44.6993562-04:00" testType="13cdc9d9-ddb5-4fa4-a97d-d965ccfc6d4b" outcome="Passed" testListId="8c84fa94-04c1-424b-9868-57a2d4851a1d" relativeResultsDirectory="dd5811c3-5282-475b-8b13-6dc2e6a16287" />
    <UnitTestResult executionId="7999980c-1671-46a4-9e87-7fcbc77935dd" testId="e4ddd061-afbf-4416-a162-acb91d44dd7c" testName="Sonda.Phase3.Tests.PolicyTests.Manual_resolution_is_confirmed_without_rewriting_history" computerName="ASUSPROART" duration="00:00:00.3073105" startTime="2026-09-24T12:19:43.7667865-04:00" endTime="2026-09-24T12:19:44.0786920-04:00" testType="13cdc9d9-ddb5-4fa4-a97d-d965ccfc6d4b" outcome="Passed" testListId="8c84fa94-04c1-424b-9868-57a2d4851a1d" relativeResultsDirectory="7999980c-1671-46a4-9e87-7fcbc77935dd" />
    <UnitTestResult executionId="56062a31-3f42-4e81-9a05-2d93d2e52b26" testId="526cb84f-9265-36b5-4a3d-e60577298726" testName="Sonda.Phase3.Tests.AcceptanceMatrixTests.Approved_fixture_matches_independent_expectations(name: &quot;serial-begin-rejected&quot;)" computerName="ASUSPROART" duration="00:00:00.0078742" startTime="2026-09-24T12:19:44.4585154-04:00" endTime="2026-09-24T12:19:44.4661886-04:00" testType="13cdc9d9-ddb5-4fa4-a97d-d965ccfc6d4b" outcome="Passed" testListId="8c84fa94-04c1-424b-9868-57a2d4851a1d" relativeResultsDirectory="56062a31-3f42-4e81-9a05-2d93d2e52b26" />
    <UnitTestResult executionId="853684cf-c69a-4363-bed5-02628874e130" testId="58ac0a73-47b7-9966-33f0-f97d9e6e0b1f" testName="Sonda.Phase3.Tests.AcceptanceMatrixTests.Approved_fixture_matches_independent_expectations(name: &quot;manual-then-success&quot;)" computerName="ASUSPROART" duration="00:00:00.0191698" startTime="2026-09-24T12:19:44.4260947-04:00" endTime="2026-09-24T12:19:44.4451170-04:00" testType="13cdc9d9-ddb5-4fa4-a97d-d965ccfc6d4b" outcome="Passed" testListId="8c84fa94-04c1-424b-9868-57a2d4851a1d" relativeResultsDirectory="853684cf-c69a-4363-bed5-02628874e130" />
    <UnitTestResult executionId="c8c943b8-d786-491d-a869-52874e248064" testId="c5be6f3d-cf4e-2a55-2f0d-11de3f06e5eb" testName="Sonda.Phase3.Tests.AcceptanceMatrixTests.Approved_fixture_matches_independent_expectations(name: &quot;success-without-end&quot;)" computerName="ASUSPROART" duration="00:00:00.0158249" startTime="2026-09-24T12:19:44.3077210-04:00" endTime="2026-09-24T12:19:44.3231374-04:00" testType="13cdc9d9-ddb5-4fa4-a97d-d965ccfc6d4b" outcome="Passed" testListId="8c84fa94-04c1-424b-9868-57a2d4851a1d" relativeResultsDirectory="c8c943b8-d786-491d-a869-52874e248064" />
    <UnitTestResult executionId="e6eb8652-8f2c-4d28-bce9-833833c13bd4" testId="abf91839-b5c6-7002-e7c7-eb8f9261f652" testName="Sonda.Phase3.Tests.EdgePolicyTests.Manual_resolution_noop_and_reopening_are_explicit(investigating: False)" computerName="ASUSPROART" duration="00:00:00.0073836" startTime="2026-09-24T12:19:44.1092755-04:00" endTime="2026-09-24T12:19:44.1164440-04:00" testType="13cdc9d9-ddb5-4fa4-a97d-d965ccfc6d4b" outcome="Passed" testListId="8c84fa94-04c1-424b-9868-57a2d4851a1d" relativeResultsDirectory="e6eb8652-8f2c-4d28-bce9-833833c13bd4" />
    <UnitTestResult executionId="0c126e96-c3fc-4df0-ada1-f693626f3bc9" testId="11014176-3b9f-7320-2112-4713d599a255" testName="Sonda.Phase3.Tests.AcceptanceMatrixTests.Approved_fixture_matches_independent_expectations(name: &quot;deadline-date-1101&quot;)" computerName="ASUSPROART" duration="00:00:00.0240052" startTime="2026-09-24T12:19:44.8078356-04:00" endTime="2026-09-24T12:19:44.8318904-04:00" testType="13cdc9d9-ddb5-4fa4-a97d-d965ccfc6d4b" outcome="Passed" testListId="8c84fa94-04c1-424b-9868-57a2d4851a1d" relativeResultsDirectory="0c126e96-c3fc-4df0-ada1-f693626f3bc9" />
    <UnitTestResult executionId="0b53acf2-a987-4081-83aa-292a21233914" testId="2d311daf-7f50-8d9d-3bea-ac842f354243" testName="Sonda.Phase3.Tests.AcceptanceMatrixTests.Approved_fixture_matches_independent_expectations(name: &quot;success-with-diagnostic&quot;)" computerName="ASUSPROART" duration="00:00:00.0101713" startTime="2026-09-24T12:19:44.7331954-04:00" endTime="2026-09-24T12:19:44.7432525-04:00" testType="13cdc9d9-ddb5-4fa4-a97d-d965ccfc6d4b" outcome="Passed" testListId="8c84fa94-04c1-424b-9868-57a2d4851a1d" relativeResultsDirectory="0b53acf2-a987-4081-83aa-292a21233914" />
    <UnitTestResult executionId="a6e9e587-97e9-47ec-9333-fcb287d72aa2" testId="1fdb5415-b700-9c2b-c37c-b597c5bf4b01" testName="Sonda.Phase3.Tests.CommandTests.Availability_does_not_invent_green" computerName="ASUSPROART" duration="00:00:00.0221202" startTime="2026-09-24T12:19:44.3358181-04:00" endTime="2026-09-24T12:19:44.3574950-04:00" testType="13cdc9d9-ddb5-4fa4-a97d-d965ccfc6d4b" outcome="Passed" testListId="8c84fa94-04c1-424b-9868-57a2d4851a1d" relativeResultsDirectory="a6e9e587-97e9-47ec-9333-fcb287d72aa2" />
    <UnitTestResult executionId="35743855-c3f0-4699-b7ad-ea789d8ad224" testId="a75f2928-2b0e-af6f-690b-0488127ceb67" testName="Sonda.Phase3.Tests.AcceptanceMatrixTests.Approved_fixture_matches_independent_expectations(name: &quot;manual-workflow&quot;)" computerName="ASUSPROART" duration="00:00:00.0212756" startTime="2026-09-24T12:19:44.3394005-04:00" endTime="2026-09-24T12:19:44.3605903-04:00" testType="13cdc9d9-ddb5-4fa4-a97d-d965ccfc6d4b" outcome="Passed" testListId="8c84fa94-04c1-424b-9868-57a2d4851a1d" relativeResultsDirectory="35743855-c3f0-4699-b7ad-ea789d8ad224" />
    <UnitTestResult executionId="65ecee55-8789-4548-89ca-92776859e1cb" testId="439f39f1-e134-8347-c540-e08f4ee4a6ae" testName="Sonda.Phase3.Tests.EdgePolicyTests.Invalid_policy_configuration_cannot_activate(kind: &quot;overlap&quot;)" computerName="ASUSPROART" duration="00:00:00.0002017" startTime="2026-09-24T12:19:43.8235907-04:00" endTime="2026-09-24T12:19:43.8236419-04:00" testType="13cdc9d9-ddb5-4fa4-a97d-d965ccfc6d4b" outcome="Passed" testListId="8c84fa94-04c1-424b-9868-57a2d4851a1d" relativeResultsDirectory="65ecee55-8789-4548-89ca-92776859e1cb" />
    <UnitTestResult executionId="7f2470e7-00ae-4418-ab5f-bca0be618cd5" testId="31c0e0b7-d53f-a6c3-4fd5-f256ba714636" testName="Sonda.Phase3.Tests.PolicyTests.Ignore_does_not_erase_structural_failure" computerName="ASUSPROART" duration="00:00:00.0127104" startTime="2026-09-24T12:19:44.1341949-04:00" endTime="2026-09-24T12:19:44.1467653-04:00" testType="13cdc9d9-ddb5-4fa4-a97d-d965ccfc6d4b" outcome="Passed" testListId="8c84fa94-04c1-424b-9868-57a2d4851a1d" relativeResultsDirectory="7f2470e7-00ae-4418-ab5f-bca0be618cd5" />
    <UnitTestResult executionId="7374aa28-acc9-4192-9caa-7117caf444c9" testId="b1fa356c-9a6e-4db0-ff8b-51c332306e84" testName="Sonda.Phase3.Tests.PolicyTests.Same_cycle_retry_preserves_failure_and_recovers" computerName="ASUSPROART" duration="00:00:00.0030231" startTime="2026-09-24T12:19:44.2977368-04:00" endTime="2026-09-24T12:19:44.3005968-04:00" testType="13cdc9d9-ddb5-4fa4-a97d-d965ccfc6d4b" outcome="Passed" testListId="8c84fa94-04c1-424b-9868-57a2d4851a1d" relativeResultsDirectory="7374aa28-acc9-4192-9caa-7117caf444c9" />
    <UnitTestResult executionId="cca0ed23-1d85-4b0d-b858-a2f337bd9108" testId="4f1d6dca-e331-b3fc-56f7-5e0113496ed6" testName="Sonda.Phase3.Tests.AcceptanceMatrixTests.Approved_fixture_matches_independent_expectations(name: &quot;incompatible-transition&quot;)" computerName="ASUSPROART" duration="00:00:00.0167570" startTime="2026-09-24T12:19:44.5970614-04:00" endTime="2026-09-24T12:19:44.6138340-04:00" testType="13cdc9d9-ddb5-4fa4-a97d-d965ccfc6d4b" outcome="Passed" testListId="8c84fa94-04c1-424b-9868-57a2d4851a1d" relativeResultsDirectory="cca0ed23-1d85-4b0d-b858-a2f337bd9108" />
    <UnitTestResult executionId="de3fb74f-7928-4618-8020-acc6ca0ab492" testId="4896fc45-ae5c-f423-7a5c-13adbc06a883" testName="Sonda.Phase3.Tests.EdgePolicyTests.Failure_incident_is_visible_before_explicit_end" computerName="ASUSPROART" duration="00:00:00.0115247" startTime="2026-09-24T12:19:44.2898538-04:00" endTime="2026-09-24T12:19:44.3008237-04:00" testType="13cdc9d9-ddb5-4fa4-a97d-d965ccfc6d4b" outcome="Passed" testListId="8c84fa94-04c1-424b-9868-57a2d4851a1d" relativeResultsDirectory="de3fb74f-7928-4618-8020-acc6ca0ab492" />
    <UnitTestResult executionId="7b1d53c3-aac4-401e-9c23-28f27f90acb9" testId="de33018d-5feb-0f4d-aec8-8a4dd150c111" testName="Sonda.Phase3.Tests.EdgePolicyTests.Invalid_policy_configuration_cannot_activate(kind: &quot;negative&quot;)" computerName="ASUSPROART" duration="00:00:00.0000360" startTime="2026-09-24T12:19:43.8237298-04:00" endTime="2026-09-24T12:19:43.8237747-04:00" testType="13cdc9d9-ddb5-4fa4-a97d-d965ccfc6d4b" outcome="Passed" testListId="8c84fa94-04c1-424b-9868-57a2d4851a1d" relativeResultsDirectory="7b1d53c3-aac4-401e-9c23-28f27f90acb9" />
    <UnitTestResult executionId="21cdb2b4-6db4-488f-a790-0c7698f25992" testId="6ff59a1a-659b-8f43-9296-76f9e2a59601" testName="Sonda.Phase3.Tests.AcceptanceMatrixTests.Approved_fixture_matches_independent_expectations(name: &quot;late-terminal&quot;)" computerName="ASUSPROART" duration="00:00:00.0304026" startTime="2026-09-24T12:19:44.5118143-04:00" endTime="2026-09-24T12:19:44.5421934-04:00" testType="13cdc9d9-ddb5-4fa4-a97d-d965ccfc6d4b" outcome="Passed" testListId="8c84fa94-04c1-424b-9868-57a2d4851a1d" relativeResultsDirectory="21cdb2b4-6db4-488f-a790-0c7698f25992" />
    <UnitTestResult executionId="c53db488-e202-4596-a752-850e34a1b6bf" testId="ecf81535-d043-dad8-ff99-e1b0c67388dd" testName="Sonda.Phase3.Tests.AcceptanceMatrixTests.Approved_fixture_matches_independent_expectations(name: &quot;failure-and-ignore&quot;)" computerName="ASUSPROART" duration="00:00:00.0168888" startTime="2026-09-24T12:19:44.7566443-04:00" endTime="2026-09-24T12:19:44.7733983-04:00" testType="13cdc9d9-ddb5-4fa4-a97d-d965ccfc6d4b" outcome="Passed" testListId="8c84fa94-04c1-424b-9868-57a2d4851a1d" relativeResultsDirectory="c53db488-e202-4596-a752-850e34a1b6bf" />
    <UnitTestResult executionId="1ef430a9-2d80-4990-8379-109927b6e654" testId="32fbfe31-de3c-fb50-1194-b1f77803ba2c" testName="Sonda.Phase3.Tests.EdgePolicyTests.Invalid_policy_configuration_cannot_activate(kind: &quot;fallback&quot;)" computerName="ASUSPROART" duration="00:00:00.0000694" startTime="2026-09-24T12:19:43.8233665-04:00" endTime="2026-09-24T12:19:43.8234408-04:00" testType="13cdc9d9-ddb5-4fa4-a97d-d965ccfc6d4b" outcome="Passed" testListId="8c84fa94-04c1-424b-9868-57a2d4851a1d" relativeResultsDirectory="1ef430a9-2d80-4990-8379-109927b6e654" />
    <UnitTestResult executionId="80f9c646-802d-4429-a0b9-788978033c06" testId="6afbd3a0-59d4-cbb1-d498-9760c50403a0" testName="Sonda.Phase3.Tests.AcceptanceMatrixTests.Approved_fixture_matches_independent_expectations(name: &quot;clock-and-date&quot;)" computerName="ASUSPROART" duration="00:00:00.0181929" startTime="2026-09-24T12:19:44.5787247-04:00" endTime="2026-09-24T12:19:44.5967577-04:00" testType="13cdc9d9-ddb5-4fa4-a97d-d965ccfc6d4b" outcome="Passed" testListId="8c84fa94-04c1-424b-9868-57a2d4851a1d" relativeResultsDirectory="80f9c646-802d-4429-a0b9-788978033c06" />
    <UnitTestResult executionId="75a7bb1c-600b-43c8-a668-e1c03ccf7175" testId="513c6b90-8d4c-c0b1-fa12-2b64563e7104" testName="Sonda.Phase3.Tests.CommandTests.Correlated_cycles_and_restore_preserve_independent_orders" computerName="ASUSPROART" duration="00:00:00.1969436" startTime="2026-09-24T12:19:44.1212212-04:00" endTime="2026-09-24T12:19:44.3180529-04:00" testType="13cdc9d9-ddb5-4fa4-a97d-d965ccfc6d4b" outcome="Passed" testListId="8c84fa94-04c1-424b-9868-57a2d4851a1d" relativeResultsDirectory="75a7bb1c-600b-43c8-a668-e1c03ccf7175" />
    <UnitTestResult executionId="db4d523e-38f1-4016-b7cd-289dea82b6a8" testId="64530609-ac0a-2b2f-4d0f-4665d2d2e4a2" testName="Sonda.Phase3.Tests.AcceptanceMatrixTests.Approved_fixture_matches_independent_expectations(name: &quot;pinned-version-transition&quot;)" computerName="ASUSPROART" duration="00:00:00.0291938" startTime="2026-09-24T12:19:44.8627804-04:00" endTime="2026-09-24T12:19:44.8917732-04:00" testType="13cdc9d9-ddb5-4fa4-a97d-d965ccfc6d4b" outcome="Passed" testListId="8c84fa94-04c1-424b-9868-57a2d4851a1d" relativeResultsDirectory="db4d523e-38f1-4016-b7cd-289dea82b6a8" />
    <UnitTestResult executionId="4fc5307e-eb38-4d27-a0a3-b25f3f2eebc8" testId="d43a8d86-af52-8d91-b483-5465152ecb8a" testName="Sonda.Phase3.Tests.AcceptanceMatrixTests.Approved_fixture_matches_independent_expectations(name: &quot;correlated-overlap&quot;)" computerName="ASUSPROART" duration="00:00:00.0163241" startTime="2026-09-24T12:19:44.7801920-04:00" endTime="2026-09-24T12:19:44.7963434-04:00" testType="13cdc9d9-ddb5-4fa4-a97d-d965ccfc6d4b" outcome="Passed" testListId="8c84fa94-04c1-424b-9868-57a2d4851a1d" relativeResultsDirectory="4fc5307e-eb38-4d27-a0a3-b25f3f2eebc8" />
    <UnitTestResult executionId="4f11a3ff-9fc0-4b0a-80a1-30b713a3dcec" testId="95e2c460-6bf5-9035-7fad-d70d66d0cb3b" testName="Sonda.Phase3.Tests.EdgePolicyTests.Invalid_policy_configuration_cannot_activate(kind: &quot;order&quot;)" computerName="ASUSPROART" duration="00:00:00.0255641" startTime="2026-09-24T12:19:43.7665878-04:00" endTime="2026-09-24T12:19:43.8014959-04:00" testType="13cdc9d9-ddb5-4fa4-a97d-d965ccfc6d4b" outcome="Passed" testListId="8c84fa94-04c1-424b-9868-57a2d4851a1d" relativeResultsDirectory="4f11a3ff-9fc0-4b0a-80a1-30b713a3dcec" />
    <UnitTestResult executionId="7b41eb38-ef89-466e-a56f-4c446fc48f33" testId="e3506e9d-4c6a-cfd8-e794-b40cbbb54057" testName="Sonda.Phase3.Tests.AcceptanceMatrixTests.Approved_fixture_matches_independent_expectations(name: &quot;backlog-frontier&quot;)" computerName="ASUSPROART" duration="00:00:00.0092721" startTime="2026-09-24T12:19:44.5425279-04:00" endTime="2026-09-24T12:19:44.5515313-04:00" testType="13cdc9d9-ddb5-4fa4-a97d-d965ccfc6d4b" outcome="Passed" testListId="8c84fa94-04c1-424b-9868-57a2d4851a1d" relativeResultsDirectory="7b41eb38-ef89-466e-a56f-4c446fc48f33" />
    <UnitTestResult executionId="e6b30cb3-1d71-4477-ac88-f836d363c357" testId="86ef581b-d1a2-5e60-c053-cc0e9e58b9dc" testName="Sonda.Phase3.Tests.EdgePolicyTests.Expected_duration_only_is_overdue_without_finalization" computerName="ASUSPROART" duration="00:00:00.0031115" startTime="2026-09-24T12:19:44.2863529-04:00" endTime="2026-09-24T12:19:44.2892865-04:00" testType="13cdc9d9-ddb5-4fa4-a97d-d965ccfc6d4b" outcome="Passed" testListId="8c84fa94-04c1-424b-9868-57a2d4851a1d" relativeResultsDirectory="e6b30cb3-1d71-4477-ac88-f836d363c357" />
    <UnitTestResult executionId="524a07aa-2e53-4b81-81a2-2220fe3600d2" testId="45b51928-715b-8d32-b485-42ba20341329" testName="Sonda.Phase3.Tests.AcceptanceMatrixTests.Approved_fixture_matches_independent_expectations(name: &quot;boundary-before-timer&quot;)" computerName="ASUSPROART" duration="00:00:00.0109987" startTime="2026-09-24T12:19:44.6781017-04:00" endTime="2026-09-24T12:19:44.6889855-04:00" testType="13cdc9d9-ddb5-4fa4-a97d-d965ccfc6d4b" outcome="Passed" testListId="8c84fa94-04c1-424b-9868-57a2d4851a1d" relativeResultsDirectory="524a07aa-2e53-4b81-81a2-2220fe3600d2" />
    <UnitTestResult executionId="a4591b5a-9be1-4f71-8676-d270a5910327" testId="8f32f570-b622-0e6f-8cdf-ded15b157a9b" testName="Sonda.Phase3.Tests.AcceptanceMatrixTests.Approved_fixture_matches_independent_expectations(name: &quot;same-input-contradiction&quot;)" computerName="ASUSPROART" duration="00:00:00.0122456" startTime="2026-09-24T12:19:44.6546518-04:00" endTime="2026-09-24T12:19:44.6667582-04:00" testType="13cdc9d9-ddb5-4fa4-a97d-d965ccfc6d4b" outcome="Passed" testListId="8c84fa94-04c1-424b-9868-57a2d4851a1d" relativeResultsDirectory="a4591b5a-9be1-4f71-8676-d270a5910327" />
    <UnitTestResult executionId="64d347a3-4c97-4f05-a432-112198abed78" testId="4e105dc4-2383-be45-0a17-bde4b5ee2c8e" testName="Sonda.Phase3.Tests.CommandTests.Outside_cycle_incident_has_observation_without_invented_run" computerName="ASUSPROART" duration="00:00:00.0169335" startTime="2026-09-24T12:19:44.3185973-04:00" endTime="2026-09-24T12:19:44.3354448-04:00" testType="13cdc9d9-ddb5-4fa4-a97d-d965ccfc6d4b" outcome="Passed" testListId="8c84fa94-04c1-424b-9868-57a2d4851a1d" relativeResultsDirectory="64d347a3-4c97-4f05-a432-112198abed78" />
    <UnitTestResult executionId="b0f616c9-d2cd-415f-b042-2eea337a17ef" testId="0dfa45c3-fb68-6867-d8a8-e51813874bde" testName="Sonda.Phase3.Tests.AcceptanceMatrixTests.Approved_fixture_matches_independent_expectations(name: &quot;same-cycle-retry&quot;)" computerName="ASUSPROART" duration="00:00:00.0129177" startTime="2026-09-24T12:19:44.7434548-04:00" endTime="2026-09-24T12:19:44.7563942-04:00" testType="13cdc9d9-ddb5-4fa4-a97d-d965ccfc6d4b" outcome="Passed" testListId="8c84fa94-04c1-424b-9868-57a2d4851a1d" relativeResultsDirectory="b0f616c9-d2cd-415f-b042-2eea337a17ef" />
    <UnitTestResult executionId="71666b66-4f47-4df5-b177-5c1144b24524" testId="b17cdcb0-1745-f0fc-03a0-2f1b6c68ee7e" testName="Sonda.Phase3.Tests.AcceptanceMatrixTests.Approved_fixture_matches_independent_expectations(name: &quot;closed-correlation-reuse&quot;)" computerName="ASUSPROART" duration="00:00:00.0124846" startTime="2026-09-24T12:19:44.7108557-04:00" endTime="2026-09-24T12:19:44.7223462-04:00" testType="13cdc9d9-ddb5-4fa4-a97d-d965ccfc6d4b" outcome="Passed" testListId="8c84fa94-04c1-424b-9868-57a2d4851a1d" relativeResultsDirectory="71666b66-4f47-4df5-b177-5c1144b24524" />
    <UnitTestResult executionId="6a759152-f9dd-400c-8224-fb32745fe05d" testId="a0658b34-83b0-c716-4da5-0f1f42cdf32c" testName="Sonda.Phase3.Tests.AcceptanceMatrixTests.Approved_fixture_matches_independent_expectations(name: &quot;deadline-date-0308&quot;)" computerName="ASUSPROART" duration="00:00:00.0146477" startTime="2026-09-24T12:19:44.3883437-04:00" endTime="2026-09-24T12:19:44.4029254-04:00" testType="13cdc9d9-ddb5-4fa4-a97d-d965ccfc6d4b" outcome="Passed" testListId="8c84fa94-04c1-424b-9868-57a2d4851a1d" relativeResultsDirectory="6a759152-f9dd-400c-8224-fb32745fe05d" />
    <UnitTestResult executionId="5bc7de72-9a56-45cd-a44e-d4c34356076d" testId="cddd7378-3943-5d0e-b673-e38d99ac5c64" testName="Sonda.Phase3.Tests.AcceptanceMatrixTests.Approved_fixture_matches_independent_expectations(name: &quot;required-sources&quot;)" computerName="ASUSPROART" duration="00:00:00.0063587" startTime="2026-09-24T12:19:44.7737158-04:00" endTime="2026-09-24T12:19:44.7799591-04:00" testType="13cdc9d9-ddb5-4fa4-a97d-d965ccfc6d4b" outcome="Passed" testListId="8c84fa94-04c1-424b-9868-57a2d4851a1d" relativeResultsDirectory="5bc7de72-9a56-45cd-a44e-d4c34356076d" />
    <UnitTestResult executionId="c25a7e17-05a5-4f14-bab2-2eb841775aae" testId="dc2c27ca-4de2-e1b4-a711-b6c88b30b0c3" testName="Sonda.Phase3.Tests.AcceptanceMatrixTests.Approved_fixture_matches_independent_expectations(name: &quot;missing-correlation&quot;)" computerName="ASUSPROART" duration="00:00:00.0143041" startTime="2026-09-24T12:19:44.4679591-04:00" endTime="2026-09-24T12:19:44.4806253-04:00" testType="13cdc9d9-ddb5-4fa4-a97d-d965ccfc6d4b" outcome="Passed" testListId="8c84fa94-04c1-424b-9868-57a2d4851a1d" relativeResultsDirectory="c25a7e17-05a5-4f14-bab2-2eb841775aae" />
    <UnitTestResult executionId="8fe63d89-741a-48e4-94ef-d30d61d2053b" testId="85cbd8ed-217f-5e95-9693-1bc4f222ec1a" testName="Sonda.Phase3.Tests.CommandTests.Compatible_activation_pins_parent_and_new_child" computerName="ASUSPROART" duration="00:00:00.0129698" startTime="2026-09-24T12:19:44.3627492-04:00" endTime="2026-09-24T12:19:44.3737006-04:00" testType="13cdc9d9-ddb5-4fa4-a97d-d965ccfc6d4b" outcome="Passed" testListId="8c84fa94-04c1-424b-9868-57a2d4851a1d" relativeResultsDirectory="8fe63d89-741a-48e4-94ef-d30d61d2053b" />
    <UnitTestResult executionId="40133b5a-6456-44d0-b655-4a45cc7f3f8a" testId="beb64eed-1f53-430e-e36e-281d69285e0d" testName="Sonda.Phase3.Tests.AcceptanceMatrixTests.Approved_fixture_matches_independent_expectations(name: &quot;application-duration&quot;)" computerName="ASUSPROART" duration="00:00:00.0158338" startTime="2026-09-24T12:19:44.3235258-04:00" endTime="2026-09-24T12:19:44.3391364-04:00" testType="13cdc9d9-ddb5-4fa4-a97d-d965ccfc6d4b" outcome="Passed" testListId="8c84fa94-04c1-424b-9868-57a2d4851a1d" relativeResultsDirectory="40133b5a-6456-44d0-b655-4a45cc7f3f8a" />
    <UnitTestResult executionId="94ec78a6-47a4-4520-b894-1aede8a71b54" testId="a98cc6bf-e1d8-c799-0d09-e55766596f39" testName="Sonda.Phase3.Tests.AcceptanceMatrixTests.Approved_fixture_matches_independent_expectations(name: &quot;open-duplicate-begin&quot;)" computerName="ASUSPROART" duration="00:00:00.0146571" startTime="2026-09-24T12:19:44.8499904-04:00" endTime="2026-09-24T12:19:44.8623341-04:00" testType="13cdc9d9-ddb5-4fa4-a97d-d965ccfc6d4b" outcome="Passed" testListId="8c84fa94-04c1-424b-9868-57a2d4851a1d" relativeResultsDirectory="94ec78a6-47a4-4520-b894-1aede8a71b54" />
    <UnitTestResult executionId="cbc93bac-0301-44fa-b870-2686c64d50ae" testId="8836f845-9384-4d1b-59bc-c7072afd3221" testName="Sonda.Phase3.Tests.AcceptanceMatrixTests.Approved_fixture_matches_independent_expectations(name: &quot;warning-with-success&quot;)" computerName="ASUSPROART" duration="00:00:00.0104248" startTime="2026-09-24T12:19:44.7237624-04:00" endTime="2026-09-24T12:19:44.7329646-04:00" testType="13cdc9d9-ddb5-4fa4-a97d-d965ccfc6d4b" outcome="Passed" testListId="8c84fa94-04c1-424b-9868-57a2d4851a1d" relativeResultsDirectory="cbc93bac-0301-44fa-b870-2686c64d50ae" />
    <UnitTestResult executionId="6b629e7c-c9de-4467-afef-864150f1561c" testId="281deeee-95c1-d0d2-57da-9a93da16dff8" testName="Sonda.Phase3.Tests.EdgePolicyTests.Evidence_at_exact_deadline_wins_when_frontier_includes_it" computerName="ASUSPROART" duration="00:00:00.0061988" startTime="2026-09-24T12:19:44.3031513-04:00" endTime="2026-09-24T12:19:44.3077877-04:00" testType="13cdc9d9-ddb5-4fa4-a97d-d965ccfc6d4b" outcome="Passed" testListId="8c84fa94-04c1-424b-9868-57a2d4851a1d" relativeResultsDirectory="6b629e7c-c9de-4467-afef-864150f1561c" />
    <UnitTestResult executionId="d0b94b4f-3433-45dc-97ec-e65efde128e6" testId="ece8bcb7-43a6-4b9e-4ef4-cd08924bf704" testName="Sonda.Phase3.Tests.PolicyTests.Explicit_end_failure_dominates_separate_success(reverse: True)" computerName="ASUSPROART" duration="00:00:00.0073300" startTime="2026-09-24T12:19:44.1257847-04:00" endTime="2026-09-24T12:19:44.1312666-04:00" testType="13cdc9d9-ddb5-4fa4-a97d-d965ccfc6d4b" outcome="Passed" testListId="8c84fa94-04c1-424b-9868-57a2d4851a1d" relativeResultsDirectory="d0b94b4f-3433-45dc-97ec-e65efde128e6" />
    <UnitTestResult executionId="3b293f37-cdf6-46e5-9f5a-a877c38a1b95" testId="1ce86b81-e33e-b611-db18-c5969a4d6054" testName="Sonda.Phase3.Tests.EdgePolicyTests.Manual_resolution_noop_and_reopening_are_explicit(investigating: True)" computerName="ASUSPROART" duration="00:00:00.0028219" startTime="2026-09-24T12:19:44.1168051-04:00" endTime="2026-09-24T12:19:44.1194118-04:00" testType="13cdc9d9-ddb5-4fa4-a97d-d965ccfc6d4b" outcome="Passed" testListId="8c84fa94-04c1-424b-9868-57a2d4851a1d" relativeResultsDirectory="3b293f37-cdf6-46e5-9f5a-a877c38a1b95" />
    <UnitTestResult executionId="dd6381c0-0ee7-43d8-be7b-12c61de95b70" testId="fac9f477-c070-31a2-ba7a-952f2a3b29b8" testName="Sonda.Phase3.Tests.AcceptanceMatrixTests.Approved_fixture_matches_independent_expectations(name: &quot;incomplete-explicit-end&quot;)" computerName="ASUSPROART" duration="00:00:00.0154553" startTime="2026-09-24T12:19:44.3729443-04:00" endTime="2026-09-24T12:19:44.3880901-04:00" testType="13cdc9d9-ddb5-4fa4-a97d-d965ccfc6d4b" outcome="Passed" testListId="8c84fa94-04c1-424b-9868-57a2d4851a1d" relativeResultsDirectory="dd6381c0-0ee7-43d8-be7b-12c61de95b70" />
    <UnitTestResult executionId="46407723-a9c4-461d-9211-de84eeb16b5b" testId="67364ffb-e874-18a1-5c29-5d49a0823994" testName="Sonda.Phase3.Tests.AcceptanceMatrixTests.Approved_fixture_matches_independent_expectations(name: &quot;versioned-recovery&quot;)" computerName="ASUSPROART" duration="00:00:00.0154175" startTime="2026-09-24T12:19:44.8325106-04:00" endTime="2026-09-24T12:19:44.8475972-04:00" testType="13cdc9d9-ddb5-4fa4-a97d-d965ccfc6d4b" outcome="Passed" testListId="8c84fa94-04c1-424b-9868-57a2d4851a1d" relativeResultsDirectory="46407723-a9c4-461d-9211-de84eeb16b5b" />
    <UnitTestResult executionId="0db23728-0377-4e44-8fab-1fe01ef1ee2e" testId="d4abf4a8-a10e-28cb-05d7-e6f47e6dd427" testName="Sonda.Phase3.Tests.AcceptanceMatrixTests.Approved_fixture_matches_independent_expectations(name: &quot;recovery-causality&quot;)" computerName="ASUSPROART" duration="00:00:00.0101508" startTime="2026-09-24T12:19:44.6997225-04:00" endTime="2026-09-24T12:19:44.7096366-04:00" testType="13cdc9d9-ddb5-4fa4-a97d-d965ccfc6d4b" outcome="Passed" testListId="8c84fa94-04c1-424b-9868-57a2d4851a1d" relativeResultsDirectory="0db23728-0377-4e44-8fab-1fe01ef1ee2e" />
    <UnitTestResult executionId="59fa87c5-c288-42c1-867f-326ace896ca4" testId="de0bd9c6-8784-1cf6-f994-ffefca31fed6" testName="Sonda.Phase3.Tests.AcceptanceMatrixTests.Approved_fixture_matches_independent_expectations(name: &quot;availability&quot;)" computerName="ASUSPROART" duration="00:00:00.0128403" startTime="2026-09-24T12:19:44.4453862-04:00" endTime="2026-09-24T12:19:44.4581838-04:00" testType="13cdc9d9-ddb5-4fa4-a97d-d965ccfc6d4b" outcome="Passed" testListId="8c84fa94-04c1-424b-9868-57a2d4851a1d" relativeResultsDirectory="59fa87c5-c288-42c1-867f-326ace896ca4" />
    <UnitTestResult executionId="75295290-4caa-4944-881c-75e8f0992bd9" testId="e2321a0b-5605-85ad-c1f6-f1132399c04f" testName="Sonda.Phase3.Tests.AcceptanceMatrixTests.Approved_fixture_matches_independent_expectations(name: &quot;recurrence-episodes&quot;)" computerName="ASUSPROART" duration="00:00:00.0229796" startTime="2026-09-24T12:19:44.4810626-04:00" endTime="2026-09-24T12:19:44.5038074-04:00" testType="13cdc9d9-ddb5-4fa4-a97d-d965ccfc6d4b" outcome="Passed" testListId="8c84fa94-04c1-424b-9868-57a2d4851a1d" relativeResultsDirectory="75295290-4caa-4944-881c-75e8f0992bd9" />
    <UnitTestResult executionId="e02ec882-498c-4960-a019-75332d90ee33" testId="1b844058-9cd8-a29a-fb86-c0503a97fa18" testName="Sonda.Phase3.Tests.EdgePolicyTests.Automatic_resolution_then_failure_creates_new_episode" computerName="ASUSPROART" duration="00:00:00.0275980" startTime="2026-09-24T12:19:44.1253930-04:00" endTime="2026-09-24T12:19:44.1494950-04:00" testType="13cdc9d9-ddb5-4fa4-a97d-d965ccfc6d4b" outcome="Passed" testListId="8c84fa94-04c1-424b-9868-57a2d4851a1d" relativeResultsDirectory="e02ec882-498c-4960-a019-75332d90ee33" />
    <UnitTestResult executionId="ab143451-3161-4c63-8958-dc03484ffd8a" testId="d824fe6f-9390-3976-98ef-7a80b4b92a48" testName="Sonda.Phase3.Tests.EdgePolicyTests.Partition_error_survives_restart_without_blocking_other_cycle" computerName="ASUSPROART" duration="00:00:00.1293904" startTime="2026-09-24T12:19:44.1522142-04:00" endTime="2026-09-24T12:19:44.2811680-04:00" testType="13cdc9d9-ddb5-4fa4-a97d-d965ccfc6d4b" outcome="Passed" testListId="8c84fa94-04c1-424b-9868-57a2d4851a1d" relativeResultsDirectory="ab143451-3161-4c63-8958-dc03484ffd8a" />
    <UnitTestResult executionId="e61170ea-65ab-447d-86ff-9b82677ae84f" testId="c1aa071d-5b0b-7524-d417-635a0e6796c8" testName="Sonda.Phase3.Tests.AcceptanceMatrixTests.Approved_fixture_matches_independent_expectations(name: &quot;open-out-of-order&quot;)" computerName="ASUSPROART" duration="00:00:00.0117001" startTime="2026-09-24T12:19:44.3621599-04:00" endTime="2026-09-24T12:19:44.3724539-04:00" testType="13cdc9d9-ddb5-4fa4-a97d-d965ccfc6d4b" outcome="Passed" testListId="8c84fa94-04c1-424b-9868-57a2d4851a1d" relativeResultsDirectory="e61170ea-65ab-447d-86ff-9b82677ae84f" />
    <UnitTestResult executionId="8d47f687-4f98-4d69-8ff5-8084d12d2cab" testId="72f693f3-7138-d6ed-949e-86b7b330f502" testName="Sonda.Phase3.Tests.PolicyTests.Successful_run_keeps_independent_diagnostic(severity: &quot;Warning&quot;)" computerName="ASUSPROART" duration="00:00:00.0030347" startTime="2026-09-24T12:19:44.1209304-04:00" endTime="2026-09-24T12:19:44.1255185-04:00" testType="13cdc9d9-ddb5-4fa4-a97d-d965ccfc6d4b" outcome="Passed" testListId="8c84fa94-04c1-424b-9868-57a2d4851a1d" relativeResultsDirectory="8d47f687-4f98-4d69-8ff5-8084d12d2cab" />
    <UnitTestResult executionId="3cc26803-6401-4ef9-88ea-9d40952387a9" testId="cd7e7499-5090-09dc-e5ea-11824ce3e7c3" testName="Sonda.Phase3.Tests.AcceptanceMatrixTests.Approved_fixture_matches_independent_expectations(name: &quot;late-diagnostic&quot;)" computerName="ASUSPROART" duration="00:00:00.0111039" startTime="2026-09-24T12:19:44.7965397-04:00" endTime="2026-09-24T12:19:44.8076132-04:00" testType="13cdc9d9-ddb5-4fa4-a97d-d965ccfc6d4b" outcome="Passed" testListId="8c84fa94-04c1-424b-9868-57a2d4851a1d" relativeResultsDirectory="3cc26803-6401-4ef9-88ea-9d40952387a9" />
    <UnitTestResult executionId="21f5bb73-27d8-4298-9a6b-a13eea87dda0" testId="870b9d83-573c-f48d-d753-26e1be9e9783" testName="Sonda.Phase3.Tests.AcceptanceMatrixTests.Approved_fixture_matches_independent_expectations(name: &quot;order-fallback&quot;)" computerName="ASUSPROART" duration="00:00:00.0107205" startTime="2026-09-24T12:19:44.6437440-04:00" endTime="2026-09-24T12:19:44.6543733-04:00" testType="13cdc9d9-ddb5-4fa4-a97d-d965ccfc6d4b" outcome="Passed" testListId="8c84fa94-04c1-424b-9868-57a2d4851a1d" relativeResultsDirectory="21f5bb73-27d8-4298-9a6b-a13eea87dda0" />
    <UnitTestResult executionId="c354d745-66c7-48ba-b566-321c69f77937" testId="4ab618cf-b6f8-0a98-3d8c-d1ce3f151b5e" testName="Sonda.Phase3.Tests.EdgePolicyTests.Manual_only_diagnostic_survives_later_success" computerName="ASUSPROART" duration="00:00:00.0046606" startTime="2026-09-24T12:19:44.2815192-04:00" endTime="2026-09-24T12:19:44.2860903-04:00" testType="13cdc9d9-ddb5-4fa4-a97d-d965ccfc6d4b" outcome="Passed" testListId="8c84fa94-04c1-424b-9868-57a2d4851a1d" relativeResultsDirectory="c354d745-66c7-48ba-b566-321c69f77937" />
    <UnitTestResult executionId="d3151eb9-63db-49af-a136-076c78874f3a" testId="a8d4c202-1348-58bc-ca5d-c16235872798" testName="Sonda.Phase3.Tests.EdgePolicyTests.Event_deadline_never_implicitly_uses_processing_time" computerName="ASUSPROART" duration="00:00:00.0019808" startTime="2026-09-24T12:19:44.1498904-04:00" endTime="2026-09-24T12:19:44.1516136-04:00" testType="13cdc9d9-ddb5-4fa4-a97d-d965ccfc6d4b" outcome="Passed" testListId="8c84fa94-04c1-424b-9868-57a2d4851a1d" relativeResultsDirectory="d3151eb9-63db-49af-a136-076c78874f3a" />
    <UnitTestResult executionId="510424d8-5f86-4751-ab0c-a2b9201c8a4a" testId="651383ac-60d2-b0b7-fee8-6163927cf8ad" testName="Sonda.Phase3.Tests.AcceptanceMatrixTests.Approved_fixture_matches_independent_expectations(name: &quot;changed-diagnostic-key&quot;)" computerName="ASUSPROART" duration="00:00:00.0226582" startTime="2026-09-24T12:19:44.4032517-04:00" endTime="2026-09-24T12:19:44.4258266-04:00" testType="13cdc9d9-ddb5-4fa4-a97d-d965ccfc6d4b" outcome="Passed" testListId="8c84fa94-04c1-424b-9868-57a2d4851a1d" relativeResultsDirectory="510424d8-5f86-4751-ab0c-a2b9201c8a4a" />
    <UnitTestResult executionId="93330bf3-d505-4a1f-847a-016ce2ed9872" testId="a6b47128-0416-c8da-5745-a4d6b807d0ea" testName="Sonda.Phase3.Tests.PolicyTests.Explicit_end_failure_dominates_separate_success(reverse: False)" computerName="ASUSPROART" duration="00:00:00.0024552" startTime="2026-09-24T12:19:44.1315218-04:00" endTime="2026-09-24T12:19:44.1338624-04:00" testType="13cdc9d9-ddb5-4fa4-a97d-d965ccfc6d4b" outcome="Passed" testListId="8c84fa94-04c1-424b-9868-57a2d4851a1d" relativeResultsDirectory="93330bf3-d505-4a1f-847a-016ce2ed9872" />
    <UnitTestResult executionId="b40fa9df-a725-4122-a5d4-5dd4a1c630f0" testId="0f0fff01-59d4-b08e-2130-5e37c5c7fee7" testName="Sonda.Phase3.Tests.PolicyTests.Successful_run_keeps_independent_diagnostic(severity: &quot;Error&quot;)" computerName="ASUSPROART" duration="00:00:00.0417700" startTime="2026-09-24T12:19:44.0797374-04:00" endTime="2026-09-24T12:19:44.1205553-04:00" testType="13cdc9d9-ddb5-4fa4-a97d-d965ccfc6d4b" outcome="Passed" testListId="8c84fa94-04c1-424b-9868-57a2d4851a1d" relativeResultsDirectory="b40fa9df-a725-4122-a5d4-5dd4a1c630f0" />
    <UnitTestResult executionId="c771c45d-ecc7-43c8-93bb-457329c86cf5" testId="df67ed53-a3f0-2537-1171-024639d82296" testName="Sonda.Phase3.Tests.AcceptanceMatrixTests.Approved_fixture_matches_independent_expectations(name: &quot;incompatible-recovery-contract&quot;)" computerName="ASUSPROART" duration="00:00:00.0204480" startTime="2026-09-24T12:19:44.2865342-04:00" endTime="2026-09-24T12:19:44.3074451-04:00" testType="13cdc9d9-ddb5-4fa4-a97d-d965ccfc6d4b" outcome="Passed" testListId="8c84fa94-04c1-424b-9868-57a2d4851a1d" relativeResultsDirectory="c771c45d-ecc7-43c8-93bb-457329c86cf5" />
  </Results>
  <TestDefinitions>
    <UnitTest name="Sonda.Phase3.Tests.AcceptanceMatrixTests.Approved_fixture_matches_independent_expectations(name: &quot;serial-new-begin&quot;)" storage="c:\saproductions\sonda\tests\sonda.phase3.tests\bin\release\net10.0\sonda.phase3.tests.dll" id="d7dd7d7a-aa06-d289-158d-ddb9b9b81805">
      <Execution id="f00785b1-22ce-49b1-97c0-4d65a3de3078" />
      <TestMethod codeBase="C:\SaProductions\Sonda\tests\Sonda.Phase3.Tests\bin\Release\net10.0\Sonda.Phase3.Tests.dll" adapterTypeName="executor://xunit/VsTestRunner3/netcore/" className="Sonda.Phase3.Tests.AcceptanceMatrixTests" name="Approved_fixture_matches_independent_expectations" />
    </UnitTest>
    <UnitTest name="Sonda.Phase3.Tests.AcceptanceMatrixTests.Approved_fixture_matches_independent_expectations(name: &quot;changed-diagnostic-key&quot;)" storage="c:\saproductions\sonda\tests\sonda.phase3.tests\bin\release\net10.0\sonda.phase3.tests.dll" id="651383ac-60d2-b0b7-fee8-6163927cf8ad">
      <Execution id="510424d8-5f86-4751-ab0c-a2b9201c8a4a" />
      <TestMethod codeBase="C:\SaProductions\Sonda\tests\Sonda.Phase3.Tests\bin\Release\net10.0\Sonda.Phase3.Tests.dll" adapterTypeName="executor://xunit/VsTestRunner3/netcore/" className="Sonda.Phase3.Tests.AcceptanceMatrixTests" name="Approved_fixture_matches_independent_expectations" />
    </UnitTest>
    <UnitTest name="Sonda.Phase3.Tests.AcceptanceMatrixTests.Approved_fixture_matches_independent_expectations(name: &quot;timing-disabled&quot;)" storage="c:\saproductions\sonda\tests\sonda.phase3.tests\bin\release\net10.0\sonda.phase3.tests.dll" id="1f12629f-46a5-bce6-fa1f-9dfb3a9bc45b">
      <Execution id="90c7f0cb-032b-4585-ab3d-455a817f3ae9" />
      <TestMethod codeBase="C:\SaProductions\Sonda\tests\Sonda.Phase3.Tests\bin\Release\net10.0\Sonda.Phase3.Tests.dll" adapterTypeName="executor://xunit/VsTestRunner3/netcore/" className="Sonda.Phase3.Tests.AcceptanceMatrixTests" name="Approved_fixture_matches_independent_expectations" />
    </UnitTest>
    <UnitTest name="Sonda.Phase3.Tests.CommandTests.Compatible_activation_pins_parent_and_new_child" storage="c:\saproductions\sonda\tests\sonda.phase3.tests\bin\release\net10.0\sonda.phase3.tests.dll" id="85cbd8ed-217f-5e95-9693-1bc4f222ec1a">
      <Execution id="8fe63d89-741a-48e4-94ef-d30d61d2053b" />
      <TestMethod codeBase="C:\SaProductions\Sonda\tests\Sonda.Phase3.Tests\bin\Release\net10.0\Sonda.Phase3.Tests.dll" adapterTypeName="executor://xunit/VsTestRunner3/netcore/" className="Sonda.Phase3.Tests.CommandTests" name="Compatible_activation_pins_parent_and_new_child" />
    </UnitTest>
    <UnitTest name="Sonda.Phase3.Tests.EdgePolicyTests.Invalid_policy_configuration_cannot_activate(kind: &quot;severity&quot;)" storage="c:\saproductions\sonda\tests\sonda.phase3.tests\bin\release\net10.0\sonda.phase3.tests.dll" id="23f5ee03-85a9-a1ec-980d-0a64fe558dcf">
      <Execution id="016772bb-e666-468e-9fb2-ee02bd1da573" />
      <TestMethod codeBase="C:\SaProductions\Sonda\tests\Sonda.Phase3.Tests\bin\Release\net10.0\Sonda.Phase3.Tests.dll" adapterTypeName="executor://xunit/VsTestRunner3/netcore/" className="Sonda.Phase3.Tests.EdgePolicyTests" name="Invalid_policy_configuration_cannot_activate" />
    </UnitTest>
    <UnitTest name="Sonda.Phase3.Tests.AcceptanceMatrixTests.Approved_fixture_matches_independent_expectations(name: &quot;recovery-causality&quot;)" storage="c:\saproductions\sonda\tests\sonda.phase3.tests\bin\release\net10.0\sonda.phase3.tests.dll" id="d4abf4a8-a10e-28cb-05d7-e6f47e6dd427">
      <Execution id="0db23728-0377-4e44-8fab-1fe01ef1ee2e" />
      <TestMethod codeBase="C:\SaProductions\Sonda\tests\Sonda.Phase3.Tests\bin\Release\net10.0\Sonda.Phase3.Tests.dll" adapterTypeName="executor://xunit/VsTestRunner3/netcore/" className="Sonda.Phase3.Tests.AcceptanceMatrixTests" name="Approved_fixture_matches_independent_expectations" />
    </UnitTest>
    <UnitTest name="Sonda.Phase3.Tests.AcceptanceMatrixTests.Approved_fixture_matches_independent_expectations(name: &quot;order-fallback&quot;)" storage="c:\saproductions\sonda\tests\sonda.phase3.tests\bin\release\net10.0\sonda.phase3.tests.dll" id="870b9d83-573c-f48d-d753-26e1be9e9783">
      <Execution id="21f5bb73-27d8-4298-9a6b-a13eea87dda0" />
      <TestMethod codeBase="C:\SaProductions\Sonda\tests\Sonda.Phase3.Tests\bin\Release\net10.0\Sonda.Phase3.Tests.dll" adapterTypeName="executor://xunit/VsTestRunner3/netcore/" className="Sonda.Phase3.Tests.AcceptanceMatrixTests" name="Approved_fixture_matches_independent_expectations" />
    </UnitTest>
    <UnitTest name="Sonda.Phase3.Tests.EdgePolicyTests.Invalid_policy_configuration_cannot_activate(kind: &quot;overlap&quot;)" storage="c:\saproductions\sonda\tests\sonda.phase3.tests\bin\release\net10.0\sonda.phase3.tests.dll" id="439f39f1-e134-8347-c540-e08f4ee4a6ae">
      <Execution id="65ecee55-8789-4548-89ca-92776859e1cb" />
      <TestMethod codeBase="C:\SaProductions\Sonda\tests\Sonda.Phase3.Tests\bin\Release\net10.0\Sonda.Phase3.Tests.dll" adapterTypeName="executor://xunit/VsTestRunner3/netcore/" className="Sonda.Phase3.Tests.EdgePolicyTests" name="Invalid_policy_configuration_cannot_activate" />
    </UnitTest>
    <UnitTest name="Sonda.Phase3.Tests.PolicyTests.Incomplete_end_is_undefined" storage="c:\saproductions\sonda\tests\sonda.phase3.tests\bin\release\net10.0\sonda.phase3.tests.dll" id="c26ebcb5-c0b2-433d-d2c6-65e85e41d496">
      <Execution id="b6354125-6d35-43e0-8028-509c1b74824d" />
      <TestMethod codeBase="C:\SaProductions\Sonda\tests\Sonda.Phase3.Tests\bin\Release\net10.0\Sonda.Phase3.Tests.dll" adapterTypeName="executor://xunit/VsTestRunner3/netcore/" className="Sonda.Phase3.Tests.PolicyTests" name="Incomplete_end_is_undefined" />
    </UnitTest>
    <UnitTest name="Sonda.Phase3.Tests.AcceptanceMatrixTests.Approved_fixture_matches_independent_expectations(name: &quot;recurrence-episodes&quot;)" storage="c:\saproductions\sonda\tests\sonda.phase3.tests\bin\release\net10.0\sonda.phase3.tests.dll" id="e2321a0b-5605-85ad-c1f6-f1132399c04f">
      <Execution id="75295290-4caa-4944-881c-75e8f0992bd9" />
      <TestMethod codeBase="C:\SaProductions\Sonda\tests\Sonda.Phase3.Tests\bin\Release\net10.0\Sonda.Phase3.Tests.dll" adapterTypeName="executor://xunit/VsTestRunner3/netcore/" className="Sonda.Phase3.Tests.AcceptanceMatrixTests" name="Approved_fixture_matches_independent_expectations" />
    </UnitTest>
    <UnitTest name="Sonda.Phase3.Tests.AcceptanceMatrixTests.Approved_fixture_matches_independent_expectations(name: &quot;manual-workflow&quot;)" storage="c:\saproductions\sonda\tests\sonda.phase3.tests\bin\release\net10.0\sonda.phase3.tests.dll" id="a75f2928-2b0e-af6f-690b-0488127ceb67">
      <Execution id="35743855-c3f0-4699-b7ad-ea789d8ad224" />
      <TestMethod codeBase="C:\SaProductions\Sonda\tests\Sonda.Phase3.Tests\bin\Release\net10.0\Sonda.Phase3.Tests.dll" adapterTypeName="executor://xunit/VsTestRunner3/netcore/" className="Sonda.Phase3.Tests.AcceptanceMatrixTests" name="Approved_fixture_matches_independent_expectations" />
    </UnitTest>
    <UnitTest name="Sonda.Phase3.Tests.AcceptanceMatrixTests.Approved_fixture_matches_independent_expectations(name: &quot;explicit-end-conflicts&quot;)" storage="c:\saproductions\sonda\tests\sonda.phase3.tests\bin\release\net10.0\sonda.phase3.tests.dll" id="4718123c-99fc-22e1-4cb3-67a4207b16ae">
      <Execution id="a9b3233b-ff61-43ee-bc9e-87ffa88464dc" />
      <TestMethod codeBase="C:\SaProductions\Sonda\tests\Sonda.Phase3.Tests\bin\Release\net10.0\Sonda.Phase3.Tests.dll" adapterTypeName="executor://xunit/VsTestRunner3/netcore/" className="Sonda.Phase3.Tests.AcceptanceMatrixTests" name="Approved_fixture_matches_independent_expectations" />
    </UnitTest>
    <UnitTest name="Sonda.Phase3.Tests.EdgePolicyTests.Partition_error_survives_restart_without_blocking_other_cycle" storage="c:\saproductions\sonda\tests\sonda.phase3.tests\bin\release\net10.0\sonda.phase3.tests.dll" id="d824fe6f-9390-3976-98ef-7a80b4b92a48">
      <Execution id="ab143451-3161-4c63-8958-dc03484ffd8a" />
      <TestMethod codeBase="C:\SaProductions\Sonda\tests\Sonda.Phase3.Tests\bin\Release\net10.0\Sonda.Phase3.Tests.dll" adapterTypeName="executor://xunit/VsTestRunner3/netcore/" className="Sonda.Phase3.Tests.EdgePolicyTests" name="Partition_error_survives_restart_without_blocking_other_cycle" />
    </UnitTest>
    <UnitTest name="Sonda.Phase3.Tests.AcceptanceMatrixTests.Approved_fixture_matches_independent_expectations(name: &quot;pinned-version-transition&quot;)" storage="c:\saproductions\sonda\tests\sonda.phase3.tests\bin\release\net10.0\sonda.phase3.tests.dll" id="64530609-ac0a-2b2f-4d0f-4665d2d2e4a2">
      <Execution id="db4d523e-38f1-4016-b7cd-289dea82b6a8" />
      <TestMethod codeBase="C:\SaProductions\Sonda\tests\Sonda.Phase3.Tests\bin\Release\net10.0\Sonda.Phase3.Tests.dll" adapterTypeName="executor://xunit/VsTestRunner3/netcore/" className="Sonda.Phase3.Tests.AcceptanceMatrixTests" name="Approved_fixture_matches_independent_expectations" />
    </UnitTest>
    <UnitTest name="Sonda.Phase3.Tests.EdgePolicyTests.Old_evidence_after_frontier_uses_only_opted_in_diagnostic" storage="c:\saproductions\sonda\tests\sonda.phase3.tests\bin\release\net10.0\sonda.phase3.tests.dll" id="bb597273-14ce-9ac2-c1c7-f9a90a151a49">
      <Execution id="15d3de7d-6977-4c32-9308-942a383efe6e" />
      <TestMethod codeBase="C:\SaProductions\Sonda\tests\Sonda.Phase3.Tests\bin\Release\net10.0\Sonda.Phase3.Tests.dll" adapterTypeName="executor://xunit/VsTestRunner3/netcore/" className="Sonda.Phase3.Tests.EdgePolicyTests" name="Old_evidence_after_frontier_uses_only_opted_in_diagnostic" />
    </UnitTest>
    <UnitTest name="Sonda.Phase3.Tests.AcceptanceMatrixTests.Approved_fixture_matches_independent_expectations(name: &quot;missing-correlation&quot;)" storage="c:\saproductions\sonda\tests\sonda.phase3.tests\bin\release\net10.0\sonda.phase3.tests.dll" id="dc2c27ca-4de2-e1b4-a711-b6c88b30b0c3">
      <Execution id="c25a7e17-05a5-4f14-bab2-2eb841775aae" />
      <TestMethod codeBase="C:\SaProductions\Sonda\tests\Sonda.Phase3.Tests\bin\Release\net10.0\Sonda.Phase3.Tests.dll" adapterTypeName="executor://xunit/VsTestRunner3/netcore/" className="Sonda.Phase3.Tests.AcceptanceMatrixTests" name="Approved_fixture_matches_independent_expectations" />
    </UnitTest>
    <UnitTest name="Sonda.Phase3.Tests.AcceptanceMatrixTests.Approved_fixture_matches_independent_expectations(name: &quot;open-out-of-order&quot;)" storage="c:\saproductions\sonda\tests\sonda.phase3.tests\bin\release\net10.0\sonda.phase3.tests.dll" id="c1aa071d-5b0b-7524-d417-635a0e6796c8">
      <Execution id="e61170ea-65ab-447d-86ff-9b82677ae84f" />
      <TestMethod codeBase="C:\SaProductions\Sonda\tests\Sonda.Phase3.Tests\bin\Release\net10.0\Sonda.Phase3.Tests.dll" adapterTypeName="executor://xunit/VsTestRunner3/netcore/" className="Sonda.Phase3.Tests.AcceptanceMatrixTests" name="Approved_fixture_matches_independent_expectations" />
    </UnitTest>
    <UnitTest name="Sonda.Phase3.Tests.AcceptanceMatrixTests.Approved_fixture_matches_independent_expectations(name: &quot;later-clean-recovery&quot;)" storage="c:\saproductions\sonda\tests\sonda.phase3.tests\bin\release\net10.0\sonda.phase3.tests.dll" id="090de3fd-6b29-fa30-ddf2-6b08f7b22ff3">
      <Execution id="dee05ec8-0863-420b-a252-1a482a7108bd" />
      <TestMethod codeBase="C:\SaProductions\Sonda\tests\Sonda.Phase3.Tests\bin\Release\net10.0\Sonda.Phase3.Tests.dll" adapterTypeName="executor://xunit/VsTestRunner3/netcore/" className="Sonda.Phase3.Tests.AcceptanceMatrixTests" name="Approved_fixture_matches_independent_expectations" />
    </UnitTest>
    <UnitTest name="Sonda.Phase3.Tests.AcceptanceMatrixTests.Approved_fixture_matches_independent_expectations(name: &quot;success-without-end&quot;)" storage="c:\saproductions\sonda\tests\sonda.phase3.tests\bin\release\net10.0\sonda.phase3.tests.dll" id="c5be6f3d-cf4e-2a55-2f0d-11de3f06e5eb">
      <Execution id="c8c943b8-d786-491d-a869-52874e248064" />
      <TestMethod codeBase="C:\SaProductions\Sonda\tests\Sonda.Phase3.Tests\bin\Release\net10.0\Sonda.Phase3.Tests.dll" adapterTypeName="executor://xunit/VsTestRunner3/netcore/" className="Sonda.Phase3.Tests.AcceptanceMatrixTests" name="Approved_fixture_matches_independent_expectations" />
    </UnitTest>
    <UnitTest name="Sonda.Phase3.Tests.PolicyTests.Legacy_profile_serialization_is_byte_compatible" storage="c:\saproductions\sonda\tests\sonda.phase3.tests\bin\release\net10.0\sonda.phase3.tests.dll" id="ed808546-f812-5ee9-be00-fa677affd2e7">
      <Execution id="c0a53273-75d8-45bd-bdf7-2ed598e3ae59" />
      <TestMethod codeBase="C:\SaProductions\Sonda\tests\Sonda.Phase3.Tests\bin\Release\net10.0\Sonda.Phase3.Tests.dll" adapterTypeName="executor://xunit/VsTestRunner3/netcore/" className="Sonda.Phase3.Tests.PolicyTests" name="Legacy_profile_serialization_is_byte_compatible" />
    </UnitTest>
    <UnitTest name="Sonda.Phase3.Tests.CommandTests.Command_collision_is_rejected" storage="c:\saproductions\sonda\tests\sonda.phase3.tests\bin\release\net10.0\sonda.phase3.tests.dll" id="f3ef1368-7649-69fa-e3ed-2d95ef4cb63d">
      <Execution id="3b7ee7c1-d7d0-477c-b113-924612c3978b" />
      <TestMethod codeBase="C:\SaProductions\Sonda\tests\Sonda.Phase3.Tests\bin\Release\net10.0\Sonda.Phase3.Tests.dll" adapterTypeName="executor://xunit/VsTestRunner3/netcore/" className="Sonda.Phase3.Tests.CommandTests" name="Command_collision_is_rejected" />
    </UnitTest>
    <UnitTest name="Sonda.Phase3.Tests.CommandTests.Availability_does_not_invent_green" storage="c:\saproductions\sonda\tests\sonda.phase3.tests\bin\release\net10.0\sonda.phase3.tests.dll" id="1fdb5415-b700-9c2b-c37c-b597c5bf4b01">
      <Execution id="a6e9e587-97e9-47ec-9333-fcb287d72aa2" />
      <TestMethod codeBase="C:\SaProductions\Sonda\tests\Sonda.Phase3.Tests\bin\Release\net10.0\Sonda.Phase3.Tests.dll" adapterTypeName="executor://xunit/VsTestRunner3/netcore/" className="Sonda.Phase3.Tests.CommandTests" name="Availability_does_not_invent_green" />
    </UnitTest>
    <UnitTest name="Sonda.Phase3.Tests.EdgePolicyTests.Manual_resolution_noop_and_reopening_are_explicit(investigating: False)" storage="c:\saproductions\sonda\tests\sonda.phase3.tests\bin\release\net10.0\sonda.phase3.tests.dll" id="abf91839-b5c6-7002-e7c7-eb8f9261f652">
      <Execution id="e6eb8652-8f2c-4d28-bce9-833833c13bd4" />
      <TestMethod codeBase="C:\SaProductions\Sonda\tests\Sonda.Phase3.Tests\bin\Release\net10.0\Sonda.Phase3.Tests.dll" adapterTypeName="executor://xunit/VsTestRunner3/netcore/" className="Sonda.Phase3.Tests.EdgePolicyTests" name="Manual_resolution_noop_and_reopening_are_explicit" />
    </UnitTest>
    <UnitTest name="Sonda.Phase3.Tests.EdgePolicyTests.Expected_duration_only_is_overdue_without_finalization" storage="c:\saproductions\sonda\tests\sonda.phase3.tests\bin\release\net10.0\sonda.phase3.tests.dll" id="86ef581b-d1a2-5e60-c053-cc0e9e58b9dc">
      <Execution id="e6b30cb3-1d71-4477-ac88-f836d363c357" />
      <TestMethod codeBase="C:\SaProductions\Sonda\tests\Sonda.Phase3.Tests\bin\Release\net10.0\Sonda.Phase3.Tests.dll" adapterTypeName="executor://xunit/VsTestRunner3/netcore/" className="Sonda.Phase3.Tests.EdgePolicyTests" name="Expected_duration_only_is_overdue_without_finalization" />
    </UnitTest>
    <UnitTest name="Sonda.Phase3.Tests.PolicyTests.Manual_resolution_is_confirmed_without_rewriting_history" storage="c:\saproductions\sonda\tests\sonda.phase3.tests\bin\release\net10.0\sonda.phase3.tests.dll" id="e4ddd061-afbf-4416-a162-acb91d44dd7c">
      <Execution id="7999980c-1671-46a4-9e87-7fcbc77935dd" />
      <TestMethod codeBase="C:\SaProductions\Sonda\tests\Sonda.Phase3.Tests\bin\Release\net10.0\Sonda.Phase3.Tests.dll" adapterTypeName="executor://xunit/VsTestRunner3/netcore/" className="Sonda.Phase3.Tests.PolicyTests" name="Manual_resolution_is_confirmed_without_rewriting_history" />
    </UnitTest>
    <UnitTest name="Sonda.Phase3.Tests.AcceptanceMatrixTests.Approved_fixture_matches_independent_expectations(name: &quot;serial-begin-rejected&quot;)" storage="c:\saproductions\sonda\tests\sonda.phase3.tests\bin\release\net10.0\sonda.phase3.tests.dll" id="526cb84f-9265-36b5-4a3d-e60577298726">
      <Execution id="56062a31-3f42-4e81-9a05-2d93d2e52b26" />
      <TestMethod codeBase="C:\SaProductions\Sonda\tests\Sonda.Phase3.Tests\bin\Release\net10.0\Sonda.Phase3.Tests.dll" adapterTypeName="executor://xunit/VsTestRunner3/netcore/" className="Sonda.Phase3.Tests.AcceptanceMatrixTests" name="Approved_fixture_matches_independent_expectations" />
    </UnitTest>
    <UnitTest name="Sonda.Phase3.Tests.AcceptanceMatrixTests.Approved_fixture_matches_independent_expectations(name: &quot;versioned-recovery&quot;)" storage="c:\saproductions\sonda\tests\sonda.phase3.tests\bin\release\net10.0\sonda.phase3.tests.dll" id="67364ffb-e874-18a1-5c29-5d49a0823994">
      <Execution id="46407723-a9c4-461d-9211-de84eeb16b5b" />
      <TestMethod codeBase="C:\SaProductions\Sonda\tests\Sonda.Phase3.Tests\bin\Release\net10.0\Sonda.Phase3.Tests.dll" adapterTypeName="executor://xunit/VsTestRunner3/netcore/" className="Sonda.Phase3.Tests.AcceptanceMatrixTests" name="Approved_fixture_matches_independent_expectations" />
    </UnitTest>
    <UnitTest name="Sonda.Phase3.Tests.EdgePolicyTests.Evidence_at_exact_deadline_wins_when_frontier_includes_it" storage="c:\saproductions\sonda\tests\sonda.phase3.tests\bin\release\net10.0\sonda.phase3.tests.dll" id="281deeee-95c1-d0d2-57da-9a93da16dff8">
      <Execution id="6b629e7c-c9de-4467-afef-864150f1561c" />
      <TestMethod codeBase="C:\SaProductions\Sonda\tests\Sonda.Phase3.Tests\bin\Release\net10.0\Sonda.Phase3.Tests.dll" adapterTypeName="executor://xunit/VsTestRunner3/netcore/" className="Sonda.Phase3.Tests.EdgePolicyTests" name="Evidence_at_exact_deadline_wins_when_frontier_includes_it" />
    </UnitTest>
    <UnitTest name="Sonda.Phase3.Tests.AcceptanceMatrixTests.Approved_fixture_matches_independent_expectations(name: &quot;manual-then-success&quot;)" storage="c:\saproductions\sonda\tests\sonda.phase3.tests\bin\release\net10.0\sonda.phase3.tests.dll" id="58ac0a73-47b7-9966-33f0-f97d9e6e0b1f">
      <Execution id="853684cf-c69a-4363-bed5-02628874e130" />
      <TestMethod codeBase="C:\SaProductions\Sonda\tests\Sonda.Phase3.Tests\bin\Release\net10.0\Sonda.Phase3.Tests.dll" adapterTypeName="executor://xunit/VsTestRunner3/netcore/" className="Sonda.Phase3.Tests.AcceptanceMatrixTests" name="Approved_fixture_matches_independent_expectations" />
    </UnitTest>
    <UnitTest name="Sonda.Phase3.Tests.AcceptanceMatrixTests.Approved_fixture_matches_independent_expectations(name: &quot;incomplete-explicit-end&quot;)" storage="c:\saproductions\sonda\tests\sonda.phase3.tests\bin\release\net10.0\sonda.phase3.tests.dll" id="fac9f477-c070-31a2-ba7a-952f2a3b29b8">
      <Execution id="dd6381c0-0ee7-43d8-be7b-12c61de95b70" />
      <TestMethod codeBase="C:\SaProductions\Sonda\tests\Sonda.Phase3.Tests\bin\Release\net10.0\Sonda.Phase3.Tests.dll" adapterTypeName="executor://xunit/VsTestRunner3/netcore/" className="Sonda.Phase3.Tests.AcceptanceMatrixTests" name="Approved_fixture_matches_independent_expectations" />
    </UnitTest>
    <UnitTest name="Sonda.Phase3.Tests.EdgePolicyTests.Failure_incident_is_visible_before_explicit_end" storage="c:\saproductions\sonda\tests\sonda.phase3.tests\bin\release\net10.0\sonda.phase3.tests.dll" id="4896fc45-ae5c-f423-7a5c-13adbc06a883">
      <Execution id="de3fb74f-7928-4618-8020-acc6ca0ab492" />
      <TestMethod codeBase="C:\SaProductions\Sonda\tests\Sonda.Phase3.Tests\bin\Release\net10.0\Sonda.Phase3.Tests.dll" adapterTypeName="executor://xunit/VsTestRunner3/netcore/" className="Sonda.Phase3.Tests.EdgePolicyTests" name="Failure_incident_is_visible_before_explicit_end" />
    </UnitTest>
    <UnitTest name="Sonda.Phase3.Tests.AcceptanceMatrixTests.Approved_fixture_matches_independent_expectations(name: &quot;deadline-date-1101&quot;)" storage="c:\saproductions\sonda\tests\sonda.phase3.tests\bin\release\net10.0\sonda.phase3.tests.dll" id="11014176-3b9f-7320-2112-4713d599a255">
      <Execution id="0c126e96-c3fc-4df0-ada1-f693626f3bc9" />
      <TestMethod codeBase="C:\SaProductions\Sonda\tests\Sonda.Phase3.Tests\bin\Release\net10.0\Sonda.Phase3.Tests.dll" adapterTypeName="executor://xunit/VsTestRunner3/netcore/" className="Sonda.Phase3.Tests.AcceptanceMatrixTests" name="Approved_fixture_matches_independent_expectations" />
    </UnitTest>
    <UnitTest name="Sonda.Phase3.Tests.AcceptanceMatrixTests.Approved_fixture_matches_independent_expectations(name: &quot;warning-with-success&quot;)" storage="c:\saproductions\sonda\tests\sonda.phase3.tests\bin\release\net10.0\sonda.phase3.tests.dll" id="8836f845-9384-4d1b-59bc-c7072afd3221">
      <Execution id="cbc93bac-0301-44fa-b870-2686c64d50ae" />
      <TestMethod codeBase="C:\SaProductions\Sonda\tests\Sonda.Phase3.Tests\bin\Release\net10.0\Sonda.Phase3.Tests.dll" adapterTypeName="executor://xunit/VsTestRunner3/netcore/" className="Sonda.Phase3.Tests.AcceptanceMatrixTests" name="Approved_fixture_matches_independent_expectations" />
    </UnitTest>
    <UnitTest name="Sonda.Phase3.Tests.AcceptanceMatrixTests.Approved_fixture_matches_independent_expectations(name: &quot;failure-before-missing-end&quot;)" storage="c:\saproductions\sonda\tests\sonda.phase3.tests\bin\release\net10.0\sonda.phase3.tests.dll" id="262b9329-3250-8461-dfa2-e1cbf3ba10cd">
      <Execution id="8d001e8c-833e-4fdd-b54b-6c42c1983deb" />
      <TestMethod codeBase="C:\SaProductions\Sonda\tests\Sonda.Phase3.Tests\bin\Release\net10.0\Sonda.Phase3.Tests.dll" adapterTypeName="executor://xunit/VsTestRunner3/netcore/" className="Sonda.Phase3.Tests.AcceptanceMatrixTests" name="Approved_fixture_matches_independent_expectations" />
    </UnitTest>
    <UnitTest name="Sonda.Phase3.Tests.AcceptanceMatrixTests.Approved_fixture_matches_independent_expectations(name: &quot;same-input-contradiction&quot;)" storage="c:\saproductions\sonda\tests\sonda.phase3.tests\bin\release\net10.0\sonda.phase3.tests.dll" id="8f32f570-b622-0e6f-8cdf-ded15b157a9b">
      <Execution id="a4591b5a-9be1-4f71-8676-d270a5910327" />
      <TestMethod codeBase="C:\SaProductions\Sonda\tests\Sonda.Phase3.Tests\bin\Release\net10.0\Sonda.Phase3.Tests.dll" adapterTypeName="executor://xunit/VsTestRunner3/netcore/" className="Sonda.Phase3.Tests.AcceptanceMatrixTests" name="Approved_fixture_matches_independent_expectations" />
    </UnitTest>
    <UnitTest name="Sonda.Phase3.Tests.PolicyTests.Explicit_end_failure_dominates_separate_success(reverse: True)" storage="c:\saproductions\sonda\tests\sonda.phase3.tests\bin\release\net10.0\sonda.phase3.tests.dll" id="ece8bcb7-43a6-4b9e-4ef4-cd08924bf704">
      <Execution id="d0b94b4f-3433-45dc-97ec-e65efde128e6" />
      <TestMethod codeBase="C:\SaProductions\Sonda\tests\Sonda.Phase3.Tests\bin\Release\net10.0\Sonda.Phase3.Tests.dll" adapterTypeName="executor://xunit/VsTestRunner3/netcore/" className="Sonda.Phase3.Tests.PolicyTests" name="Explicit_end_failure_dominates_separate_success" />
    </UnitTest>
    <UnitTest name="Sonda.Phase3.Tests.EdgePolicyTests.Invalid_policy_configuration_cannot_activate(kind: &quot;order&quot;)" storage="c:\saproductions\sonda\tests\sonda.phase3.tests\bin\release\net10.0\sonda.phase3.tests.dll" id="95e2c460-6bf5-9035-7fad-d70d66d0cb3b">
      <Execution id="4f11a3ff-9fc0-4b0a-80a1-30b713a3dcec" />
      <TestMethod codeBase="C:\SaProductions\Sonda\tests\Sonda.Phase3.Tests\bin\Release\net10.0\Sonda.Phase3.Tests.dll" adapterTypeName="executor://xunit/VsTestRunner3/netcore/" className="Sonda.Phase3.Tests.EdgePolicyTests" name="Invalid_policy_configuration_cannot_activate" />
    </UnitTest>
    <UnitTest name="Sonda.Phase3.Tests.AcceptanceMatrixTests.Approved_fixture_matches_independent_expectations(name: &quot;failure-and-ignore&quot;)" storage="c:\saproductions\sonda\tests\sonda.phase3.tests\bin\release\net10.0\sonda.phase3.tests.dll" id="ecf81535-d043-dad8-ff99-e1b0c67388dd">
      <Execution id="c53db488-e202-4596-a752-850e34a1b6bf" />
      <TestMethod codeBase="C:\SaProductions\Sonda\tests\Sonda.Phase3.Tests\bin\Release\net10.0\Sonda.Phase3.Tests.dll" adapterTypeName="executor://xunit/VsTestRunner3/netcore/" className="Sonda.Phase3.Tests.AcceptanceMatrixTests" name="Approved_fixture_matches_independent_expectations" />
    </UnitTest>
    <UnitTest name="Sonda.Phase3.Tests.PolicyTests.Successful_run_keeps_independent_diagnostic(severity: &quot;Error&quot;)" storage="c:\saproductions\sonda\tests\sonda.phase3.tests\bin\release\net10.0\sonda.phase3.tests.dll" id="0f0fff01-59d4-b08e-2130-5e37c5c7fee7">
      <Execution id="b40fa9df-a725-4122-a5d4-5dd4a1c630f0" />
      <TestMethod codeBase="C:\SaProductions\Sonda\tests\Sonda.Phase3.Tests\bin\Release\net10.0\Sonda.Phase3.Tests.dll" adapterTypeName="executor://xunit/VsTestRunner3/netcore/" className="Sonda.Phase3.Tests.PolicyTests" name="Successful_run_keeps_independent_diagnostic" />
    </UnitTest>
    <UnitTest name="Sonda.Phase3.Tests.EdgePolicyTests.Event_deadline_never_implicitly_uses_processing_time" storage="c:\saproductions\sonda\tests\sonda.phase3.tests\bin\release\net10.0\sonda.phase3.tests.dll" id="a8d4c202-1348-58bc-ca5d-c16235872798">
      <Execution id="d3151eb9-63db-49af-a136-076c78874f3a" />
      <TestMethod codeBase="C:\SaProductions\Sonda\tests\Sonda.Phase3.Tests\bin\Release\net10.0\Sonda.Phase3.Tests.dll" adapterTypeName="executor://xunit/VsTestRunner3/netcore/" className="Sonda.Phase3.Tests.EdgePolicyTests" name="Event_deadline_never_implicitly_uses_processing_time" />
    </UnitTest>
    <UnitTest name="Sonda.Phase3.Tests.AcceptanceMatrixTests.Approved_fixture_matches_independent_expectations(name: &quot;clock-and-date&quot;)" storage="c:\saproductions\sonda\tests\sonda.phase3.tests\bin\release\net10.0\sonda.phase3.tests.dll" id="6afbd3a0-59d4-cbb1-d498-9760c50403a0">
      <Execution id="80f9c646-802d-4429-a0b9-788978033c06" />
      <TestMethod codeBase="C:\SaProductions\Sonda\tests\Sonda.Phase3.Tests\bin\Release\net10.0\Sonda.Phase3.Tests.dll" adapterTypeName="executor://xunit/VsTestRunner3/netcore/" className="Sonda.Phase3.Tests.AcceptanceMatrixTests" name="Approved_fixture_matches_independent_expectations" />
    </UnitTest>
    <UnitTest name="Sonda.Phase3.Tests.EdgePolicyTests.Automatic_resolution_then_failure_creates_new_episode" storage="c:\saproductions\sonda\tests\sonda.phase3.tests\bin\release\net10.0\sonda.phase3.tests.dll" id="1b844058-9cd8-a29a-fb86-c0503a97fa18">
      <Execution id="e02ec882-498c-4960-a019-75332d90ee33" />
      <TestMethod codeBase="C:\SaProductions\Sonda\tests\Sonda.Phase3.Tests\bin\Release\net10.0\Sonda.Phase3.Tests.dll" adapterTypeName="executor://xunit/VsTestRunner3/netcore/" className="Sonda.Phase3.Tests.EdgePolicyTests" name="Automatic_resolution_then_failure_creates_new_episode" />
    </UnitTest>
    <UnitTest name="Sonda.Phase3.Tests.EdgePolicyTests.Invalid_policy_configuration_cannot_activate(kind: &quot;fallback&quot;)" storage="c:\saproductions\sonda\tests\sonda.phase3.tests\bin\release\net10.0\sonda.phase3.tests.dll" id="32fbfe31-de3c-fb50-1194-b1f77803ba2c">
      <Execution id="1ef430a9-2d80-4990-8379-109927b6e654" />
      <TestMethod codeBase="C:\SaProductions\Sonda\tests\Sonda.Phase3.Tests\bin\Release\net10.0\Sonda.Phase3.Tests.dll" adapterTypeName="executor://xunit/VsTestRunner3/netcore/" className="Sonda.Phase3.Tests.EdgePolicyTests" name="Invalid_policy_configuration_cannot_activate" />
    </UnitTest>
    <UnitTest name="Sonda.Phase3.Tests.AcceptanceMatrixTests.Approved_fixture_matches_independent_expectations(name: &quot;availability&quot;)" storage="c:\saproductions\sonda\tests\sonda.phase3.tests\bin\release\net10.0\sonda.phase3.tests.dll" id="de0bd9c6-8784-1cf6-f994-ffefca31fed6">
      <Execution id="59fa87c5-c288-42c1-867f-326ace896ca4" />
      <TestMethod codeBase="C:\SaProductions\Sonda\tests\Sonda.Phase3.Tests\bin\Release\net10.0\Sonda.Phase3.Tests.dll" adapterTypeName="executor://xunit/VsTestRunner3/netcore/" className="Sonda.Phase3.Tests.AcceptanceMatrixTests" name="Approved_fixture_matches_independent_expectations" />
    </UnitTest>
    <UnitTest name="Sonda.Phase3.Tests.AcceptanceMatrixTests.Approved_fixture_matches_independent_expectations(name: &quot;required-sources&quot;)" storage="c:\saproductions\sonda\tests\sonda.phase3.tests\bin\release\net10.0\sonda.phase3.tests.dll" id="cddd7378-3943-5d0e-b673-e38d99ac5c64">
      <Execution id="5bc7de72-9a56-45cd-a44e-d4c34356076d" />
      <TestMethod codeBase="C:\SaProductions\Sonda\tests\Sonda.Phase3.Tests\bin\Release\net10.0\Sonda.Phase3.Tests.dll" adapterTypeName="executor://xunit/VsTestRunner3/netcore/" className="Sonda.Phase3.Tests.AcceptanceMatrixTests" name="Approved_fixture_matches_independent_expectations" />
    </UnitTest>
    <UnitTest name="Sonda.Phase3.Tests.AcceptanceMatrixTests.Approved_fixture_matches_independent_expectations(name: &quot;backlog-frontier&quot;)" storage="c:\saproductions\sonda\tests\sonda.phase3.tests\bin\release\net10.0\sonda.phase3.tests.dll" id="e3506e9d-4c6a-cfd8-e794-b40cbbb54057">
      <Execution id="7b41eb38-ef89-466e-a56f-4c446fc48f33" />
      <TestMethod codeBase="C:\SaProductions\Sonda\tests\Sonda.Phase3.Tests\bin\Release\net10.0\Sonda.Phase3.Tests.dll" adapterTypeName="executor://xunit/VsTestRunner3/netcore/" className="Sonda.Phase3.Tests.AcceptanceMatrixTests" name="Approved_fixture_matches_independent_expectations" />
    </UnitTest>
    <UnitTest name="Sonda.Phase3.Tests.AcceptanceMatrixTests.Approved_fixture_matches_independent_expectations(name: &quot;incompatible-recovery-contract&quot;)" storage="c:\saproductions\sonda\tests\sonda.phase3.tests\bin\release\net10.0\sonda.phase3.tests.dll" id="df67ed53-a3f0-2537-1171-024639d82296">
      <Execution id="c771c45d-ecc7-43c8-93bb-457329c86cf5" />
      <TestMethod codeBase="C:\SaProductions\Sonda\tests\Sonda.Phase3.Tests\bin\Release\net10.0\Sonda.Phase3.Tests.dll" adapterTypeName="executor://xunit/VsTestRunner3/netcore/" className="Sonda.Phase3.Tests.AcceptanceMatrixTests" name="Approved_fixture_matches_independent_expectations" />
    </UnitTest>
    <UnitTest name="Sonda.Phase3.Tests.EdgePolicyTests.Manual_resolution_noop_and_reopening_are_explicit(investigating: True)" storage="c:\saproductions\sonda\tests\sonda.phase3.tests\bin\release\net10.0\sonda.phase3.tests.dll" id="1ce86b81-e33e-b611-db18-c5969a4d6054">
      <Execution id="3b293f37-cdf6-46e5-9f5a-a877c38a1b95" />
      <TestMethod codeBase="C:\SaProductions\Sonda\tests\Sonda.Phase3.Tests\bin\Release\net10.0\Sonda.Phase3.Tests.dll" adapterTypeName="executor://xunit/VsTestRunner3/netcore/" className="Sonda.Phase3.Tests.EdgePolicyTests" name="Manual_resolution_noop_and_reopening_are_explicit" />
    </UnitTest>
    <UnitTest name="Sonda.Phase3.Tests.PolicyTests.Explicit_end_failure_dominates_separate_success(reverse: False)" storage="c:\saproductions\sonda\tests\sonda.phase3.tests\bin\release\net10.0\sonda.phase3.tests.dll" id="a6b47128-0416-c8da-5745-a4d6b807d0ea">
      <Execution id="93330bf3-d505-4a1f-847a-016ce2ed9872" />
      <TestMethod codeBase="C:\SaProductions\Sonda\tests\Sonda.Phase3.Tests\bin\Release\net10.0\Sonda.Phase3.Tests.dll" adapterTypeName="executor://xunit/VsTestRunner3/netcore/" className="Sonda.Phase3.Tests.PolicyTests" name="Explicit_end_failure_dominates_separate_success" />
    </UnitTest>
    <UnitTest name="Sonda.Phase3.Tests.AcceptanceMatrixTests.Approved_fixture_matches_independent_expectations(name: &quot;correlated-overlap&quot;)" storage="c:\saproductions\sonda\tests\sonda.phase3.tests\bin\release\net10.0\sonda.phase3.tests.dll" id="d43a8d86-af52-8d91-b483-5465152ecb8a">
      <Execution id="4fc5307e-eb38-4d27-a0a3-b25f3f2eebc8" />
      <TestMethod codeBase="C:\SaProductions\Sonda\tests\Sonda.Phase3.Tests\bin\Release\net10.0\Sonda.Phase3.Tests.dll" adapterTypeName="executor://xunit/VsTestRunner3/netcore/" className="Sonda.Phase3.Tests.AcceptanceMatrixTests" name="Approved_fixture_matches_independent_expectations" />
    </UnitTest>
    <UnitTest name="Sonda.Phase3.Tests.AcceptanceMatrixTests.Approved_fixture_matches_independent_expectations(name: &quot;open-duplicate-begin&quot;)" storage="c:\saproductions\sonda\tests\sonda.phase3.tests\bin\release\net10.0\sonda.phase3.tests.dll" id="a98cc6bf-e1d8-c799-0d09-e55766596f39">
      <Execution id="94ec78a6-47a4-4520-b894-1aede8a71b54" />
      <TestMethod codeBase="C:\SaProductions\Sonda\tests\Sonda.Phase3.Tests\bin\Release\net10.0\Sonda.Phase3.Tests.dll" adapterTypeName="executor://xunit/VsTestRunner3/netcore/" className="Sonda.Phase3.Tests.AcceptanceMatrixTests" name="Approved_fixture_matches_independent_expectations" />
    </UnitTest>
    <UnitTest name="Sonda.Phase3.Tests.AcceptanceMatrixTests.Approved_fixture_matches_independent_expectations(name: &quot;incompatible-transition&quot;)" storage="c:\saproductions\sonda\tests\sonda.phase3.tests\bin\release\net10.0\sonda.phase3.tests.dll" id="4f1d6dca-e331-b3fc-56f7-5e0113496ed6">
      <Execution id="cca0ed23-1d85-4b0d-b858-a2f337bd9108" />
      <TestMethod codeBase="C:\SaProductions\Sonda\tests\Sonda.Phase3.Tests\bin\Release\net10.0\Sonda.Phase3.Tests.dll" adapterTypeName="executor://xunit/VsTestRunner3/netcore/" className="Sonda.Phase3.Tests.AcceptanceMatrixTests" name="Approved_fixture_matches_independent_expectations" />
    </UnitTest>
    <UnitTest name="Sonda.Phase3.Tests.AcceptanceMatrixTests.Approved_fixture_matches_independent_expectations(name: &quot;boundary-before-timer&quot;)" storage="c:\saproductions\sonda\tests\sonda.phase3.tests\bin\release\net10.0\sonda.phase3.tests.dll" id="45b51928-715b-8d32-b485-42ba20341329">
      <Execution id="524a07aa-2e53-4b81-81a2-2220fe3600d2" />
      <TestMethod codeBase="C:\SaProductions\Sonda\tests\Sonda.Phase3.Tests\bin\Release\net10.0\Sonda.Phase3.Tests.dll" adapterTypeName="executor://xunit/VsTestRunner3/netcore/" className="Sonda.Phase3.Tests.AcceptanceMatrixTests" name="Approved_fixture_matches_independent_expectations" />
    </UnitTest>
    <UnitTest name="Sonda.Phase3.Tests.EdgePolicyTests.Manual_only_diagnostic_survives_later_success" storage="c:\saproductions\sonda\tests\sonda.phase3.tests\bin\release\net10.0\sonda.phase3.tests.dll" id="4ab618cf-b6f8-0a98-3d8c-d1ce3f151b5e">
      <Execution id="c354d745-66c7-48ba-b566-321c69f77937" />
      <TestMethod codeBase="C:\SaProductions\Sonda\tests\Sonda.Phase3.Tests\bin\Release\net10.0\Sonda.Phase3.Tests.dll" adapterTypeName="executor://xunit/VsTestRunner3/netcore/" className="Sonda.Phase3.Tests.EdgePolicyTests" name="Manual_only_diagnostic_survives_later_success" />
    </UnitTest>
    <UnitTest name="Sonda.Phase3.Tests.PolicyTests.Same_cycle_retry_preserves_failure_and_recovers" storage="c:\saproductions\sonda\tests\sonda.phase3.tests\bin\release\net10.0\sonda.phase3.tests.dll" id="b1fa356c-9a6e-4db0-ff8b-51c332306e84">
      <Execution id="7374aa28-acc9-4192-9caa-7117caf444c9" />
      <TestMethod codeBase="C:\SaProductions\Sonda\tests\Sonda.Phase3.Tests\bin\Release\net10.0\Sonda.Phase3.Tests.dll" adapterTypeName="executor://xunit/VsTestRunner3/netcore/" className="Sonda.Phase3.Tests.PolicyTests" name="Same_cycle_retry_preserves_failure_and_recovers" />
    </UnitTest>
    <UnitTest name="Sonda.Phase3.Tests.EdgePolicyTests.Invalid_policy_configuration_cannot_activate(kind: &quot;negative&quot;)" storage="c:\saproductions\sonda\tests\sonda.phase3.tests\bin\release\net10.0\sonda.phase3.tests.dll" id="de33018d-5feb-0f4d-aec8-8a4dd150c111">
      <Execution id="7b1d53c3-aac4-401e-9c23-28f27f90acb9" />
      <TestMethod codeBase="C:\SaProductions\Sonda\tests\Sonda.Phase3.Tests\bin\Release\net10.0\Sonda.Phase3.Tests.dll" adapterTypeName="executor://xunit/VsTestRunner3/netcore/" className="Sonda.Phase3.Tests.EdgePolicyTests" name="Invalid_policy_configuration_cannot_activate" />
    </UnitTest>
    <UnitTest name="Sonda.Phase3.Tests.CommandTests.Explicit_frontier_and_duplicate_clock_do_not_duplicate_completion" storage="c:\saproductions\sonda\tests\sonda.phase3.tests\bin\release\net10.0\sonda.phase3.tests.dll" id="26684a36-e5c9-09d1-c417-626e0a50227f">
      <Execution id="d27b0478-69ca-47e2-84e1-b25734fc0d29" />
[...]
    </UnitTest>
    <UnitTest name="Sonda.Phase3.Tests.PolicyTests.Successful_run_keeps_independent_diagnostic(severity: &quot;Warning&quot;)" storage="c:\saproductions\sonda\tests\sonda.phase3.tests\bin\release\net10.0\sonda.phase3.tests.dll" id="72f693f3-7138-d6ed-949e-86b7b330f502">
      <Execution id="8d47f687-4f98-4d69-8ff5-8084d12d2cab" />
      <TestMethod codeBase="C:\SaProductions\Sonda\tests\Sonda.Phase3.Tests\bin\Release\net10.0\Sonda.Phase3.Tests.dll" adapterTypeName="executor://xunit/VsTestRunner3/netcore/" className="Sonda.Phase3.Tests.PolicyTests" name="Successful_run_keeps_independent_diagnostic" />
    </UnitTest>
    <UnitTest name="Sonda.Phase3.Tests.PolicyTests.Unknown_policy_revision_is_rejected" storage="c:\saproductions\sonda\tests\sonda.phase3.tests\bin\release\net10.0\sonda.phase3.tests.dll" id="96c51894-5232-19ac-325c-e6471b3e2656">
      <Execution id="6fdd1a84-df98-48c8-baf5-17d8997f2e40" />
      <TestMethod codeBase="C:\SaProductions\Sonda\tests\Sonda.Phase3.Tests\bin\Release\net10.0\Sonda.Phase3.Tests.dll" adapterTypeName="executor://xunit/VsTestRunner3/netcore/" className="Sonda.Phase3.Tests.PolicyTests" name="Unknown_policy_revision_is_rejected" />
    </UnitTest>
    <UnitTest name="Sonda.Phase3.Tests.PolicyTests.Deadline_closes_without_source_evidence_and_restore_retains_context" storage="c:\saproductions\sonda\tests\sonda.phase3.tests\bin\release\net10.0\sonda.phase3.tests.dll" id="a5796c5a-9ff1-89cc-c59d-67a0810b5797">
      <Execution id="b83c3afc-e6a9-4e7f-bd1a-8c85f07e7090" />
      <TestMethod codeBase="C:\SaProductions\Sonda\tests\Sonda.Phase3.Tests\bin\Release\net10.0\Sonda.Phase3.Tests.dll" adapterTypeName="executor://xunit/VsTestRunner3/netcore/" className="Sonda.Phase3.Tests.PolicyTests" name="Deadline_closes_without_source_evidence_and_restore_retains_context" />
    </UnitTest>
    <UnitTest name="Sonda.Phase3.Tests.EdgePolicyTests.Invalid_policy_configuration_cannot_activate(kind: &quot;grace&quot;)" storage="c:\saproductions\sonda\tests\sonda.phase3.tests\bin\release\net10.0\sonda.phase3.tests.dll" id="8ea16ec0-b138-132f-5e2c-d37eaf33298c">
      <Execution id="b0c26b1d-c124-4298-808c-e6a0fe7071be" />
      <TestMethod codeBase="C:\SaProductions\Sonda\tests\Sonda.Phase3.Tests\bin\Release\net10.0\Sonda.Phase3.Tests.dll" adapterTypeName="executor://xunit/VsTestRunner3/netcore/" className="Sonda.Phase3.Tests.EdgePolicyTests" name="Invalid_policy_configuration_cannot_activate" />
    </UnitTest>
    <UnitTest name="Sonda.Phase3.Tests.CommandTests.Incompatible_activation_is_rejected_without_mutation" storage="c:\saproductions\sonda\tests\sonda.phase3.tests\bin\release\net10.0\sonda.phase3.tests.dll" id="beeea182-993d-6988-fce8-a3f09e2b57fb">
      <Execution id="aad853be-34e9-45dc-9124-043dd4246342" />
      <TestMethod codeBase="C:\SaProductions\Sonda\tests\Sonda.Phase3.Tests\bin\Release\net10.0\Sonda.Phase3.Tests.dll" adapterTypeName="executor://xunit/VsTestRunner3/netcore/" className="Sonda.Phase3.Tests.CommandTests" name="Incompatible_activation_is_rejected_without_mutation" />
    </UnitTest>
    <UnitTest name="Sonda.Phase3.Tests.EdgePolicyTests.Revision2_cannot_downgrade_or_mutate_published_profile" storage="c:\saproductions\sonda\tests\sonda.phase3.tests\bin\release\net10.0\sonda.phase3.tests.dll" id="9a1d3ad6-0e04-f67f-bf12-b3becf9a8289">
      <Execution id="df9185cb-5c84-4730-9d3f-f5290931d1ca" />
      <TestMethod codeBase="C:\SaProductions\Sonda\tests\Sonda.Phase3.Tests\bin\Release\net10.0\Sonda.Phase3.Tests.dll" adapterTypeName="executor://xunit/VsTestRunner3/netcore/" className="Sonda.Phase3.Tests.EdgePolicyTests" name="Revision2_cannot_downgrade_or_mutate_published_profile" />
    </UnitTest>
    <UnitTest name="Sonda.Phase3.Tests.AcceptanceMatrixTests.Approved_fixture_matches_independent_expectations(name: &quot;closed-correlation-reuse&quot;)" storage="c:\saproductions\sonda\tests\sonda.phase3.tests\bin\release\net10.0\sonda.phase3.tests.dll" id="b17cdcb0-1745-f0fc-03a0-2f1b6c68ee7e">
      <Execution id="71666b66-4f47-4df5-b177-5c1144b24524" />
      <TestMethod codeBase="C:\SaProductions\Sonda\tests\Sonda.Phase3.Tests\bin\Release\net10.0\Sonda.Phase3.Tests.dll" adapterTypeName="executor://xunit/VsTestRunner3/netcore/" className="Sonda.Phase3.Tests.AcceptanceMatrixTests" name="Approved_fixture_matches_independent_expectations" />
    </UnitTest>
    <UnitTest name="Sonda.Phase3.Tests.AcceptanceMatrixTests.Approved_fixture_matches_independent_expectations(name: &quot;deadline-date-0923&quot;)" storage="c:\saproductions\sonda\tests\sonda.phase3.tests\bin\release\net10.0\sonda.phase3.tests.dll" id="84dbd2a1-cfd2-1e60-1d12-0ceaeb367844">
      <Execution id="dd5811c3-5282-475b-8b13-6dc2e6a16287" />
      <TestMethod codeBase="C:\SaProductions\Sonda\tests\Sonda.Phase3.Tests\bin\Release\net10.0\Sonda.Phase3.Tests.dll" adapterTypeName="executor://xunit/VsTestRunner3/netcore/" className="Sonda.Phase3.Tests.AcceptanceMatrixTests" name="Approved_fixture_matches_independent_expectations" />
    </UnitTest>
    <UnitTest name="Sonda.Phase3.Tests.AcceptanceMatrixTests.Approved_fixture_matches_independent_expectations(name: &quot;outside-cycle&quot;)" storage="c:\saproductions\sonda\tests\sonda.phase3.tests\bin\release\net10.0\sonda.phase3.tests.dll" id="936dc0e5-7151-6c4d-f02c-7117c6832c33">
      <Execution id="906b618b-8ae3-4875-b0b4-988e66ce3227" />
      <TestMethod codeBase="C:\SaProductions\Sonda\tests\Sonda.Phase3.Tests\bin\Release\net10.0\Sonda.Phase3.Tests.dll" adapterTypeName="executor://xunit/VsTestRunner3/netcore/" className="Sonda.Phase3.Tests.AcceptanceMatrixTests" name="Approved_fixture_matches_independent_expectations" />
    </UnitTest>
    <UnitTest name="Sonda.Phase3.Tests.CommandTests.Outside_cycle_incident_has_observation_without_invented_run" storage="c:\saproductions\sonda\tests\sonda.phase3.tests\bin\release\net10.0\sonda.phase3.tests.dll" id="4e105dc4-2383-be45-0a17-bde4b5ee2c8e">
      <Execution id="64d347a3-4c97-4f05-a432-112198abed78" />
      <TestMethod codeBase="C:\SaProductions\Sonda\tests\Sonda.Phase3.Tests\bin\Release\net10.0\Sonda.Phase3.Tests.dll" adapterTypeName="executor://xunit/VsTestRunner3/netcore/" className="Sonda.Phase3.Tests.CommandTests" name="Outside_cycle_incident_has_observation_without_invented_run" />
    </UnitTest>
  </TestDefinitions>
  <TestEntries>
    <TestEntry testId="f3ef1368-7649-69fa-e3ed-2d95ef4cb63d" executionId="3b7ee7c1-d7d0-477c-b113-924612c3978b" testListId="8c84fa94-04c1-424b-9868-57a2d4851a1d" />
    <TestEntry testId="090de3fd-6b29-fa30-ddf2-6b08f7b22ff3" executionId="dee05ec8-0863-420b-a252-1a482a7108bd" testListId="8c84fa94-04c1-424b-9868-57a2d4851a1d" />
    <TestEntry testId="beeea182-993d-6988-fce8-a3f09e2b57fb" executionId="aad853be-34e9-45dc-9124-043dd4246342" testListId="8c84fa94-04c1-424b-9868-57a2d4851a1d" />
    <TestEntry testId="bb597273-14ce-9ac2-c1c7-f9a90a151a49" executionId="15d3de7d-6977-4c32-9308-942a383efe6e" testListId="8c84fa94-04c1-424b-9868-57a2d4851a1d" />
    <TestEntry testId="c26ebcb5-c0b2-433d-d2c6-65e85e41d496" executionId="b6354125-6d35-43e0-8028-509c1b74824d" testListId="8c84fa94-04c1-424b-9868-57a2d4851a1d" />
    <TestEntry testId="4718123c-99fc-22e1-4cb3-67a4207b16ae" executionId="a9b3233b-ff61-43ee-bc9e-87ffa88464dc" testListId="8c84fa94-04c1-424b-9868-57a2d4851a1d" />
    <TestEntry testId="9a1d3ad6-0e04-f67f-bf12-b3becf9a8289" executionId="df9185cb-5c84-4730-9d3f-f5290931d1ca" testListId="8c84fa94-04c1-424b-9868-57a2d4851a1d" />
    <TestEntry testId="a5796c5a-9ff1-89cc-c59d-67a0810b5797" executionId="b83c3afc-e6a9-4e7f-bd1a-8c85f07e7090" testListId="8c84fa94-04c1-424b-9868-57a2d4851a1d" />
    <TestEntry testId="262b9329-3250-8461-dfa2-e1cbf3ba10cd" executionId="8d001e8c-833e-4fdd-b54b-6c42c1983deb" testListId="8c84fa94-04c1-424b-9868-57a2d4851a1d" />
    <TestEntry testId="d7dd7d7a-aa06-d289-158d-ddb9b9b81805" executionId="f00785b1-22ce-49b1-97c0-4d65a3de3078" testListId="8c84fa94-04c1-424b-9868-57a2d4851a1d" />
    <TestEntry testId="ed808546-f812-5ee9-be00-fa677affd2e7" executionId="c0a53273-75d8-45bd-bdf7-2ed598e3ae59" testListId="8c84fa94-04c1-424b-9868-57a2d4851a1d" />
    <TestEntry testId="936dc0e5-7151-6c4d-f02c-7117c6832c33" executionId="906b618b-8ae3-4875-b0b4-988e66ce3227" testListId="8c84fa94-04c1-424b-9868-57a2d4851a1d" />
    <TestEntry testId="8ea16ec0-b138-132f-5e2c-d37eaf33298c" executionId="b0c26b1d-c124-4298-808c-e6a0fe7071be" testListId="8c84fa94-04c1-424b-9868-57a2d4851a1d" />
    <TestEntry testId="96c51894-5232-19ac-325c-e6471b3e2656" executionId="6fdd1a84-df98-48c8-baf5-17d8997f2e40" testListId="8c84fa94-04c1-424b-9868-57a2d4851a1d" />
    <TestEntry testId="26684a36-e5c9-09d1-c417-626e0a50227f" executionId="d27b0478-69ca-47e2-84e1-b25734fc0d29" testListId="8c84fa94-04c1-424b-9868-57a2d4851a1d" />
    <TestEntry testId="1f12629f-46a5-bce6-fa1f-9dfb3a9bc45b" executionId="90c7f0cb-032b-4585-ab3d-455a817f3ae9" testListId="8c84fa94-04c1-424b-9868-57a2d4851a1d" />
    <TestEntry testId="9a95d4d4-15be-70e0-bae2-6cb5c241b598" executionId="55a6cece-b24c-4f10-baa6-40b46fc4b4f1" testListId="8c84fa94-04c1-424b-9868-57a2d4851a1d" />
    <TestEntry testId="23f5ee03-85a9-a1ec-980d-0a64fe558dcf" executionId="016772bb-e666-468e-9fb2-ee02bd1da573" testListId="8c84fa94-04c1-424b-9868-57a2d4851a1d" />
    <TestEntry testId="84dbd2a1-cfd2-1e60-1d12-0ceaeb367844" executionId="dd5811c3-5282-475b-8b13-6dc2e6a16287" testListId="8c84fa94-04c1-424b-9868-57a2d4851a1d" />
    <TestEntry testId="e4ddd061-afbf-4416-a162-acb91d44dd7c" executionId="7999980c-1671-46a4-9e87-7fcbc77935dd" testListId="8c84fa94-04c1-424b-9868-57a2d4851a1d" />
    <TestEntry testId="526cb84f-9265-36b5-4a3d-e60577298726" executionId="56062a31-3f42-4e81-9a05-2d93d2e52b26" testListId="8c84fa94-04c1-424b-9868-57a2d4851a1d" />
    <TestEntry testId="58ac0a73-47b7-9966-33f0-f97d9e6e0b1f" executionId="853684cf-c69a-4363-bed5-02628874e130" testListId="8c84fa94-04c1-424b-9868-57a2d4851a1d" />
    <TestEntry testId="c5be6f3d-cf4e-2a55-2f0d-11de3f06e5eb" executionId="c8c943b8-d786-491d-a869-52874e248064" testListId="8c84fa94-04c1-424b-9868-57a2d4851a1d" />
    <TestEntry testId="abf91839-b5c6-7002-e7c7-eb8f9261f652" executionId="e6eb8652-8f2c-4d28-bce9-833833c13bd4" testListId="8c84fa94-04c1-424b-9868-57a2d4851a1d" />
    <TestEntry testId="11014176-3b9f-7320-2112-4713d599a255" executionId="0c126e96-c3fc-4df0-ada1-f693626f3bc9" testListId="8c84fa94-04c1-424b-9868-57a2d4851a1d" />
    <TestEntry testId="2d311daf-7f50-8d9d-3bea-ac842f354243" executionId="0b53acf2-a987-4081-83aa-292a21233914" testListId="8c84fa94-04c1-424b-9868-57a2d4851a1d" />
    <TestEntry testId="1fdb5415-b700-9c2b-c37c-b597c5bf4b01" executionId="a6e9e587-97e9-47ec-9333-fcb287d72aa2" testListId="8c84fa94-04c1-424b-9868-57a2d4851a1d" />
    <TestEntry testId="a75f2928-2b0e-af6f-690b-0488127ceb67" executionId="35743855-c3f0-4699-b7ad-ea789d8ad224" testListId="8c84fa94-04c1-424b-9868-57a2d4851a1d" />
    <TestEntry testId="439f39f1-e134-8347-c540-e08f4ee4a6ae" executionId="65ecee55-8789-4548-89ca-92776859e1cb" testListId="8c84fa94-04c1-424b-9868-57a2d4851a1d" />
    <TestEntry testId="31c0e0b7-d53f-a6c3-4fd5-f256ba714636" executionId="7f2470e7-00ae-4418-ab5f-bca0be618cd5" testListId="8c84fa94-04c1-424b-9868-57a2d4851a1d" />
    <TestEntry testId="b1fa356c-9a6e-4db0-ff8b-51c332306e84" executionId="7374aa28-acc9-4192-9caa-7117caf444c9" testListId="8c84fa94-04c1-424b-9868-57a2d4851a1d" />
    <TestEntry testId="4f1d6dca-e331-b3fc-56f7-5e0113496ed6" executionId="cca0ed23-1d85-4b0d-b858-a2f337bd9108" testListId="8c84fa94-04c1-424b-9868-57a2d4851a1d" />
    <TestEntry testId="4896fc45-ae5c-f423-7a5c-13adbc06a883" executionId="de3fb74f-7928-4618-8020-acc6ca0ab492" testListId="8c84fa94-04c1-424b-9868-57a2d4851a1d" />
    <TestEntry testId="de33018d-5feb-0f4d-aec8-8a4dd150c111" executionId="7b1d53c3-aac4-401e-9c23-28f27f90acb9" testListId="8c84fa94-04c1-424b-9868-57a2d4851a1d" />
    <TestEntry testId="6ff59a1a-659b-8f43-9296-76f9e2a59601" executionId="21cdb2b4-6db4-488f-a790-0c7698f25992" testListId="8c84fa94-04c1-424b-9868-57a2d4851a1d" />
    <TestEntry testId="ecf81535-d043-dad8-ff99-e1b0c67388dd" executionId="c53db488-e202-4596-a752-850e34a1b6bf" testListId="8c84fa94-04c1-424b-9868-57a2d4851a1d" />
    <TestEntry testId="32fbfe31-de3c-fb50-1194-b1f77803ba2c" executionId="1ef430a9-2d80-4990-8379-109927b6e654" testListId="8c84fa94-04c1-424b-9868-57a2d4851a1d" />
    <TestEntry testId="6afbd3a0-59d4-cbb1-d498-9760c50403a0" executionId="80f9c646-802d-4429-a0b9-788978033c06" testListId="8c84fa94-04c1-424b-9868-57a2d4851a1d" />
    <TestEntry testId="513c6b90-8d4c-c0b1-fa12-2b64563e7104" executionId="75a7bb1c-600b-43c8-a668-e1c03ccf7175" testListId="8c84fa94-04c1-424b-9868-57a2d4851a1d" />
    <TestEntry testId="64530609-ac0a-2b2f-4d0f-4665d2d2e4a2" executionId="db4d523e-38f1-4016-b7cd-289dea82b6a8" testListId="8c84fa94-04c1-424b-9868-57a2d4851a1d" />
    <TestEntry testId="d43a8d86-af52-8d91-b483-5465152ecb8a" executionId="4fc5307e-eb38-4d27-a0a3-b25f3f2eebc8" testListId="8c84fa94-04c1-424b-9868-57a2d4851a1d" />
    <TestEntry testId="95e2c460-6bf5-9035-7fad-d70d66d0cb3b" executionId="4f11a3ff-9fc0-4b0a-80a1-30b713a3dcec" testListId="8c84fa94-04c1-424b-9868-57a2d4851a1d" />
    <TestEntry testId="e3506e9d-4c6a-cfd8-e794-b40cbbb54057" executionId="7b41eb38-ef89-466e-a56f-4c446fc48f33" testListId="8c84fa94-04c1-424b-9868-57a2d4851a1d" />
    <TestEntry testId="86ef581b-d1a2-5e60-c053-cc0e9e58b9dc" executionId="e6b30cb3-1d71-4477-ac88-f836d363c357" testListId="8c84fa94-04c1-424b-9868-57a2d4851a1d" />
    <TestEntry testId="45b51928-715b-8d32-b485-42ba20341329" executionId="524a07aa-2e53-4b81-81a2-2220fe3600d2" testListId="8c84fa94-04c1-424b-9868-57a2d4851a1d" />
    <TestEntry testId="8f32f570-b622-0e6f-8cdf-ded15b157a9b" executionId="a4591b5a-9be1-4f71-8676-d270a5910327" testListId="8c84fa94-04c1-424b-9868-57a2d4851a1d" />
    <TestEntry testId="4e105dc4-2383-be45-0a17-bde4b5ee2c8e" executionId="64d347a3-4c97-4f05-a432-112198abed78" testListId="8c84fa94-04c1-424b-9868-57a2d4851a1d" />
    <TestEntry testId="0dfa45c3-fb68-6867-d8a8-e51813874bde" executionId="b0f616c9-d2cd-415f-b042-2eea337a17ef" testListId="8c84fa94-04c1-424b-9868-57a2d4851a1d" />
    <TestEntry testId="b17cdcb0-1745-f0fc-03a0-2f1b6c68ee7e" executionId="71666b66-4f47-4df5-b177-5c1144b24524" testListId="8c84fa94-04c1-424b-9868-57a2d4851a1d" />
    <TestEntry testId="a0658b34-83b0-c716-4da5-0f1f42cdf32c" executionId="6a759152-f9dd-400c-8224-fb32745fe05d" testListId="8c84fa94-04c1-424b-9868-57a2d4851a1d" />
    <TestEntry testId="cddd7378-3943-5d0e-b673-e38d99ac5c64" executionId="5bc7de72-9a56-45cd-a44e-d4c34356076d" testListId="8c84fa94-04c1-424b-9868-57a2d4851a1d" />
    <TestEntry testId="dc2c27ca-4de2-e1b4-a711-b6c88b30b0c3" executionId="c25a7e17-05a5-4f14-bab2-2eb841775aae" testListId="8c84fa94-04c1-424b-9868-57a2d4851a1d" />
    <TestEntry testId="85cbd8ed-217f-5e95-9693-1bc4f222ec1a" executionId="8fe63d89-741a-48e4-94ef-d30d61d2053b" testListId="8c84fa94-04c1-424b-9868-57a2d4851a1d" />
    <TestEntry testId="beb64eed-1f53-430e-e36e-281d69285e0d" executionId="40133b5a-6456-44d0-b655-4a45cc7f3f8a" testListId="8c84fa94-04c1-424b-9868-57a2d4851a1d" />
    <TestEntry testId="a98cc6bf-e1d8-c799-0d09-e55766596f39" executionId="94ec78a6-47a4-4520-b894-1aede8a71b54" testListId="8c84fa94-04c1-424b-9868-57a2d4851a1d" />
    <TestEntry testId="8836f845-9384-4d1b-59bc-c7072afd3221" executionId="cbc93bac-0301-44fa-b870-2686c64d50ae" testListId="8c84fa94-04c1-424b-9868-57a2d4851a1d" />
    <TestEntry testId="281deeee-95c1-d0d2-57da-9a93da16dff8" executionId="6b629e7c-c9de-4467-afef-864150f1561c" testListId="8c84fa94-04c1-424b-9868-57a2d4851a1d" />
    <TestEntry testId="ece8bcb7-43a6-4b9e-4ef4-cd08924bf704" executionId="d0b94b4f-3433-45dc-97ec-e65efde128e6" testListId="8c84fa94-04c1-424b-9868-57a2d4851a1d" />
    <TestEntry testId="1ce86b81-e33e-b611-db18-c5969a4d6054" executionId="3b293f37-cdf6-46e5-9f5a-a877c38a1b95" testListId="8c84fa94-04c1-424b-9868-57a2d4851a1d" />
    <TestEntry testId="fac9f477-c070-31a2-ba7a-952f2a3b29b8" executionId="dd6381c0-0ee7-43d8-be7b-12c61de95b70" testListId="8c84fa94-04c1-424b-9868-57a2d4851a1d" />
    <TestEntry testId="67364ffb-e874-18a1-5c29-5d49a0823994" executionId="46407723-a9c4-461d-9211-de84eeb16b5b" testListId="8c84fa94-04c1-424b-9868-57a2d4851a1d" />
    <TestEntry testId="d4abf4a8-a10e-28cb-05d7-e6f47e6dd427" executionId="0db23728-0377-4e44-8fab-1fe01ef1ee2e" testListId="8c84fa94-04c1-424b-9868-57a2d4851a1d" />
    <TestEntry testId="de0bd9c6-8784-1cf6-f994-ffefca31fed6" executionId="59fa87c5-c288-42c1-867f-326ace896ca4" testListId="8c84fa94-04c1-424b-9868-57a2d4851a1d" />
    <TestEntry testId="e2321a0b-5605-85ad-c1f6-f1132399c04f" executionId="75295290-4caa-4944-881c-75e8f0992bd9" testListId="8c84fa94-04c1-424b-9868-57a2d4851a1d" />
    <TestEntry testId="1b844058-9cd8-a29a-fb86-c0503a97fa18" executionId="e02ec882-498c-4960-a019-75332d90ee33" testListId="8c84fa94-04c1-424b-9868-57a2d4851a1d" />
    <TestEntry testId="d824fe6f-9390-3976-98ef-7a80b4b92a48" executionId="ab143451-3161-4c63-8958-dc03484ffd8a" testListId="8c84fa94-04c1-424b-9868-57a2d4851a1d" />
    <TestEntry testId="c1aa071d-5b0b-7524-d417-635a0e6796c8" executionId="e61170ea-65ab-447d-86ff-9b82677ae84f" testListId="8c84fa94-04c1-424b-9868-57a2d4851a1d" />
    <TestEntry testId="72f693f3-7138-d6ed-949e-86b7b330f502" executionId="8d47f687-4f98-4d69-8ff5-8084d12d2cab" testListId="8c84fa94-04c1-424b-9868-57a2d4851a1d" />
    <TestEntry testId="cd7e7499-5090-09dc-e5ea-11824ce3e7c3" executionId="3cc26803-6401-4ef9-88ea-9d40952387a9" testListId="8c84fa94-04c1-424b-9868-57a2d4851a1d" />
    <TestEntry testId="870b9d83-573c-f48d-d753-26e1be9e9783" executionId="21f5bb73-27d8-4298-9a6b-a13eea87dda0" testListId="8c84fa94-04c1-424b-9868-57a2d4851a1d" />
    <TestEntry testId="4ab618cf-b6f8-0a98-3d8c-d1ce3f151b5e" executionId="c354d745-66c7-48ba-b566-321c69f77937" testListId="8c84fa94-04c1-424b-9868-57a2d4851a1d" />
    <TestEntry testId="a8d4c202-1348-58bc-ca5d-c16235872798" executionId="d3151eb9-63db-49af-a136-076c78874f3a" testListId="8c84fa94-04c1-424b-9868-57a2d4851a1d" />
    <TestEntry testId="651383ac-60d2-b0b7-fee8-6163927cf8ad" executionId="510424d8-5f86-4751-ab0c-a2b9201c8a4a" testListId="8c84fa94-04c1-424b-9868-57a2d4851a1d" />
    <TestEntry testId="a6b47128-0416-c8da-5745-a4d6b807d0ea" executionId="93330bf3-d505-4a1f-847a-016ce2ed9872" testListId="8c84fa94-04c1-424b-9868-57a2d4851a1d" />
    <TestEntry testId="0f0fff01-59d4-b08e-2130-5e37c5c7fee7" executionId="b40fa9df-a725-4122-a5d4-5dd4a1c630f0" testListId="8c84fa94-04c1-424b-9868-57a2d4851a1d" />
    <TestEntry testId="df67ed53-a3f0-2537-1171-024639d82296" executionId="c771c45d-ecc7-43c8-93bb-457329c86cf5" testListId="8c84fa94-04c1-424b-9868-57a2d4851a1d" />
  </TestEntries>
  <TestLists>
    <TestList name="Results Not in a List" id="8c84fa94-04c1-424b-9868-57a2d4851a1d" />
    <TestList name="All Loaded Results" id="19431567-8539-422a-85d7-44ee4e166bda" />
  </TestLists>
  <ResultSummary outcome="Completed">
    <Counters total="76" executed="76" passed="76" failed="0" error="0" timeout="0" aborted="0" inconclusive="0" passedButRunAborted="0" notRunnable="0" notExecuted="0" disconnected="0" warning="0" completed="0" inProgress="0" pending="0" />
    <Output>
      <StdOut>[xUnit.net 00:00:00.00] xUnit.net VSTest Adapter v3.1.1+bf6400fd51 (64-bit .NET 10.0.12)&#xD;
[xUnit.net 00:00:00.20]   Discovering: Sonda.Phase3.Tests&#xD;
[xUnit.net 00:00:00.41]   Discovered:  Sonda.Phase3.Tests&#xD;
[xUnit.net 00:00:00.48]   Starting:    Sonda.Phase3.Tests&#xD;
[xUnit.net 00:00:01.67]   Finished:    Sonda.Phase3.Tests&#xD;
</StdOut>
    </Output>
  </ResultSummary>
</TestRun>