<?xml version="1.0" encoding="utf-8"?>
<TestRun id="ff8dfb81-33b1-4545-acae-f9dddc430771" name="sapro@ASUSPROART 2026-09-24 00:50:29" runUser="ASUSPROART\sapro" xmlns="http://microsoft.com/schemas/VisualStudio/TeamTest/2010">
  <Times creation="2026-09-24T00:50:29.8766660-04:00" queuing="2026-09-24T00:50:29.8766669-04:00" start="2026-09-24T00:50:27.2621985-04:00" finish="2026-09-24T00:50:30.7965533-04:00" />
  <TestSettings name="default" id="e5f149c2-136f-47d1-b1e7-9205379478fc">
    <Deployment runDeploymentRoot="sapro_ASUSPROART_2026-09-24_00_50_29" />
  </TestSettings>
  <Results>
    <UnitTestResult executionId="0c0c2c61-0332-4b61-8875-f3906a1e094b" testId="1ce86b81-e33e-b611-db18-c5969a4d6054" testName="Sonda.Phase3.Tests.EdgePolicyTests.Manual_resolution_noop_and_reopening_are_explicit(investigating: True)" computerName="ASUSPROART" duration="00:00:00.0045376" startTime="2026-09-24T00:50:30.0820264-04:00" endTime="2026-09-24T00:50:30.0893236-04:00" testType="13cdc9d9-ddb5-4fa4-a97d-d965ccfc6d4b" outcome="Passed" testListId="8c84fa94-04c1-424b-9868-57a2d4851a1d" relativeResultsDirectory="0c0c2c61-0332-4b61-8875-f3906a1e094b" />
    <UnitTestResult executionId="c34c38d7-ca40-4764-a706-135406e4d176" testId="d824fe6f-9390-3976-98ef-7a80b4b92a48" testName="Sonda.Phase3.Tests.EdgePolicyTests.Partition_error_survives_restart_without_blocking_other_cycle" computerName="ASUSPROART" duration="00:00:00.0994588" startTime="2026-09-24T00:50:30.1122756-04:00" endTime="2026-09-24T00:50:30.2119578-04:00" testType="13cdc9d9-ddb5-4fa4-a97d-d965ccfc6d4b" outcome="Passed" testListId="8c84fa94-04c1-424b-9868-57a2d4851a1d" relativeResultsDirectory="c34c38d7-ca40-4764-a706-135406e4d176" />
    <UnitTestResult executionId="ca1d3acf-58da-41a9-acbb-4c44c98c2911" testId="d43a8d86-af52-8d91-b483-5465152ecb8a" testName="Sonda.Phase3.Tests.AcceptanceMatrixTests.Approved_fixture_matches_independent_expectations(name: &quot;correlated-overlap&quot;)" computerName="ASUSPROART" duration="00:00:00.0290444" startTime="2026-09-24T00:50:30.5901923-04:00" endTime="2026-09-24T00:50:30.6191207-04:00" testType="13cdc9d9-ddb5-4fa4-a97d-d965ccfc6d4b" outcome="Passed" testListId="8c84fa94-04c1-424b-9868-57a2d4851a1d" relativeResultsDirectory="ca1d3acf-58da-41a9-acbb-4c44c98c2911" />
    <UnitTestResult executionId="73d23176-c9e6-405f-b613-063ffd6832ed" testId="a8d4c202-1348-58bc-ca5d-c16235872798" testName="Sonda.Phase3.Tests.EdgePolicyTests.Event_deadline_never_implicitly_uses_processing_time" computerName="ASUSPROART" duration="00:00:00.0023647" startTime="2026-09-24T00:50:30.1099412-04:00" endTime="2026-09-24T00:50:30.1119960-04:00" testType="13cdc9d9-ddb5-4fa4-a97d-d965ccfc6d4b" outcome="Passed" testListId="8c84fa94-04c1-424b-9868-57a2d4851a1d" relativeResultsDirectory="73d23176-c9e6-405f-b613-063ffd6832ed" />
    <UnitTestResult executionId="a14ac66f-ea49-4b37-9088-daa8d1ece663" testId="67364ffb-e874-18a1-5c29-5d49a0823994" testName="Sonda.Phase3.Tests.AcceptanceMatrixTests.Approved_fixture_matches_independent_expectations(name: &quot;versioned-recovery&quot;)" computerName="ASUSPROART" duration="00:00:00.0121352" startTime="2026-09-24T00:50:30.6408397-04:00" endTime="2026-09-24T00:50:30.6517174-04:00" testType="13cdc9d9-ddb5-4fa4-a97d-d965ccfc6d4b" outcome="Passed" testListId="8c84fa94-04c1-424b-9868-57a2d4851a1d" relativeResultsDirectory="a14ac66f-ea49-4b37-9088-daa8d1ece663" />
    <UnitTestResult executionId="baa6d029-d6b6-4454-8f0c-b8ef210b8a91" testId="090de3fd-6b29-fa30-ddf2-6b08f7b22ff3" testName="Sonda.Phase3.Tests.AcceptanceMatrixTests.Approved_fixture_matches_independent_expectations(name: &quot;later-clean-recovery&quot;)" computerName="ASUSPROART" duration="00:00:00.0130548" startTime="2026-09-24T00:50:30.4394616-04:00" endTime="2026-09-24T00:50:30.4524900-04:00" testType="13cdc9d9-ddb5-4fa4-a97d-d965ccfc6d4b" outcome="Passed" testListId="8c84fa94-04c1-424b-9868-57a2d4851a1d" relativeResultsDirectory="baa6d029-d6b6-4454-8f0c-b8ef210b8a91" />
    <UnitTestResult executionId="c3881049-4510-474f-acac-a9345082cf1f" testId="72f693f3-7138-d6ed-949e-86b7b330f502" testName="Sonda.Phase3.Tests.PolicyTests.Successful_run_keeps_independent_diagnostic(severity: &quot;Warning&quot;)" computerName="ASUSPROART" duration="00:00:00.0024358" startTime="2026-09-24T00:50:30.0722434-04:00" endTime="2026-09-24T00:50:30.0744594-04:00" testType="13cdc9d9-ddb5-4fa4-a97d-d965ccfc6d4b" outcome="Passed" testListId="8c84fa94-04c1-424b-9868-57a2d4851a1d" relativeResultsDirectory="c3881049-4510-474f-acac-a9345082cf1f" />
    <UnitTestResult executionId="591fa17a-e9e9-4762-83a2-5fe240052674" testId="45b51928-715b-8d32-b485-42ba20341329" testName="Sonda.Phase3.Tests.AcceptanceMatrixTests.Approved_fixture_matches_independent_expectations(name: &quot;boundary-before-timer&quot;)" computerName="ASUSPROART" duration="00:00:00.0112033" startTime="2026-09-24T00:50:30.4804825-04:00" endTime="2026-09-24T00:50:30.4914251-04:00" testType="13cdc9d9-ddb5-4fa4-a97d-d965ccfc6d4b" outcome="Passed" testListId="8c84fa94-04c1-424b-9868-57a2d4851a1d" relativeResultsDirectory="591fa17a-e9e9-4762-83a2-5fe240052674" />
    <UnitTestResult executionId="e20716db-4e08-4480-a82d-c611a154b0a5" testId="8836f845-9384-4d1b-59bc-c7072afd3221" testName="Sonda.Phase3.Tests.AcceptanceMatrixTests.Approved_fixture_matches_independent_expectations(name: &quot;warning-with-success&quot;)" computerName="ASUSPROART" duration="00:00:00.0088916" startTime="2026-09-24T00:50:30.5262006-04:00" endTime="2026-09-24T00:50:30.5350915-04:00" testType="13cdc9d9-ddb5-4fa4-a97d-d965ccfc6d4b" outcome="Passed" testListId="8c84fa94-04c1-424b-9868-57a2d4851a1d" relativeResultsDirectory="e20716db-4e08-4480-a82d-c611a154b0a5" />
    <UnitTestResult executionId="a9e4dd0d-d27e-4204-8d10-1d39d3919b43" testId="e3506e9d-4c6a-cfd8-e794-b40cbbb54057" testName="Sonda.Phase3.Tests.AcceptanceMatrixTests.Approved_fixture_matches_independent_expectations(name: &quot;backlog-frontier&quot;)" computerName="ASUSPROART" duration="00:00:00.0097297" startTime="2026-09-24T00:50:30.3812808-04:00" endTime="2026-09-24T00:50:30.3907347-04:00" testType="13cdc9d9-ddb5-4fa4-a97d-d965ccfc6d4b" outcome="Passed" testListId="8c84fa94-04c1-424b-9868-57a2d4851a1d" relativeResultsDirectory="a9e4dd0d-d27e-4204-8d10-1d39d3919b43" />
    <UnitTestResult executionId="e0c2c5bc-26d3-4546-b300-cf8bdaf2a215" testId="936dc0e5-7151-6c4d-f02c-7117c6832c33" testName="Sonda.Phase3.Tests.AcceptanceMatrixTests.Approved_fixture_matches_independent_expectations(name: &quot;outside-cycle&quot;)" computerName="ASUSPROART" duration="00:00:00.0094657" startTime="2026-09-24T00:50:30.4707245-04:00" endTime="2026-09-24T00:50:30.4801800-04:00" testType="13cdc9d9-ddb5-4fa4-a97d-d965ccfc6d4b" outcome="Passed" testListId="8c84fa94-04c1-424b-9868-57a2d4851a1d" relativeResultsDirectory="e0c2c5bc-26d3-4546-b300-cf8bdaf2a215" />
    <UnitTestResult executionId="33fe25d2-add2-4972-b069-8c0c0ce2cf57" testId="cd7e7499-5090-09dc-e5ea-11824ce3e7c3" testName="Sonda.Phase3.Tests.AcceptanceMatrixTests.Approved_fixture_matches_independent_expectations(name: &quot;late-diagnostic&quot;)" computerName="ASUSPROART" duration="00:00:00.0106415" startTime="2026-09-24T00:50:30.6194306-04:00" endTime="2026-09-24T00:50:30.6299064-04:00" testType="13cdc9d9-ddb5-4fa4-a97d-d965ccfc6d4b" outcome="Passed" testListId="8c84fa94-04c1-424b-9868-57a2d4851a1d" relativeResultsDirectory="33fe25d2-add2-4972-b069-8c0c0ce2cf57" />
    <UnitTestResult executionId="20056916-7a10-43e9-8486-f7d26485da1b" testId="1f12629f-46a5-bce6-fa1f-9dfb3a9bc45b" testName="Sonda.Phase3.Tests.AcceptanceMatrixTests.Approved_fixture_matches_independent_expectations(name: &quot;timing-disabled&quot;)" computerName="ASUSPROART" duration="00:00:00.0065015" startTime="2026-09-24T00:50:30.3583434-04:00" endTime="2026-09-24T00:50:30.3644472-04:00" testType="13cdc9d9-ddb5-4fa4-a97d-d965ccfc6d4b" outcome="Passed" testListId="8c84fa94-04c1-424b-9868-57a2d4851a1d" relativeResultsDirectory="20056916-7a10-43e9-8486-f7d26485da1b" />
    <UnitTestResult executionId="43995c17-8e39-4750-aa47-adfd75755717" testId="2d311daf-7f50-8d9d-3bea-ac842f354243" testName="Sonda.Phase3.Tests.AcceptanceMatrixTests.Approved_fixture_matches_independent_expectations(name: &quot;success-with-diagnostic&quot;)" computerName="ASUSPROART" duration="00:00:00.0088026" startTime="2026-09-24T00:50:30.5354325-04:00" endTime="2026-09-24T00:50:30.5441119-04:00" testType="13cdc9d9-ddb5-4fa4-a97d-d965ccfc6d4b" outcome="Passed" testListId="8c84fa94-04c1-424b-9868-57a2d4851a1d" relativeResultsDirectory="43995c17-8e39-4750-aa47-adfd75755717" />
    <UnitTestResult executionId="89ecdd41-7c45-4624-b0be-f7c7e20f61f8" testId="beb64eed-1f53-430e-e36e-281d69285e0d" testName="Sonda.Phase3.Tests.AcceptanceMatrixTests.Approved_fixture_matches_independent_expectations(name: &quot;application-duration&quot;)" computerName="ASUSPROART" duration="00:00:00.0115726" startTime="2026-09-24T00:50:30.2322104-04:00" endTime="2026-09-24T00:50:30.2436834-04:00" testType="13cdc9d9-ddb5-4fa4-a97d-d965ccfc6d4b" outcome="Passed" testListId="8c84fa94-04c1-424b-9868-57a2d4851a1d" relativeResultsDirectory="89ecdd41-7c45-4624-b0be-f7c7e20f61f8" />
    <UnitTestResult executionId="8f32570c-38bc-43cb-8d43-c544712bccec" testId="9a95d4d4-15be-70e0-bae2-6cb5c241b598" testName="Sonda.Phase3.Tests.AcceptanceMatrixTests.Approved_fixture_matches_independent_expectations(name: &quot;manual-only-recovery&quot;)" computerName="ASUSPROART" duration="00:00:00.0106552" startTime="2026-09-24T00:50:30.3910421-04:00" endTime="2026-09-24T00:50:30.4014787-04:00" testType="13cdc9d9-ddb5-4fa4-a97d-d965ccfc6d4b" outcome="Passed" testListId="8c84fa94-04c1-424b-9868-57a2d4851a1d" relativeResultsDirectory="8f32570c-38bc-43cb-8d43-c544712bccec" />
    <UnitTestResult executionId="1c86d977-bb44-498e-bdba-83161604027e" testId="bb597273-14ce-9ac2-c1c7-f9a90a151a49" testName="Sonda.Phase3.Tests.EdgePolicyTests.Old_evidence_after_frontier_uses_only_opted_in_diagnostic" computerName="ASUSPROART" duration="00:00:00.3468484" startTime="2026-09-24T00:50:29.8143785-04:00" endTime="2026-09-24T00:50:30.0751818-04:00" testType="13cdc9d9-ddb5-4fa4-a97d-d965ccfc6d4b" outcome="Passed" testListId="8c84fa94-04c1-424b-9868-57a2d4851a1d" relativeResultsDirectory="1c86d977-bb44-498e-bdba-83161604027e" />
    <UnitTestResult executionId="8fe8fb1a-a955-4bda-9506-206c09511f93" testId="6ff59a1a-659b-8f43-9296-76f9e2a59601" testName="Sonda.Phase3.Tests.AcceptanceMatrixTests.Approved_fixture_matches_independent_expectations(name: &quot;late-terminal&quot;)" computerName="ASUSPROART" duration="00:00:00.0160890" startTime="2026-09-24T00:50:30.3647515-04:00" endTime="2026-09-24T00:50:30.3807171-04:00" testType="13cdc9d9-ddb5-4fa4-a97d-d965ccfc6d4b" outcome="Passed" testListId="8c84fa94-04c1-424b-9868-57a2d4851a1d" relativeResultsDirectory="8fe8fb1a-a955-4bda-9506-206c09511f93" />
    <UnitTestResult executionId="4822e26b-2b86-494f-b6e6-58f93bc31368" testId="c26ebcb5-c0b2-433d-d2c6-65e85e41d496" testName="Sonda.Phase3.Tests.PolicyTests.Incomplete_end_is_undefined" computerName="ASUSPROART" duration="00:00:00.0021254" startTime="2026-09-24T00:50:30.2118678-04:00" endTime="2026-09-24T00:50:30.2136322-04:00" testType="13cdc9d9-ddb5-4fa4-a97d-d965ccfc6d4b" outcome="Passed" testListId="8c84fa94-04c1-424b-9868-57a2d4851a1d" relativeResultsDirectory="4822e26b-2b86-494f-b6e6-58f93bc31368" />
    <UnitTestResult executionId="30bef5c7-e4cc-45cc-a02a-cd4055bc9a1c" testId="a98cc6bf-e1d8-c799-0d09-e55766596f39" testName="Sonda.Phase3.Tests.AcceptanceMatrixTests.Approved_fixture_matches_independent_expectations(name: &quot;open-duplicate-begin&quot;)" computerName="ASUSPROART" duration="00:00:00.0086522" startTime="2026-09-24T00:50:30.6520984-04:00" endTime="2026-09-24T00:50:30.6605725-04:00" testType="13cdc9d9-ddb5-4fa4-a97d-d965ccfc6d4b" outcome="Passed" testListId="8c84fa94-04c1-424b-9868-57a2d4851a1d" relativeResultsDirectory="30bef5c7-e4cc-45cc-a02a-cd4055bc9a1c" />
    <UnitTestResult executionId="27dae4e7-60b6-48b2-885b-e6d3f7935038" testId="86ef581b-d1a2-5e60-c053-cc0e9e58b9dc" testName="Sonda.Phase3.Tests.EdgePolicyTests.Expected_duration_only_is_overdue_without_finalization" computerName="ASUSPROART" duration="00:00:00.0040543" startTime="2026-09-24T00:50:30.2211244-04:00" endTime="2026-09-24T00:50:30.2236946-04:00" testType="13cdc9d9-ddb5-4fa4-a97d-d965ccfc6d4b" outcome="Passed" testListId="8c84fa94-04c1-424b-9868-57a2d4851a1d" relativeResultsDirectory="27dae4e7-60b6-48b2-885b-e6d3f7935038" />
    <UnitTestResult executionId="ca1d8807-0ae7-4b94-826c-cf119c514544" testId="281deeee-95c1-d0d2-57da-9a93da16dff8" testName="Sonda.Phase3.Tests.EdgePolicyTests.Evidence_at_exact_deadline_wins_when_frontier_includes_it" computerName="ASUSPROART" duration="00:00:00.0058759" startTime="2026-09-24T00:50:30.2273261-04:00" endTime="2026-09-24T00:50:30.2329094-04:00" testType="13cdc9d9-ddb5-4fa4-a97d-d965ccfc6d4b" outcome="Passed" testListId="8c84fa94-04c1-424b-9868-57a2d4851a1d" relativeResultsDirectory="ca1d8807-0ae7-4b94-826c-cf119c514544" />
    <UnitTestResult executionId="0a2917a7-e96a-47ad-b493-a580b0fae9c9" testId="8f32f570-b622-0e6f-8cdf-ded15b157a9b" testName="Sonda.Phase3.Tests.AcceptanceMatrixTests.Approved_fixture_matches_independent_expectations(name: &quot;same-input-contradiction&quot;)" computerName="ASUSPROART" duration="00:00:00.0084748" startTime="2026-09-24T00:50:30.4621058-04:00" endTime="2026-09-24T00:50:30.4704870-04:00" testType="13cdc9d9-ddb5-4fa4-a97d-d965ccfc6d4b" outcome="Passed" testListId="8c84fa94-04c1-424b-9868-57a2d4851a1d" relativeResultsDirectory="0a2917a7-e96a-47ad-b493-a580b0fae9c9" />
    <UnitTestResult executionId="ba81940b-78bb-4c57-8416-330a74aafcfd" testId="6afbd3a0-59d4-cbb1-d498-9760c50403a0" testName="Sonda.Phase3.Tests.AcceptanceMatrixTests.Approved_fixture_matches_independent_expectations(name: &quot;clock-and-date&quot;)" computerName="ASUSPROART" duration="00:00:00.0098203" startTime="2026-09-24T00:50:30.4094325-04:00" endTime="2026-09-24T00:50:30.4191589-04:00" testType="13cdc9d9-ddb5-4fa4-a97d-d965ccfc6d4b" outcome="Passed" testListId="8c84fa94-04c1-424b-9868-57a2d4851a1d" relativeResultsDirectory="ba81940b-78bb-4c57-8416-330a74aafcfd" />
    <UnitTestResult executionId="0f1efe0a-be4a-46d8-8746-06fe2d11e121" testId="0f0fff01-59d4-b08e-2130-5e37c5c7fee7" testName="Sonda.Phase3.Tests.PolicyTests.Successful_run_keeps_independent_diagnostic(severity: &quot;Error&quot;)" computerName="ASUSPROART" duration="00:00:00.0396939" startTime="2026-09-24T00:50:30.0329664-04:00" endTime="2026-09-24T00:50:30.0719345-04:00" testType="13cdc9d9-ddb5-4fa4-a97d-d965ccfc6d4b" outcome="Passed" testListId="8c84fa94-04c1-424b-9868-57a2d4851a1d" relativeResultsDirectory="0f1efe0a-be4a-46d8-8746-06fe2d11e121" />
    <UnitTestResult executionId="f7fa6b11-9c3a-4b82-968c-f1455a3d16ec" testId="a6b47128-0416-c8da-5745-a4d6b807d0ea" testName="Sonda.Phase3.Tests.PolicyTests.Explicit_end_failure_dominates_separate_success(reverse: False)" computerName="ASUSPROART" duration="00:00:00.0030331" startTime="2026-09-24T00:50:30.0813756-04:00" endTime="2026-09-24T00:50:30.0843280-04:00" testType="13cdc9d9-ddb5-4fa4-a97d-d965ccfc6d4b" outcome="Passed" testListId="8c84fa94-04c1-424b-9868-57a2d4851a1d" relativeResultsDirectory="f7fa6b11-9c3a-4b82-968c-f1455a3d16ec" />
    <UnitTestResult executionId="57bd7784-449d-4ce7-b578-fd6c88e159af" testId="dc2c27ca-4de2-e1b4-a711-b6c88b30b0c3" testName="Sonda.Phase3.Tests.AcceptanceMatrixTests.Approved_fixture_matches_independent_expectations(name: &quot;missing-correlation&quot;)" computerName="ASUSPROART" duration="00:00:00.0076031" startTime="2026-09-24T00:50:30.3386007-04:00" endTime="2026-09-24T00:50:30.3460415-04:00" testType="13cdc9d9-ddb5-4fa4-a97d-d965ccfc6d4b" outcome="Passed" testListId="8c84fa94-04c1-424b-9868-57a2d4851a1d" relativeResultsDirectory="57bd7784-449d-4ce7-b578-fd6c88e159af" />
    <UnitTestResult executionId="8762489a-5df1-4f07-9088-70bf808d5355" testId="d4abf4a8-a10e-28cb-05d7-e6f47e6dd427" testName="Sonda.Phase3.Tests.AcceptanceMatrixTests.Approved_fixture_matches_independent_expectations(name: &quot;recovery-causality&quot;)" computerName="ASUSPROART" duration="00:00:00.0162101" startTime="2026-09-24T00:50:30.4993829-04:00" endTime="2026-09-24T00:50:30.5170403-04:00" testType="13cdc9d9-ddb5-4fa4-a97d-d965ccfc6d4b" outcome="Passed" testListId="8c84fa94-04c1-424b-9868-57a2d4851a1d" relativeResultsDirectory="8762489a-5df1-4f07-9088-70bf808d5355" />
    <UnitTestResult executionId="00f70ba2-9972-435d-a724-da2a0f393e2b" testId="ecf81535-d043-dad8-ff99-e1b0c67388dd" testName="Sonda.Phase3.Tests.AcceptanceMatrixTests.Approved_fixture_matches_independent_expectations(name: &quot;failure-and-ignore&quot;)" computerName="ASUSPROART" duration="00:00:00.0158419" startTime="2026-09-24T00:50:30.5655503-04:00" endTime="2026-09-24T00:50:30.5811852-04:00" testType="13cdc9d9-ddb5-4fa4-a97d-d965ccfc6d4b" outcome="Passed" testListId="8c84fa94-04c1-424b-9868-57a2d4851a1d" relativeResultsDirectory="00f70ba2-9972-435d-a724-da2a0f393e2b" />
    <UnitTestResult executionId="b1064073-5382-4fab-9b23-0d69a5c74518" testId="95e2c460-6bf5-9035-7fad-d70d66d0cb3b" testName="Sonda.Phase3.Tests.EdgePolicyTests.Invalid_policy_configuration_cannot_activate(kind: &quot;order&quot;)" computerName="ASUSPROART" duration="00:00:00.1834956" startTime="2026-09-24T00:50:29.5301309-04:00" endTime="2026-09-24T00:50:29.7262467-04:00" testType="13cdc9d9-ddb5-4fa4-a97d-d965ccfc6d4b" outcome="Passed" testListId="8c84fa94-04c1-424b-9868-57a2d4851a1d" relativeResultsDirectory="b1064073-5382-4fab-9b23-0d69a5c74518" />
    <UnitTestResult executionId="cf1b0d1b-9dec-475e-8b45-f16cf896f01d" testId="df67ed53-a3f0-2537-1171-024639d82296" testName="Sonda.Phase3.Tests.AcceptanceMatrixTests.Approved_fixture_matches_independent_expectations(name: &quot;incompatible-recovery-contract&quot;)" computerName="ASUSPROART" duration="00:00:00.0199763" startTime="2026-09-24T00:50:30.2049664-04:00" endTime="2026-09-24T00:50:30.2228576-04:00" testType="13cdc9d9-ddb5-4fa4-a97d-d965ccfc6d4b" outcome="Passed" testListId="8c84fa94-04c1-424b-9868-57a2d4851a1d" relativeResultsDirectory="cf1b0d1b-9dec-475e-8b45-f16cf896f01d" />
    <UnitTestResult executionId="58fbdcc6-70a0-4f99-bd2a-cab8e90540d7" testId="4ab618cf-b6f8-0a98-3d8c-d1ce3f151b5e" testName="Sonda.Phase3.Tests.EdgePolicyTests.Manual_only_diagnostic_survives_later_success" computerName="ASUSPROART" duration="00:00:00.0078056" startTime="2026-09-24T00:50:30.2121433-04:00" endTime="2026-09-24T00:50:30.2207797-04:00" testType="13cdc9d9-ddb5-4fa4-a97d-d965ccfc6d4b" outcome="Passed" testListId="8c84fa94-04c1-424b-9868-57a2d4851a1d" relativeResultsDirectory="58fbdcc6-70a0-4f99-bd2a-cab8e90540d7" />
    <UnitTestResult executionId="c2ae4e1f-9899-466c-bab9-116e25819074" testId="c1aa071d-5b0b-7524-d417-635a0e6796c8" testName="Sonda.Phase3.Tests.AcceptanceMatrixTests.Approved_fixture_matches_independent_expectations(name: &quot;open-out-of-order&quot;)" computerName="ASUSPROART" duration="00:00:00.0089149" startTime="2026-09-24T00:50:30.2557080-04:00" endTime="2026-09-24T00:50:30.2647626-04:00" testType="13cdc9d9-ddb5-4fa4-a97d-d965ccfc6d4b" outcome="Passed" testListId="8c84fa94-04c1-424b-9868-57a2d4851a1d" relativeResultsDirectory="c2ae4e1f-9899-466c-bab9-116e25819074" />
    <UnitTestResult executionId="9c246393-3b85-44b8-a7ad-05bc1ab97515" testId="96c51894-5232-19ac-325c-e6471b3e2656" testName="Sonda.Phase3.Tests.PolicyTests.Unknown_policy_revision_is_rejected" computerName="ASUSPROART" duration="00:00:00.0018881" startTime="2026-09-24T00:50:30.2098763-04:00" endTime="2026-09-24T00:50:30.2115010-04:00" testType="13cdc9d9-ddb5-4fa4-a97d-d965ccfc6d4b" outcome="Passed" testListId="8c84fa94-04c1-424b-9868-57a2d4851a1d" relativeResultsDirectory="9c246393-3b85-44b8-a7ad-05bc1ab97515" />
    <UnitTestResult executionId="782cebc0-eadd-4238-acb2-95a86125737b" testId="f3ef1368-7649-69fa-e3ed-2d95ef4cb63d" testName="Sonda.Phase3.Tests.CommandTests.Command_collision_is_rejected" computerName="ASUSPROART" duration="00:00:00.0021308" startTime="2026-09-24T00:50:30.2646429-04:00" endTime="2026-09-24T00:50:30.2652610-04:00" testType="13cdc9d9-ddb5-4fa4-a97d-d965ccfc6d4b" outcome="Passed" testListId="8c84fa94-04c1-424b-9868-57a2d4851a1d" relativeResultsDirectory="782cebc0-eadd-4238-acb2-95a86125737b" />
    <UnitTestResult executionId="3cc0d8be-818d-4049-948e-395cd2131dc8" testId="4718123c-99fc-22e1-4cb3-67a4207b16ae" testName="Sonda.Phase3.Tests.AcceptanceMatrixTests.Approved_fixture_matches_independent_expectations(name: &quot;explicit-end-conflicts&quot;)" computerName="ASUSPROART" duration="00:00:00.0108473" startTime="2026-09-24T00:50:30.4285088-04:00" endTime="2026-09-24T00:50:30.4392200-04:00" testType="13cdc9d9-ddb5-4fa4-a97d-d965ccfc6d4b" outcome="Passed" testListId="8c84fa94-04c1-424b-9868-57a2d4851a1d" relativeResultsDirectory="3cc0d8be-818d-4049-948e-395cd2131dc8" />
    <UnitTestResult executionId="8517354f-edce-439a-99d6-2790da9a7600" testId="de33018d-5feb-0f4d-aec8-8a4dd150c111" testName="Sonda.Phase3.Tests.EdgePolicyTests.Invalid_policy_configuration_cannot_activate(kind: &quot;negative&quot;)" computerName="ASUSPROART" duration="00:00:00.0000517" startTime="2026-09-24T00:50:29.7467219-04:00" endTime="2026-09-24T00:50:29.7467780-04:00" testType="13cdc9d9-ddb5-4fa4-a97d-d965ccfc6d4b" outcome="Passed" testListId="8c84fa94-04c1-424b-9868-57a2d4851a1d" relativeResultsDirectory="8517354f-edce-439a-99d6-2790da9a7600" />
    <UnitTestResult executionId="d67fa56a-ef17-4809-b9c6-c163392e437f" testId="513c6b90-8d4c-c0b1-fa12-2b64563e7104" testName="Sonda.Phase3.Tests.CommandTests.Correlated_cycles_and_restore_preserve_independent_orders" computerName="ASUSPROART" duration="00:00:00.1549437" startTime="2026-09-24T00:50:30.0892260-04:00" endTime="2026-09-24T00:50:30.2402011-04:00" testType="13cdc9d9-ddb5-4fa4-a97d-d965ccfc6d4b" outcome="Passed" testListId="8c84fa94-04c1-424b-9868-57a2d4851a1d" relativeResultsDirectory="d67fa56a-ef17-4809-b9c6-c163392e437f" />
    <UnitTestResult executionId="7850edab-db1f-47d4-bcfb-621887b750a7" testId="ed808546-f812-5ee9-be00-fa677affd2e7" testName="Sonda.Phase3.Tests.PolicyTests.Legacy_profile_serialization_is_byte_compatible" computerName="ASUSPROART" duration="00:00:00.1058952" startTime="2026-09-24T00:50:30.0951935-04:00" endTime="2026-09-24T00:50:30.2011300-04:00" testType="13cdc9d9-ddb5-4fa4-a97d-d965ccfc6d4b" outcome="Passed" testListId="8c84fa94-04c1-424b-9868-57a2d4851a1d" relativeResultsDirectory="7850edab-db1f-47d4-bcfb-621887b750a7" />
    <UnitTestResult executionId="3d2bdecc-9df2-4ec1-983d-e506b7f05361" testId="c5be6f3d-cf4e-2a55-2f0d-11de3f06e5eb" testName="Sonda.Phase3.Tests.AcceptanceMatrixTests.Approved_fixture_matches_independent_expectations(name: &quot;success-without-end&quot;)" computerName="ASUSPROART" duration="00:00:00.0091970" startTime="2026-09-24T00:50:30.2231405-04:00" endTime="2026-09-24T00:50:30.2319287-04:00" testType="13cdc9d9-ddb5-4fa4-a97d-d965ccfc6d4b" outcome="Passed" testListId="8c84fa94-04c1-424b-9868-57a2d4851a1d" relativeResultsDirectory="3d2bdecc-9df2-4ec1-983d-e506b7f05361" />
    <UnitTestResult executionId="c7468458-2ce9-46c3-9259-96856224f4a5" testId="526cb84f-9265-36b5-4a3d-e60577298726" testName="Sonda.Phase3.Tests.AcceptanceMatrixTests.Approved_fixture_matches_independent_expectations(name: &quot;serial-begin-rejected&quot;)" computerName="ASUSPROART" duration="00:00:00.0081813" startTime="2026-09-24T00:50:30.3314392-04:00" endTime="2026-09-24T00:50:30.3382936-04:00" testType="13cdc9d9-ddb5-4fa4-a97d-d965ccfc6d4b" outcome="Passed" testListId="8c84fa94-04c1-424b-9868-57a2d4851a1d" relativeResultsDirectory="c7468458-2ce9-46c3-9259-96856224f4a5" />
    <UnitTestResult executionId="d29d2e51-cd8e-488b-be32-c112aa7c9286" testId="4f1d6dca-e331-b3fc-56f7-5e0113496ed6" testName="Sonda.Phase3.Tests.AcceptanceMatrixTests.Approved_fixture_matches_independent_expectations(name: &quot;incompatible-transition&quot;)" computerName="ASUSPROART" duration="00:00:00.0089481" startTime="2026-09-24T00:50:30.4209321-04:00" endTime="2026-09-24T00:50:30.4282824-04:00" testType="13cdc9d9-ddb5-4fa4-a97d-d965ccfc6d4b" outcome="Passed" testListId="8c84fa94-04c1-424b-9868-57a2d4851a1d" relativeResultsDirectory="d29d2e51-cd8e-488b-be32-c112aa7c9286" />
    <UnitTestResult executionId="f7d1d6ef-2831-4641-8af2-02076bf72a96" testId="cddd7378-3943-5d0e-b673-e38d99ac5c64" testName="Sonda.Phase3.Tests.AcceptanceMatrixTests.Approved_fixture_matches_independent_expectations(name: &quot;required-sources&quot;)" computerName="ASUSPROART" duration="00:00:00.0084679" startTime="2026-09-24T00:50:30.5814602-04:00" endTime="2026-09-24T00:50:30.5898909-04:00" testType="13cdc9d9-ddb5-4fa4-a97d-d965ccfc6d4b" outcome="Passed" testListId="8c84fa94-04c1-424b-9868-57a2d4851a1d" relativeResultsDirectory="f7d1d6ef-2831-4641-8af2-02076bf72a96" />
    <UnitTestResult executionId="d809ccf2-2b54-4a02-a539-694bdf6b2588" testId="870b9d83-573c-f48d-d753-26e1be9e9783" testName="Sonda.Phase3.Tests.AcceptanceMatrixTests.Approved_fixture_matches_independent_expectations(name: &quot;order-fallback&quot;)" computerName="ASUSPROART" duration="00:00:00.0093055" startTime="2026-09-24T00:50:30.4527639-04:00" endTime="2026-09-24T00:50:30.4618754-04:00" testType="13cdc9d9-ddb5-4fa4-a97d-d965ccfc6d4b" outcome="Passed" testListId="8c84fa94-04c1-424b-9868-57a2d4851a1d" relativeResultsDirectory="d809ccf2-2b54-4a02-a539-694bdf6b2588" />
    <UnitTestResult executionId="9bca1ac0-70a0-4cfa-96c7-6db987f182f0" testId="1b844058-9cd8-a29a-fb86-c0503a97fa18" testName="Sonda.Phase3.Tests.EdgePolicyTests.Automatic_resolution_then_failure_creates_new_episode" computerName="ASUSPROART" duration="00:00:00.0194492" startTime="2026-09-24T00:50:30.0902003-04:00" endTime="2026-09-24T00:50:30.1095464-04:00" testType="13cdc9d9-ddb5-4fa4-a97d-d965ccfc6d4b" outcome="Passed" testListId="8c84fa94-04c1-424b-9868-57a2d4851a1d" relativeResultsDirectory="9bca1ac0-70a0-4cfa-96c7-6db987f182f0" />
    <UnitTestResult executionId="bbb1d2c0-8dc0-47c9-9a68-7800a8b26c98" testId="9a1d3ad6-0e04-f67f-bf12-b3becf9a8289" testName="Sonda.Phase3.Tests.EdgePolicyTests.Revision2_cannot_downgrade_or_mutate_published_profile" computerName="ASUSPROART" duration="00:00:00.0031847" startTime="2026-09-24T00:50:30.0895677-04:00" endTime="2026-09-24T00:50:30.0899171-04:00" testType="13cdc9d9-ddb5-4fa4-a97d-d965ccfc6d4b" outcome="Passed" testListId="8c84fa94-04c1-424b-9868-57a2d4851a1d" relativeResultsDirectory="bbb1d2c0-8dc0-47c9-9a68-7800a8b26c98" />
    <UnitTestResult executionId="60d217c4-c5b3-4220-9717-84e45099d9b3" testId="0dfa45c3-fb68-6867-d8a8-e51813874bde" testName="Sonda.Phase3.Tests.AcceptanceMatrixTests.Approved_fixture_matches_independent_expectations(name: &quot;same-cycle-retry&quot;)" computerName="ASUSPROART" duration="00:00:00.0209922" startTime="2026-09-24T00:50:30.5444178-04:00" endTime="2026-09-24T00:50:30.5652441-04:00" testType="13cdc9d9-ddb5-4fa4-a97d-d965ccfc6d4b" outcome="Passed" testListId="8c84fa94-04c1-424b-9868-57a2d4851a1d" relativeResultsDirectory="60d217c4-c5b3-4220-9717-84e45099d9b3" />
    <UnitTestResult executionId="12e016a6-63ea-4365-a936-682c264494df" testId="e2321a0b-5605-85ad-c1f6-f1132399c04f" testName="Sonda.Phase3.Tests.AcceptanceMatrixTests.Approved_fixture_matches_independent_expectations(name: &quot;recurrence-episodes&quot;)" computerName="ASUSPROART" duration="00:00:00.0116421" startTime="2026-09-24T00:50:30.3463490-04:00" endTime="2026-09-24T00:50:30.3578010-04:00" testType="13cdc9d9-ddb5-4fa4-a97d-d965ccfc6d4b" outcome="Passed" testListId="8c84fa94-04c1-424b-9868-57a2d4851a1d" relativeResultsDirectory="12e016a6-63ea-4365-a936-682c264494df" />
    <UnitTestResult executionId="08c94c08-f512-4b0f-8426-6c9937fb32ff" testId="b17cdcb0-1745-f0fc-03a0-2f1b6c68ee7e" testName="Sonda.Phase3.Tests.AcceptanceMatrixTests.Approved_fixture_matches_independent_expectations(name: &quot;closed-correlation-reuse&quot;)" computerName="ASUSPROART" duration="00:00:00.0088834" startTime="2026-09-24T00:50:30.5184999-04:00" endTime="2026-09-24T00:50:30.5259716-04:00" testType="13cdc9d9-ddb5-4fa4-a97d-d965ccfc6d4b" outcome="Passed" testListId="8c84fa94-04c1-424b-9868-57a2d4851a1d" relativeResultsDirectory="08c94c08-f512-4b0f-8426-6c9937fb32ff" />
    <UnitTestResult executionId="cb733fcb-0b37-4856-b937-75d192bf323c" testId="31c0e0b7-d53f-a6c3-4fd5-f256ba714636" testName="Sonda.Phase3.Tests.PolicyTests.Ignore_does_not_erase_structural_failure" computerName="ASUSPROART" duration="00:00:00.0104809" startTime="2026-09-24T00:50:30.0847002-04:00" endTime="2026-09-24T00:50:30.0948916-04:00" testType="13cdc9d9-ddb5-4fa4-a97d-d965ccfc6d4b" outcome="Passed" testListId="8c84fa94-04c1-424b-9868-57a2d4851a1d" relativeResultsDirectory="cb733fcb-0b37-4856-b937-75d192bf323c" />
    <UnitTestResult executionId="97b82de1-3450-4cad-8c19-f842d51fb7b7" testId="b1fa356c-9a6e-4db0-ff8b-51c332306e84" testName="Sonda.Phase3.Tests.PolicyTests.Same_cycle_retry_preserves_failure_and_recovers" computerName="ASUSPROART" duration="00:00:00.0027959" startTime="2026-09-24T00:50:30.2138661-04:00" endTime="2026-09-24T00:50:30.2164847-04:00" testType="13cdc9d9-ddb5-4fa4-a97d-d965ccfc6d4b" outcome="Passed" testListId="8c84fa94-04c1-424b-9868-57a2d4851a1d" relativeResultsDirectory="97b82de1-3450-4cad-8c19-f842d51fb7b7" />
    <UnitTestResult executionId="22b5244d-3cdf-4f55-ab9d-f2a24697230b" testId="11014176-3b9f-7320-2112-4713d599a255" testName="Sonda.Phase3.Tests.AcceptanceMatrixTests.Approved_fixture_matches_independent_expectations(name: &quot;deadline-date-1101&quot;)" computerName="ASUSPROART" duration="00:00:00.0092716" startTime="2026-09-24T00:50:30.6302049-04:00" endTime="2026-09-24T00:50:30.6393683-04:00" testType="13cdc9d9-ddb5-4fa4-a97d-d965ccfc6d4b" outcome="Passed" testListId="8c84fa94-04c1-424b-9868-57a2d4851a1d" relativeResultsDirectory="22b5244d-3cdf-4f55-ab9d-f2a24697230b" />
    <UnitTestResult executionId="894f253a-3090-46bd-b7cf-ee2fb1d978e4" testId="8ea16ec0-b138-132f-5e2c-d37eaf33298c" testName="Sonda.Phase3.Tests.EdgePolicyTests.Invalid_policy_configuration_cannot_activate(kind: &quot;grace&quot;)" computerName="ASUSPROART" duration="00:00:00.0000410" startTime="2026-09-24T00:50:29.7468676-04:00" endTime="2026-09-24T00:50:29.7469263-04:00" testType="13cdc9d9-ddb5-4fa4-a97d-d965ccfc6d4b" outcome="Passed" testListId="8c84fa94-04c1-424b-9868-57a2d4851a1d" relativeResultsDirectory="894f253a-3090-46bd-b7cf-ee2fb1d978e4" />
    <UnitTestResult executionId="7212b6af-5ce4-4c37-8243-847f6fd83696" testId="a0658b34-83b0-c716-4da5-0f1f42cdf32c" testName="Sonda.Phase3.Tests.AcceptanceMatrixTests.Approved_fixture_matches_independent_expectations(name: &quot;deadline-date-0308&quot;)" computerName="ASUSPROART" duration="00:00:00.0093214" startTime="2026-09-24T00:50:30.2754239-04:00" endTime="2026-09-24T00:50:30.2845335-04:00" testType="13cdc9d9-ddb5-4fa4-a97d-d965ccfc6d4b" outcome="Passed" testListId="8c84fa94-04c1-424b-9868-57a2d4851a1d" relativeResultsDirectory="7212b6af-5ce4-4c37-8243-847f6fd83696" />
    <UnitTestResult executionId="321c243f-b441-4022-864c-abebf37d6422" testId="84dbd2a1-cfd2-1e60-1d12-0ceaeb367844" testName="Sonda.Phase3.Tests.AcceptanceMatrixTests.Approved_fixture_matches_independent_expectations(name: &quot;deadline-date-0923&quot;)" computerName="ASUSPROART" duration="00:00:00.0076564" startTime="2026-09-24T00:50:30.4916709-04:00" endTime="2026-09-24T00:50:30.4991769-04:00" testType="13cdc9d9-ddb5-4fa4-a97d-d965ccfc6d4b" outcome="Passed" testListId="8c84fa94-04c1-424b-9868-57a2d4851a1d" relativeResultsDirectory="321c243f-b441-4022-864c-abebf37d6422" />
    <UnitTestResult executionId="5f656597-398d-4c94-ba1c-dab85f18d60f" testId="abf91839-b5c6-7002-e7c7-eb8f9261f652" testName="Sonda.Phase3.Tests.EdgePolicyTests.Manual_resolution_noop_and_reopening_are_explicit(investigating: False)" computerName="ASUSPROART" duration="00:00:00.0065473" startTime="2026-09-24T00:50:30.0753576-04:00" endTime="2026-09-24T00:50:30.0818896-04:00" testType="13cdc9d9-ddb5-4fa4-a97d-d965ccfc6d4b" outcome="Passed" testListId="8c84fa94-04c1-424b-9868-57a2d4851a1d" relativeResultsDirectory="5f656597-398d-4c94-ba1c-dab85f18d60f" />
    <UnitTestResult executionId="bb9cc8d5-2071-42ee-92cc-2de620dda455" testId="a5796c5a-9ff1-89cc-c59d-67a0810b5797" testName="Sonda.Phase3.Tests.PolicyTests.Deadline_closes_without_source_evidence_and_restore_retains_context" computerName="ASUSPROART" duration="00:00:00.0081254" startTime="2026-09-24T00:50:30.2016239-04:00" endTime="2026-09-24T00:50:30.2094981-04:00" testType="13cdc9d9-ddb5-4fa4-a97d-d965ccfc6d4b" outcome="Passed" testListId="8c84fa94-04c1-424b-9868-57a2d4851a1d" relativeResultsDirectory="bb9cc8d5-2071-42ee-92cc-2de620dda455" />
    <UnitTestResult executionId="b1619544-0a6d-41e3-bab1-739fd83a4ce1" testId="26684a36-e5c9-09d1-c417-626e0a50227f" testName="Sonda.Phase3.Tests.CommandTests.Explicit_frontier_and_duplicate_clock_do_not_duplicate_completion" computerName="ASUSPROART" duration="00:00:00.0098873" startTime="2026-09-24T00:50:30.2766650-04:00" endTime="2026-09-24T00:50:30.2863595-04:00" testType="13cdc9d9-ddb5-4fa4-a97d-d965ccfc6d4b" outcome="Passed" testListId="8c84fa94-04c1-424b-9868-57a2d4851a1d" relativeResultsDirectory="b1619544-0a6d-41e3-bab1-739fd83a4ce1" />
    <UnitTestResult executionId="b61e7e30-38ab-4b77-9c67-39eedf82a4a3" testId="23f5ee03-85a9-a1ec-980d-0a64fe558dcf" testName="Sonda.Phase3.Tests.EdgePolicyTests.Invalid_policy_configuration_cannot_activate(kind: &quot;severity&quot;)" computerName="ASUSPROART" duration="00:00:00.0007281" startTime="2026-09-24T00:50:29.7454310-04:00" endTime="2026-09-24T00:50:29.7455412-04:00" testType="13cdc9d9-ddb5-4fa4-a97d-d965ccfc6d4b" outcome="Passed" testListId="8c84fa94-04c1-424b-9868-57a2d4851a1d" relativeResultsDirectory="b61e7e30-38ab-4b77-9c67-39eedf82a4a3" />
    <UnitTestResult executionId="fa8dc813-745d-4a96-9f34-24f9258b2230" testId="e4ddd061-afbf-4416-a162-acb91d44dd7c" testName="Sonda.Phase3.Tests.PolicyTests.Manual_resolution_is_confirmed_without_rewriting_history" computerName="ASUSPROART" duration="00:00:00.4929831" startTime="2026-09-24T00:50:29.5302280-04:00" endTime="2026-09-24T00:50:30.0319369-04:00" testType="13cdc9d9-ddb5-4fa4-a97d-d965ccfc6d4b" outcome="Passed" testListId="8c84fa94-04c1-424b-9868-57a2d4851a1d" relativeResultsDirectory="fa8dc813-745d-4a96-9f34-24f9258b2230" />
    <UnitTestResult executionId="d0ade919-7ca1-4a21-902c-fa707d0140ff" testId="439f39f1-e134-8347-c540-e08f4ee4a6ae" testName="Sonda.Phase3.Tests.EdgePolicyTests.Invalid_policy_configuration_cannot_activate(kind: &quot;overlap&quot;)" computerName="ASUSPROART" duration="00:00:00.0001888" startTime="2026-09-24T00:50:29.7465745-04:00" endTime="2026-09-24T00:50:29.7466313-04:00" testType="13cdc9d9-ddb5-4fa4-a97d-d965ccfc6d4b" outcome="Passed" testListId="8c84fa94-04c1-424b-9868-57a2d4851a1d" relativeResultsDirectory="d0ade919-7ca1-4a21-902c-fa707d0140ff" />
    <UnitTestResult executionId="6ea9eb22-7b89-47fa-ba8f-324f50fe9260" testId="85cbd8ed-217f-5e95-9693-1bc4f222ec1a" testName="Sonda.Phase3.Tests.CommandTests.Compatible_activation_pins_parent_and_new_child" computerName="ASUSPROART" duration="00:00:00.0108892" startTime="2026-09-24T00:50:30.2654454-04:00" endTime="2026-09-24T00:50:30.2763535-04:00" testType="13cdc9d9-ddb5-4fa4-a97d-d965ccfc6d4b" outcome="Passed" testListId="8c84fa94-04c1-424b-9868-57a2d4851a1d" relativeResultsDirectory="6ea9eb22-7b89-47fa-ba8f-324f50fe9260" />
    <UnitTestResult executionId="36a03bcc-a40a-4c7f-8977-6d093ccbd29a" testId="4e105dc4-2383-be45-0a17-bde4b5ee2c8e" testName="Sonda.Phase3.Tests.CommandTests.Outside_cycle_incident_has_observation_without_invented_run" computerName="ASUSPROART" duration="00:00:00.0088109" startTime="2026-09-24T00:50:30.2405622-04:00" endTime="2026-09-24T00:50:30.2491397-04:00" testType="13cdc9d9-ddb5-4fa4-a97d-d965ccfc6d4b" outcome="Passed" testListId="8c84fa94-04c1-424b-9868-57a2d4851a1d" relativeResultsDirectory="36a03bcc-a40a-4c7f-8977-6d093ccbd29a" />
    <UnitTestResult executionId="32e312fa-3b39-49a5-a1a7-9dfca87556ae" testId="1fdb5415-b700-9c2b-c37c-b597c5bf4b01" testName="Sonda.Phase3.Tests.CommandTests.Availability_does_not_invent_green" computerName="ASUSPROART" duration="00:00:00.0139068" startTime="2026-09-24T00:50:30.2495102-04:00" endTime="2026-09-24T00:50:30.2631454-04:00" testType="13cdc9d9-ddb5-4fa4-a97d-d965ccfc6d4b" outcome="Passed" testListId="8c84fa94-04c1-424b-9868-57a2d4851a1d" relativeResultsDirectory="32e312fa-3b39-49a5-a1a7-9dfca87556ae" />
    <UnitTestResult executionId="11e3431e-d120-45cb-aa60-899cc113ee85" testId="58ac0a73-47b7-9966-33f0-f97d9e6e0b1f" testName="Sonda.Phase3.Tests.AcceptanceMatrixTests.Approved_fixture_matches_independent_expectations(name: &quot;manual-then-success&quot;)" computerName="ASUSPROART" duration="00:00:00.0176588" startTime="2026-09-24T00:50:30.3031494-04:00" endTime="2026-09-24T00:50:30.3206350-04:00" testType="13cdc9d9-ddb5-4fa4-a97d-d965ccfc6d4b" outcome="Passed" testListId="8c84fa94-04c1-424b-9868-57a2d4851a1d" relativeResultsDirectory="11e3431e-d120-45cb-aa60-899cc113ee85" />
    <UnitTestResult executionId="d2adba4d-4b1d-482a-b746-c9596159f813" testId="d7dd7d7a-aa06-d289-158d-ddb9b9b81805" testName="Sonda.Phase3.Tests.AcceptanceMatrixTests.Approved_fixture_matches_independent_expectations(name: &quot;serial-new-begin&quot;)" computerName="ASUSPROART" duration="00:00:00.6637232" startTime="2026-09-24T00:50:29.5301953-04:00" endTime="2026-09-24T00:50:30.2025362-04:00" testType="13cdc9d9-ddb5-4fa4-a97d-d965ccfc6d4b" outcome="Passed" testListId="8c84fa94-04c1-424b-9868-57a2d4851a1d" relativeResultsDirectory="d2adba4d-4b1d-482a-b746-c9596159f813" />
    <UnitTestResult executionId="c6e4a5c5-3312-4c57-9708-7d55f1bdbc0a" testId="4896fc45-ae5c-f423-7a5c-13adbc06a883" testName="Sonda.Phase3.Tests.EdgePolicyTests.Failure_incident_is_visible_before_explicit_end" computerName="ASUSPROART" duration="00:00:00.0030824" startTime="2026-09-24T00:50:30.2251030-04:00" endTime="2026-09-24T00:50:30.2269888-04:00" testType="13cdc9d9-ddb5-4fa4-a97d-d965ccfc6d4b" outcome="Passed" testListId="8c84fa94-04c1-424b-9868-57a2d4851a1d" relativeResultsDirectory="c6e4a5c5-3312-4c57-9708-7d55f1bdbc0a" />
    <UnitTestResult executionId="6b166687-624f-4cec-9e34-940864867ab0" testId="ece8bcb7-43a6-4b9e-4ef4-cd08924bf704" testName="Sonda.Phase3.Tests.PolicyTests.Explicit_end_failure_dominates_separate_success(reverse: True)" computerName="ASUSPROART" duration="00:00:00.0065059" startTime="2026-09-24T00:50:30.0747703-04:00" endTime="2026-09-24T00:50:30.0811087-04:00" testType="13cdc9d9-ddb5-4fa4-a97d-d965ccfc6d4b" outcome="Passed" testListId="8c84fa94-04c1-424b-9868-57a2d4851a1d" relativeResultsDirectory="6b166687-624f-4cec-9e34-940864867ab0" />
    <UnitTestResult executionId="6de39d15-c880-414e-8d42-c34a5a793573" testId="262b9329-3250-8461-dfa2-e1cbf3ba10cd" testName="Sonda.Phase3.Tests.AcceptanceMatrixTests.Approved_fixture_matches_independent_expectations(name: &quot;failure-before-missing-end&quot;)" computerName="ASUSPROART" duration="00:00:00.0075926" startTime="2026-09-24T00:50:30.4017998-04:00" endTime="2026-09-24T00:50:30.4091921-04:00" testType="13cdc9d9-ddb5-4fa4-a97d-d965ccfc6d4b" outcome="Passed" testListId="8c84fa94-04c1-424b-9868-57a2d4851a1d" relativeResultsDirectory="6de39d15-c880-414e-8d42-c34a5a793573" />
    <UnitTestResult executionId="b652cb2e-a558-42da-afd9-e3179a2806e6" testId="fac9f477-c070-31a2-ba7a-952f2a3b29b8" testName="Sonda.Phase3.Tests.AcceptanceMatrixTests.Approved_fixture_matches_independent_expectations(name: &quot;incomplete-explicit-end&quot;)" computerName="ASUSPROART" duration="00:00:00.0104845" startTime="2026-09-24T00:50:30.2649259-04:00" endTime="2026-09-24T00:50:30.2751088-04:00" testType="13cdc9d9-ddb5-4fa4-a97d-d965ccfc6d4b" outcome="Passed" testListId="8c84fa94-04c1-424b-9868-57a2d4851a1d" relativeResultsDirectory="b652cb2e-a558-42da-afd9-e3179a2806e6" />
    <UnitTestResult executionId="abaf0b47-bdac-4719-854c-da452a9e01b8" testId="a75f2928-2b0e-af6f-690b-0488127ceb67" testName="Sonda.Phase3.Tests.AcceptanceMatrixTests.Approved_fixture_matches_independent_expectations(name: &quot;manual-workflow&quot;)" computerName="ASUSPROART" duration="00:00:00.0116074" startTime="2026-09-24T00:50:30.2439909-04:00" endTime="2026-09-24T00:50:30.2553968-04:00" testType="13cdc9d9-ddb5-4fa4-a97d-d965ccfc6d4b" outcome="Passed" testListId="8c84fa94-04c1-424b-9868-57a2d4851a1d" relativeResultsDirectory="abaf0b47-bdac-4719-854c-da452a9e01b8" />
    <UnitTestResult executionId="4be371a1-e851-4742-abba-efaab43d4bab" testId="32fbfe31-de3c-fb50-1194-b1f77803ba2c" testName="Sonda.Phase3.Tests.EdgePolicyTests.Invalid_policy_configuration_cannot_activate(kind: &quot;fallback&quot;)" computerName="ASUSPROART" duration="00:00:00.0000769" startTime="2026-09-24T00:50:29.7463978-04:00" endTime="2026-09-24T00:50:29.7464627-04:00" testType="13cdc9d9-ddb5-4fa4-a97d-d965ccfc6d4b" outcome="Passed" testListId="8c84fa94-04c1-424b-9868-57a2d4851a1d" relativeResultsDirectory="4be371a1-e851-4742-abba-efaab43d4bab" />
    <UnitTestResult executionId="e92cc3c5-59bd-48cc-9b94-2e8bad91ae48" testId="de0bd9c6-8784-1cf6-f994-ffefca31fed6" testName="Sonda.Phase3.Tests.AcceptanceMatrixTests.Approved_fixture_matches_independent_expectations(name: &quot;availability&quot;)" computerName="ASUSPROART" duration="00:00:00.0092086" startTime="2026-09-24T00:50:30.3209551-04:00" endTime="2026-09-24T00:50:30.3299514-04:00" testType="13cdc9d9-ddb5-4fa4-a97d-d965ccfc6d4b" outcome="Passed" testListId="8c84fa94-04c1-424b-9868-57a2d4851a1d" relativeResultsDirectory="e92cc3c5-59bd-48cc-9b94-2e8bad91ae48" />
    <UnitTestResult executionId="76897b59-27a6-49e6-9eb8-1d3e304d669b" testId="64530609-ac0a-2b2f-4d0f-4665d2d2e4a2" testName="Sonda.Phase3.Tests.AcceptanceMatrixTests.Approved_fixture_matches_independent_expectations(name: &quot;pinned-version-transition&quot;)" computerName="ASUSPROART" duration="00:00:00.0149399" startTime="2026-09-24T00:50:30.6609206-04:00" endTime="2026-09-24T00:50:30.6755856-04:00" testType="13cdc9d9-ddb5-4fa4-a97d-d965ccfc6d4b" outcome="Passed" testListId="8c84fa94-04c1-424b-9868-57a2d4851a1d" relativeResultsDirectory="76897b59-27a6-49e6-9eb8-1d3e304d669b" />
    <UnitTestResult executionId="5f147416-3fb6-4eff-a72d-471ac2c5bb2e" testId="651383ac-60d2-b0b7-fee8-6163927cf8ad" testName="Sonda.Phase3.Tests.AcceptanceMatrixTests.Approved_fixture_matches_independent_expectations(name: &quot;changed-diagnostic-key&quot;)" computerName="ASUSPROART" duration="00:00:00.0179643" startTime="2026-09-24T00:50:30.2848487-04:00" endTime="2026-09-24T00:50:30.3028227-04:00" testType="13cdc9d9-ddb5-4fa4-a97d-d965ccfc6d4b" outcome="Passed" testListId="8c84fa94-04c1-424b-9868-57a2d4851a1d" relativeResultsDirectory="5f147416-3fb6-4eff-a72d-471ac2c5bb2e" />
    <UnitTestResult executionId="09072c0e-357c-4b17-905f-9572fc141567" testId="beeea182-993d-6988-fce8-a3f09e2b57fb" testName="Sonda.Phase3.Tests.CommandTests.Incompatible_activation_is_rejected_without_mutation" computerName="ASUSPROART" duration="00:00:00.5465203" startTime="2026-09-24T00:50:29.5275880-04:00" endTime="2026-09-24T00:50:30.0848728-04:00" testType="13cdc9d9-ddb5-4fa4-a97d-d965ccfc6d4b" outcome="Passed" testListId="8c84fa94-04c1-424b-9868-57a2d4851a1d" relativeResultsDirectory="09072c0e-357c-4b17-905f-9572fc141567" />
  </Results>
  <TestDefinitions>
    <UnitTest name="Sonda.Phase3.Tests.AcceptanceMatrixTests.Approved_fixture_matches_independent_expectations(name: &quot;serial-new-begin&quot;)" storage="c:\saproductions\sonda\tests\sonda.phase3.tests\bin\release\net10.0\sonda.phase3.tests.dll" id="d7dd7d7a-aa06-d289-158d-ddb9b9b81805">
      <Execution id="d2adba4d-4b1d-482a-b746-c9596159f813" />
      <TestMethod codeBase="C:\SaProductions\Sonda\tests\Sonda.Phase3.Tests\bin\Release\net10.0\Sonda.Phase3.Tests.dll" adapterTypeName="executor://xunit/VsTestRunner3/netcore/" className="Sonda.Phase3.Tests.AcceptanceMatrixTests" name="Approved_fixture_matches_independent_expectations" />
    </UnitTest>
    <UnitTest name="Sonda.Phase3.Tests.AcceptanceMatrixTests.Approved_fixture_matches_independent_expectations(name: &quot;changed-diagnostic-key&quot;)" storage="c:\saproductions\sonda\tests\sonda.phase3.tests\bin\release\net10.0\sonda.phase3.tests.dll" id="651383ac-60d2-b0b7-fee8-6163927cf8ad">
      <Execution id="5f147416-3fb6-4eff-a72d-471ac2c5bb2e" />
      <TestMethod codeBase="C:\SaProductions\Sonda\tests\Sonda.Phase3.Tests\bin\Release\net10.0\Sonda.Phase3.Tests.dll" adapterTypeName="executor://xunit/VsTestRunner3/netcore/" className="Sonda.Phase3.Tests.AcceptanceMatrixTests" name="Approved_fixture_matches_independent_expectations" />
    </UnitTest>
    <UnitTest name="Sonda.Phase3.Tests.AcceptanceMatrixTests.Approved_fixture_matches_independent_expectations(name: &quot;timing-disabled&quot;)" storage="c:\saproductions\sonda\tests\sonda.phase3.tests\bin\release\net10.0\sonda.phase3.tests.dll" id="1f12629f-46a5-bce6-fa1f-9dfb3a9bc45b">
      <Execution id="20056916-7a10-43e9-8486-f7d26485da1b" />
      <TestMethod codeBase="C:\SaProductions\Sonda\tests\Sonda.Phase3.Tests\bin\Release\net10.0\Sonda.Phase3.Tests.dll" adapterTypeName="executor://xunit/VsTestRunner3/netcore/" className="Sonda.Phase3.Tests.AcceptanceMatrixTests" name="Approved_fixture_matches_independent_expectations" />
    </UnitTest>
    <UnitTest name="Sonda.Phase3.Tests.CommandTests.Compatible_activation_pins_parent_and_new_child" storage="c:\saproductions\sonda\tests\sonda.phase3.tests\bin\release\net10.0\sonda.phase3.tests.dll" id="85cbd8ed-217f-5e95-9693-1bc4f222ec1a">
      <Execution id="6ea9eb22-7b89-47fa-ba8f-324f50fe9260" />
      <TestMethod codeBase="C:\SaProductions\Sonda\tests\Sonda.Phase3.Tests\bin\Release\net10.0\Sonda.Phase3.Tests.dll" adapterTypeName="executor://xunit/VsTestRunner3/netcore/" className="Sonda.Phase3.Tests.CommandTests" name="Compatible_activation_pins_parent_and_new_child" />
    </UnitTest>
    <UnitTest name="Sonda.Phase3.Tests.EdgePolicyTests.Invalid_policy_configuration_cannot_activate(kind: &quot;severity&quot;)" storage="c:\saproductions\sonda\tests\sonda.phase3.tests\bin\release\net10.0\sonda.phase3.tests.dll" id="23f5ee03-85a9-a1ec-980d-0a64fe558dcf">
      <Execution id="b61e7e30-38ab-4b77-9c67-39eedf82a4a3" />
      <TestMethod codeBase="C:\SaProductions\Sonda\tests\Sonda.Phase3.Tests\bin\Release\net10.0\Sonda.Phase3.Tests.dll" adapterTypeName="executor://xunit/VsTestRunner3/netcore/" className="Sonda.Phase3.Tests.EdgePolicyTests" name="Invalid_policy_configuration_cannot_activate" />
    </UnitTest>
    <UnitTest name="Sonda.Phase3.Tests.AcceptanceMatrixTests.Approved_fixture_matches_independent_expectations(name: &quot;recovery-causality&quot;)" storage="c:\saproductions\sonda\tests\sonda.phase3.tests\bin\release\net10.0\sonda.phase3.tests.dll" id="d4abf4a8-a10e-28cb-05d7-e6f47e6dd427">
      <Execution id="8762489a-5df1-4f07-9088-70bf808d5355" />
      <TestMethod codeBase="C:\SaProductions\Sonda\tests\Sonda.Phase3.Tests\bin\Release\net10.0\Sonda.Phase3.Tests.dll" adapterTypeName="executor://xunit/VsTestRunner3/netcore/" className="Sonda.Phase3.Tests.AcceptanceMatrixTests" name="Approved_fixture_matches_independent_expectations" />
    </UnitTest>
    <UnitTest name="Sonda.Phase3.Tests.AcceptanceMatrixTests.Approved_fixture_matches_independent_expectations(name: &quot;order-fallback&quot;)" storage="c:\saproductions\sonda\tests\sonda.phase3.tests\bin\release\net10.0\sonda.phase3.tests.dll" id="870b9d83-573c-f48d-d753-26e1be9e9783">
      <Execution id="d809ccf2-2b54-4a02-a539-694bdf6b2588" />
      <TestMethod codeBase="C:\SaProductions\Sonda\tests\Sonda.Phase3.Tests\bin\Release\net10.0\Sonda.Phase3.Tests.dll" adapterTypeName="executor://xunit/VsTestRunner3/netcore/" className="Sonda.Phase3.Tests.AcceptanceMatrixTests" name="Approved_fixture_matches_independent_expectations" />
    </UnitTest>
    <UnitTest name="Sonda.Phase3.Tests.EdgePolicyTests.Invalid_policy_configuration_cannot_activate(kind: &quot;overlap&quot;)" storage="c:\saproductions\sonda\tests\sonda.phase3.tests\bin\release\net10.0\sonda.phase3.tests.dll" id="439f39f1-e134-8347-c540-e08f4ee4a6ae">
      <Execution id="d0ade919-7ca1-4a21-902c-fa707d0140ff" />
      <TestMethod codeBase="C:\SaProductions\Sonda\tests\Sonda.Phase3.Tests\bin\Release\net10.0\Sonda.Phase3.Tests.dll" adapterTypeName="executor://xunit/VsTestRunner3/netcore/" className="Sonda.Phase3.Tests.EdgePolicyTests" name="Invalid_policy_configuration_cannot_activate" />
    </UnitTest>
    <UnitTest name="Sonda.Phase3.Tests.PolicyTests.Incomplete_end_is_undefined" storage="c:\saproductions\sonda\tests\sonda.phase3.tests\bin\release\net10.0\sonda.phase3.tests.dll" id="c26ebcb5-c0b2-433d-d2c6-65e85e41d496">
      <Execution id="4822e26b-2b86-494f-b6e6-58f93bc31368" />
      <TestMethod codeBase="C:\SaProductions\Sonda\tests\Sonda.Phase3.Tests\bin\Release\net10.0\Sonda.Phase3.Tests.dll" adapterTypeName="executor://xunit/VsTestRunner3/netcore/" className="Sonda.Phase3.Tests.PolicyTests" name="Incomplete_end_is_undefined" />
    </UnitTest>
    <UnitTest name="Sonda.Phase3.Tests.AcceptanceMatrixTests.Approved_fixture_matches_independent_expectations(name: &quot;recurrence-episodes&quot;)" storage="c:\saproductions\sonda\tests\sonda.phase3.tests\bin\release\net10.0\sonda.phase3.tests.dll" id="e2321a0b-5605-85ad-c1f6-f1132399c04f">
      <Execution id="12e016a6-63ea-4365-a936-682c264494df" />
      <TestMethod codeBase="C:\SaProductions\Sonda\tests\Sonda.Phase3.Tests\bin\Release\net10.0\Sonda.Phase3.Tests.dll" adapterTypeName="executor://xunit/VsTestRunner3/netcore/" className="Sonda.Phase3.Tests.AcceptanceMatrixTests" name="Approved_fixture_matches_independent_expectations" />
    </UnitTest>
    <UnitTest name="Sonda.Phase3.Tests.AcceptanceMatrixTests.Approved_fixture_matches_independent_expectations(name: &quot;manual-workflow&quot;)" storage="c:\saproductions\sonda\tests\sonda.phase3.tests\bin\release\net10.0\sonda.phase3.tests.dll" id="a75f2928-2b0e-af6f-690b-0488127ceb67">
      <Execution id="abaf0b47-bdac-4719-854c-da452a9e01b8" />
      <TestMethod codeBase="C:\SaProductions\Sonda\tests\Sonda.Phase3.Tests\bin\Release\net10.0\Sonda.Phase3.Tests.dll" adapterTypeName="executor://xunit/VsTestRunner3/netcore/" className="Sonda.Phase3.Tests.AcceptanceMatrixTests" name="Approved_fixture_matches_independent_expectations" />
    </UnitTest>
    <UnitTest name="Sonda.Phase3.Tests.AcceptanceMatrixTests.Approved_fixture_matches_independent_expectations(name: &quot;explicit-end-conflicts&quot;)" storage="c:\saproductions\sonda\tests\sonda.phase3.tests\bin\release\net10.0\sonda.phase3.tests.dll" id="4718123c-99fc-22e1-4cb3-67a4207b16ae">
      <Execution id="3cc0d8be-818d-4049-948e-395cd2131dc8" />
      <TestMethod codeBase="C:\SaProductions\Sonda\tests\Sonda.Phase3.Tests\bin\Release\net10.0\Sonda.Phase3.Tests.dll" adapterTypeName="executor://xunit/VsTestRunner3/netcore/" className="Sonda.Phase3.Tests.AcceptanceMatrixTests" name="Approved_fixture_matches_independent_expectations" />
    </UnitTest>
    <UnitTest name="Sonda.Phase3.Tests.EdgePolicyTests.Partition_error_survives_restart_without_blocking_other_cycle" storage="c:\saproductions\sonda\tests\sonda.phase3.tests\bin\release\net10.0\sonda.phase3.tests.dll" id="d824fe6f-9390-3976-98ef-7a80b4b92a48">
      <Execution id="c34c38d7-ca40-4764-a706-135406e4d176" />
      <TestMethod codeBase="C:\SaProductions\Sonda\tests\Sonda.Phase3.Tests\bin\Release\net10.0\Sonda.Phase3.Tests.dll" adapterTypeName="executor://xunit/VsTestRunner3/netcore/" className="Sonda.Phase3.Tests.EdgePolicyTests" name="Partition_error_survives_restart_without_blocking_other_cycle" />
    </UnitTest>
    <UnitTest name="Sonda.Phase3.Tests.AcceptanceMatrixTests.Approved_fixture_matches_independent_expectations(name: &quot;pinned-version-transition&quot;)" storage="c:\saproductions\sonda\tests\sonda.phase3.tests\bin\release\net10.0\sonda.phase3.tests.dll" id="64530609-ac0a-2b2f-4d0f-4665d2d2e4a2">
      <Execution id="76897b59-27a6-49e6-9eb8-1d3e304d669b" />
      <TestMethod codeBase="C:\SaProductions\Sonda\tests\Sonda.Phase3.Tests\bin\Release\net10.0\Sonda.Phase3.Tests.dll" adapterTypeName="executor://xunit/VsTestRunner3/netcore/" className="Sonda.Phase3.Tests.AcceptanceMatrixTests" name="Approved_fixture_matches_independent_expectations" />
    </UnitTest>
    <UnitTest name="Sonda.Phase3.Tests.EdgePolicyTests.Old_evidence_after_frontier_uses_only_opted_in_diagnostic" storage="c:\saproductions\sonda\tests\sonda.phase3.tests\bin\release\net10.0\sonda.phase3.tests.dll" id="bb597273-14ce-9ac2-c1c7-f9a90a151a49">
      <Execution id="1c86d977-bb44-498e-bdba-83161604027e" />
      <TestMethod codeBase="C:\SaProductions\Sonda\tests\Sonda.Phase3.Tests\bin\Release\net10.0\Sonda.Phase3.Tests.dll" adapterTypeName="executor://xunit/VsTestRunner3/netcore/" className="Sonda.Phase3.Tests.EdgePolicyTests" name="Old_evidence_after_frontier_uses_only_opted_in_diagnostic" />
    </UnitTest>
    <UnitTest name="Sonda.Phase3.Tests.AcceptanceMatrixTests.Approved_fixture_matches_independent_expectations(name: &quot;missing-correlation&quot;)" storage="c:\saproductions\sonda\tests\sonda.phase3.tests\bin\release\net10.0\sonda.phase3.tests.dll" id="dc2c27ca-4de2-e1b4-a711-b6c88b30b0c3">
      <Execution id="57bd7784-449d-4ce7-b578-fd6c88e159af" />
      <TestMethod codeBase="C:\SaProductions\Sonda\tests\Sonda.Phase3.Tests\bin\Release\net10.0\Sonda.Phase3.Tests.dll" adapterTypeName="executor://xunit/VsTestRunner3/netcore/" className="Sonda.Phase3.Tests.AcceptanceMatrixTests" name="Approved_fixture_matches_independent_expectations" />
    </UnitTest>
    <UnitTest name="Sonda.Phase3.Tests.AcceptanceMatrixTests.Approved_fixture_matches_independent_expectations(name: &quot;open-out-of-order&quot;)" storage="c:\saproductions\sonda\tests\sonda.phase3.tests\bin\release\net10.0\sonda.phase3.tests.dll" id="c1aa071d-5b0b-7524-d417-635a0e6796c8">
      <Execution id="c2ae4e1f-9899-466c-bab9-116e25819074" />
      <TestMethod codeBase="C:\SaProductions\Sonda\tests\Sonda.Phase3.Tests\bin\Release\net10.0\Sonda.Phase3.Tests.dll" adapterTypeName="executor://xunit/VsTestRunner3/netcore/" className="Sonda.Phase3.Tests.AcceptanceMatrixTests" name="Approved_fixture_matches_independent_expectations" />
    </UnitTest>
    <UnitTest name="Sonda.Phase3.Tests.AcceptanceMatrixTests.Approved_fixture_matches_independent_expectations(name: &quot;later-clean-recovery&quot;)" storage="c:\saproductions\sonda\tests\sonda.phase3.tests\bin\release\net10.0\sonda.phase3.tests.dll" id="090de3fd-6b29-fa30-ddf2-6b08f7b22ff3">
      <Execution id="baa6d029-d6b6-4454-8f0c-b8ef210b8a91" />
      <TestMethod codeBase="C:\SaProductions\Sonda\tests\Sonda.Phase3.Tests\bin\Release\net10.0\Sonda.Phase3.Tests.dll" adapterTypeName="executor://xunit/VsTestRunner3/netcore/" className="Sonda.Phase3.Tests.AcceptanceMatrixTests" name="Approved_fixture_matches_independent_expectations" />
    </UnitTest>
    <UnitTest name="Sonda.Phase3.Tests.AcceptanceMatrixTests.Approved_fixture_matches_independent_expectations(name: &quot;success-without-end&quot;)" storage="c:\saproductions\sonda\tests\sonda.phase3.tests\bin\release\net10.0\sonda.phase3.tests.dll" id="c5be6f3d-cf4e-2a55-2f0d-11de3f06e5eb">
      <Execution id="3d2bdecc-9df2-4ec1-983d-e506b7f05361" />
      <TestMethod codeBase="C:\SaProductions\Sonda\tests\Sonda.Phase3.Tests\bin\Release\net10.0\Sonda.Phase3.Tests.dll" adapterTypeName="executor://xunit/VsTestRunner3/netcore/" className="Sonda.Phase3.Tests.AcceptanceMatrixTests" name="Approved_fixture_matches_independent_expectations" />
    </UnitTest>
    <UnitTest name="Sonda.Phase3.Tests.PolicyTests.Legacy_profile_serialization_is_byte_compatible" storage="c:\saproductions\sonda\tests\sonda.phase3.tests\bin\release\net10.0\sonda.phase3.tests.dll" id="ed808546-f812-5ee9-be00-fa677affd2e7">
      <Execution id="7850edab-db1f-47d4-bcfb-621887b750a7" />
      <TestMethod codeBase="C:\SaProductions\Sonda\tests\Sonda.Phase3.Tests\bin\Release\net10.0\Sonda.Phase3.Tests.dll" adapterTypeName="executor://xunit/VsTestRunner3/netcore/" className="Sonda.Phase3.Tests.PolicyTests" name="Legacy_profile_serialization_is_byte_compatible" />
    </UnitTest>
    <UnitTest name="Sonda.Phase3.Tests.CommandTests.Command_collision_is_rejected" storage="c:\saproductions\sonda\tests\sonda.phase3.tests\bin\release\net10.0\sonda.phase3.tests.dll" id="f3ef1368-7649-69fa-e3ed-2d95ef4cb63d">
      <Execution id="782cebc0-eadd-4238-acb2-95a86125737b" />
      <TestMethod codeBase="C:\SaProductions\Sonda\tests\Sonda.Phase3.Tests\bin\Release\net10.0\Sonda.Phase3.Tests.dll" adapterTypeName="executor://xunit/VsTestRunner3/netcore/" className="Sonda.Phase3.Tests.CommandTests" name="Command_collision_is_rejected" />
    </UnitTest>
    <UnitTest name="Sonda.Phase3.Tests.CommandTests.Availability_does_not_invent_green" storage="c:\saproductions\sonda\tests\sonda.phase3.tests\bin\release\net10.0\sonda.phase3.tests.dll" id="1fdb5415-b700-9c2b-c37c-b597c5bf4b01">
      <Execution id="32e312fa-3b39-49a5-a1a7-9dfca87556ae" />
      <TestMethod codeBase="C:\SaProductions\Sonda\tests\Sonda.Phase3.Tests\bin\Release\net10.0\Sonda.Phase3.Tests.dll" adapterTypeName="executor://xunit/VsTestRunner3/netcore/" className="Sonda.Phase3.Tests.CommandTests" name="Availability_does_not_invent_green" />
    </UnitTest>
    <UnitTest name="Sonda.Phase3.Tests.EdgePolicyTests.Manual_resolution_noop_and_reopening_are_explicit(investigating: False)" storage="c:\saproductions\sonda\tests\sonda.phase3.tests\bin\release\net10.0\sonda.phase3.tests.dll" id="abf91839-b5c6-7002-e7c7-eb8f9261f652">
      <Execution id="5f656597-398d-4c94-ba1c-dab85f18d60f" />
      <TestMethod codeBase="C:\SaProductions\Sonda\tests\Sonda.Phase3.Tests\bin\Release\net10.0\Sonda.Phase3.Tests.dll" adapterTypeName="executor://xunit/VsTestRunner3/netcore/" className="Sonda.Phase3.Tests.EdgePolicyTests" name="Manual_resolution_noop_and_reopening_are_explicit" />
    </UnitTest>
    <UnitTest name="Sonda.Phase3.Tests.EdgePolicyTests.Expected_duration_only_is_overdue_without_finalization" storage="c:\saproductions\sonda\tests\sonda.phase3.tests\bin\release\net10.0\sonda.phase3.tests.dll" id="86ef581b-d1a2-5e60-c053-cc0e9e58b9dc">
      <Execution id="27dae4e7-60b6-48b2-885b-e6d3f7935038" />
      <TestMethod codeBase="C:\SaProductions\Sonda\tests\Sonda.Phase3.Tests\bin\Release\net10.0\Sonda.Phase3.Tests.dll" adapterTypeName="executor://xunit/VsTestRunner3/netcore/" className="Sonda.Phase3.Tests.EdgePolicyTests" name="Expected_duration_only_is_overdue_without_finalization" />
    </UnitTest>
    <UnitTest name="Sonda.Phase3.Tests.PolicyTests.Manual_resolution_is_confirmed_without_rewriting_history" storage="c:\saproductions\sonda\tests\sonda.phase3.tests\bin\release\net10.0\sonda.phase3.tests.dll" id="e4ddd061-afbf-4416-a162-acb91d44dd7c">
      <Execution id="fa8dc813-745d-4a96-9f34-24f9258b2230" />
      <TestMethod codeBase="C:\SaProductions\Sonda\tests\Sonda.Phase3.Tests\bin\Release\net10.0\Sonda.Phase3.Tests.dll" adapterTypeName="executor://xunit/VsTestRunner3/netcore/" className="Sonda.Phase3.Tests.PolicyTests" name="Manual_resolution_is_confirmed_without_rewriting_history" />
    </UnitTest>
    <UnitTest name="Sonda.Phase3.Tests.AcceptanceMatrixTests.Approved_fixture_matches_independent_expectations(name: &quot;serial-begin-rejected&quot;)" storage="c:\saproductions\sonda\tests\sonda.phase3.tests\bin\release\net10.0\sonda.phase3.tests.dll" id="526cb84f-9265-36b5-4a3d-e60577298726">
      <Execution id="c7468458-2ce9-46c3-9259-96856224f4a5" />
      <TestMethod codeBase="C:\SaProductions\Sonda\tests\Sonda.Phase3.Tests\bin\Release\net10.0\Sonda.Phase3.Tests.dll" adapterTypeName="executor://xunit/VsTestRunner3/netcore/" className="Sonda.Phase3.Tests.AcceptanceMatrixTests" name="Approved_fixture_matches_independent_expectations" />
    </UnitTest>
    <UnitTest name="Sonda.Phase3.Tests.AcceptanceMatrixTests.Approved_fixture_matches_independent_expectations(name: &quot;versioned-recovery&quot;)" storage="c:\saproductions\sonda\tests\sonda.phase3.tests\bin\release\net10.0\sonda.phase3.tests.dll" id="67364ffb-e874-18a1-5c29-5d49a0823994">
      <Execution id="a14ac66f-ea49-4b37-9088-daa8d1ece663" />
      <TestMethod codeBase="C:\SaProductions\Sonda\tests\Sonda.Phase3.Tests\bin\Release\net10.0\Sonda.Phase3.Tests.dll" adapterTypeName="executor://xunit/VsTestRunner3/netcore/" className="Sonda.Phase3.Tests.AcceptanceMatrixTests" name="Approved_fixture_matches_independent_expectations" />
    </UnitTest>
    <UnitTest name="Sonda.Phase3.Tests.EdgePolicyTests.Evidence_at_exact_deadline_wins_when_frontier_includes_it" storage="c:\saproductions\sonda\tests\sonda.phase3.tests\bin\release\net10.0\sonda.phase3.tests.dll" id="281deeee-95c1-d0d2-57da-9a93da16dff8">
      <Execution id="ca1d8807-0ae7-4b94-826c-cf119c514544" />
      <TestMethod codeBase="C:\SaProductions\Sonda\tests\Sonda.Phase3.Tests\bin\Release\net10.0\Sonda.Phase3.Tests.dll" adapterTypeName="executor://xunit/VsTestRunner3/netcore/" className="Sonda.Phase3.Tests.EdgePolicyTests" name="Evidence_at_exact_deadline_wins_when_frontier_includes_it" />
    </UnitTest>
    <UnitTest name="Sonda.Phase3.Tests.AcceptanceMatrixTests.Approved_fixture_matches_independent_expectations(name: &quot;manual-then-success&quot;)" storage="c:\saproductions\sonda\tests\sonda.phase3.tests\bin\release\net10.0\sonda.phase3.tests.dll" id="58ac0a73-47b7-9966-33f0-f97d9e6e0b1f">
      <Execution id="11e3431e-d120-45cb-aa60-899cc113ee85" />
      <TestMethod codeBase="C:\SaProductions\Sonda\tests\Sonda.Phase3.Tests\bin\Release\net10.0\Sonda.Phase3.Tests.dll" adapterTypeName="executor://xunit/VsTestRunner3/netcore/" className="Sonda.Phase3.Tests.AcceptanceMatrixTests" name="Approved_fixture_matches_independent_expectations" />
    </UnitTest>
    <UnitTest name="Sonda.Phase3.Tests.AcceptanceMatrixTests.Approved_fixture_matches_independent_expectations(name: &quot;incomplete-explicit-end&quot;)" storage="c:\saproductions\sonda\tests\sonda.phase3.tests\bin\release\net10.0\sonda.phase3.tests.dll" id="fac9f477-c070-31a2-ba7a-952f2a3b29b8">
      <Execution id="b652cb2e-a558-42da-afd9-e3179a2806e6" />
      <TestMethod codeBase="C:\SaProductions\Sonda\tests\Sonda.Phase3.Tests\bin\Release\net10.0\Sonda.Phase3.Tests.dll" adapterTypeName="executor://xunit/VsTestRunner3/netcore/" className="Sonda.Phase3.Tests.AcceptanceMatrixTests" name="Approved_fixture_matches_independent_expectations" />
    </UnitTest>
    <UnitTest name="Sonda.Phase3.Tests.EdgePolicyTests.Failure_incident_is_visible_before_explicit_end" storage="c:\saproductions\sonda\tests\sonda.phase3.tests\bin\release\net10.0\sonda.phase3.tests.dll" id="4896fc45-ae5c-f423-7a5c-13adbc06a883">
      <Execution id="c6e4a5c5-3312-4c57-9708-7d55f1bdbc0a" />
      <TestMethod codeBase="C:\SaProductions\Sonda\tests\Sonda.Phase3.Tests\bin\Release\net10.0\Sonda.Phase3.Tests.dll" adapterTypeName="executor://xunit/VsTestRunner3/netcore/" className="Sonda.Phase3.Tests.EdgePolicyTests" name="Failure_incident_is_visible_before_explicit_end" />
    </UnitTest>
    <UnitTest name="Sonda.Phase3.Tests.AcceptanceMatrixTests.Approved_fixture_matches_independent_expectations(name: &quot;deadline-date-1101&quot;)" storage="c:\saproductions\sonda\tests\sonda.phase3.tests\bin\release\net10.0\sonda.phase3.tests.dll" id="11014176-3b9f-7320-2112-4713d599a255">
      <Execution id="22b5244d-3cdf-4f55-ab9d-f2a24697230b" />
      <TestMethod codeBase="C:\SaProductions\Sonda\tests\Sonda.Phase3.Tests\bin\Release\net10.0\Sonda.Phase3.Tests.dll" adapterTypeName="executor://xunit/VsTestRunner3/netcore/" className="Sonda.Phase3.Tests.AcceptanceMatrixTests" name="Approved_fixture_matches_independent_expectations" />
    </UnitTest>
    <UnitTest name="Sonda.Phase3.Tests.AcceptanceMatrixTests.Approved_fixture_matches_independent_expectations(name: &quot;warning-with-success&quot;)" storage="c:\saproductions\sonda\tests\sonda.phase3.tests\bin\release\net10.0\sonda.phase3.tests.dll" id="8836f845-9384-4d1b-59bc-c7072afd3221">
      <Execution id="e20716db-4e08-4480-a82d-c611a154b0a5" />
      <TestMethod codeBase="C:\SaProductions\Sonda\tests\Sonda.Phase3.Tests\bin\Release\net10.0\Sonda.Phase3.Tests.dll" adapterTypeName="executor://xunit/VsTestRunner3/netcore/" className="Sonda.Phase3.Tests.AcceptanceMatrixTests" name="Approved_fixture_matches_independent_expectations" />
    </UnitTest>
    <UnitTest name="Sonda.Phase3.Tests.AcceptanceMatrixTests.Approved_fixture_matches_independent_expectations(name: &quot;failure-before-missing-end&quot;)" storage="c:\saproductions\sonda\tests\sonda.phase3.tests\bin\release\net10.0\sonda.phase3.tests.dll" id="262b9329-3250-8461-dfa2-e1cbf3ba10cd">
      <Execution id="6de39d15-c880-414e-8d42-c34a5a793573" />
      <TestMethod codeBase="C:\SaProductions\Sonda\tests\Sonda.Phase3.Tests\bin\Release\net10.0\Sonda.Phase3.Tests.dll" adapterTypeName="executor://xunit/VsTestRunner3/netcore/" className="Sonda.Phase3.Tests.AcceptanceMatrixTests" name="Approved_fixture_matches_independent_expectations" />
    </UnitTest>
    <UnitTest name="Sonda.Phase3.Tests.AcceptanceMatrixTests.Approved_fixture_matches_independent_expectations(name: &quot;same-input-contradiction&quot;)" storage="c:\saproductions\sonda\tests\sonda.phase3.tests\bin\release\net10.0\sonda.phase3.tests.dll" id="8f32f570-b622-0e6f-8cdf-ded15b157a9b">
      <Execution id="0a2917a7-e96a-47ad-b493-a580b0fae9c9" />
      <TestMethod codeBase="C:\SaProductions\Sonda\tests\Sonda.Phase3.Tests\bin\Release\net10.0\Sonda.Phase3.Tests.dll" adapterTypeName="executor://xunit/VsTestRunner3/netcore/" className="Sonda.Phase3.Tests.AcceptanceMatrixTests" name="Approved_fixture_matches_independent_expectations" />
    </UnitTest>
    <UnitTest name="Sonda.Phase3.Tests.PolicyTests.Explicit_end_failure_dominates_separate_success(reverse: True)" storage="c:\saproductions\sonda\tests\sonda.phase3.tests\bin\release\net10.0\sonda.phase3.tests.dll" id="ece8bcb7-43a6-4b9e-4ef4-cd08924bf704">
      <Execution id="6b166687-624f-4cec-9e34-940864867ab0" />
      <TestMethod codeBase="C:\SaProductions\Sonda\tests\Sonda.Phase3.Tests\bin\Release\net10.0\Sonda.Phase3.Tests.dll" adapterTypeName="executor://xunit/VsTestRunner3/netcore/" className="Sonda.Phase3.Tests.PolicyTests" name="Explicit_end_failure_dominates_separate_success" />
    </UnitTest>
    <UnitTest name="Sonda.Phase3.Tests.EdgePolicyTests.Invalid_policy_configuration_cannot_activate(kind: &quot;order&quot;)" storage="c:\saproductions\sonda\tests\sonda.phase3.tests\bin\release\net10.0\sonda.phase3.tests.dll" id="95e2c460-6bf5-9035-7fad-d70d66d0cb3b">
      <Execution id="b1064073-5382-4fab-9b23-0d69a5c74518" />
      <TestMethod codeBase="C:\SaProductions\Sonda\tests\Sonda.Phase3.Tests\bin\Release\net10.0\Sonda.Phase3.Tests.dll" adapterTypeName="executor://xunit/VsTestRunner3/netcore/" className="Sonda.Phase3.Tests.EdgePolicyTests" name="Invalid_policy_configuration_cannot_activate" />
    </UnitTest>
    <UnitTest name="Sonda.Phase3.Tests.AcceptanceMatrixTests.Approved_fixture_matches_independent_expectations(name: &quot;failure-and-ignore&quot;)" storage="c:\saproductions\sonda\tests\sonda.phase3.tests\bin\release\net10.0\sonda.phase3.tests.dll" id="ecf81535-d043-dad8-ff99-e1b0c67388dd">
      <Execution id="00f70ba2-9972-435d-a724-da2a0f393e2b" />
      <TestMethod codeBase="C:\SaProductions\Sonda\tests\Sonda.Phase3.Tests\bin\Release\net10.0\Sonda.Phase3.Tests.dll" adapterTypeName="executor://xunit/VsTestRunner3/netcore/" className="Sonda.Phase3.Tests.AcceptanceMatrixTests" name="Approved_fixture_matches_independent_expectations" />
    </UnitTest>
    <UnitTest name="Sonda.Phase3.Tests.PolicyTests.Successful_run_keeps_independent_diagnostic(severity: &quot;Error&quot;)" storage="c:\saproductions\sonda\tests\sonda.phase3.tests\bin\release\net10.0\sonda.phase3.tests.dll" id="0f0fff01-59d4-b08e-2130-5e37c5c7fee7">
      <Execution id="0f1efe0a-be4a-46d8-8746-06fe2d11e121" />
      <TestMethod codeBase="C:\SaProductions\Sonda\tests\Sonda.Phase3.Tests\bin\Release\net10.0\Sonda.Phase3.Tests.dll" adapterTypeName="executor://xunit/VsTestRunner3/netcore/" className="Sonda.Phase3.Tests.PolicyTests" name="Successful_run_keeps_independent_diagnostic" />
    </UnitTest>
    <UnitTest name="Sonda.Phase3.Tests.EdgePolicyTests.Event_deadline_never_implicitly_uses_processing_time" storage="c:\saproductions\sonda\tests\sonda.phase3.tests\bin\release\net10.0\sonda.phase3.tests.dll" id="a8d4c202-1348-58bc-ca5d-c16235872798">
      <Execution id="73d23176-c9e6-405f-b613-063ffd6832ed" />
      <TestMethod codeBase="C:\SaProductions\Sonda\tests\Sonda.Phase3.Tests\bin\Release\net10.0\Sonda.Phase3.Tests.dll" adapterTypeName="executor://xunit/VsTestRunner3/netcore/" className="Sonda.Phase3.Tests.EdgePolicyTests" name="Event_deadline_never_implicitly_uses_processing_time" />
    </UnitTest>
    <UnitTest name="Sonda.Phase3.Tests.AcceptanceMatrixTests.Approved_fixture_matches_independent_expectations(name: &quot;clock-and-date&quot;)" storage="c:\saproductions\sonda\tests\sonda.phase3.tests\bin\release\net10.0\sonda.phase3.tests.dll" id="6afbd3a0-59d4-cbb1-d498-9760c50403a0">
      <Execution id="ba81940b-78bb-4c57-8416-330a74aafcfd" />
      <TestMethod codeBase="C:\SaProductions\Sonda\tests\Sonda.Phase3.Tests\bin\Release\net10.0\Sonda.Phase3.Tests.dll" adapterTypeName="executor://xunit/VsTestRunner3/netcore/" className="Sonda.Phase3.Tests.AcceptanceMatrixTests" name="Approved_fixture_matches_independent_expectations" />
    </UnitTest>
    <UnitTest name="Sonda.Phase3.Tests.EdgePolicyTests.Automatic_resolution_then_failure_creates_new_episode" storage="c:\saproductions\sonda\tests\sonda.phase3.tests\bin\release\net10.0\sonda.phase3.tests.dll" id="1b844058-9cd8-a29a-fb86-c0503a97fa18">
      <Execution id="9bca1ac0-70a0-4cfa-96c7-6db987f182f0" />
      <TestMethod codeBase="C:\SaProductions\Sonda\tests\Sonda.Phase3.Tests\bin\Release\net10.0\Sonda.Phase3.Tests.dll" adapterTypeName="executor://xunit/VsTestRunner3/netcore/" className="Sonda.Phase3.Tests.EdgePolicyTests" name="Automatic_resolution_then_failure_creates_new_episode" />
    </UnitTest>
    <UnitTest name="Sonda.Phase3.Tests.EdgePolicyTests.Invalid_policy_configuration_cannot_activate(kind: &quot;fallback&quot;)" storage="c:\saproductions\sonda\tests\sonda.phase3.tests\bin\release\net10.0\sonda.phase3.tests.dll" id="32fbfe31-de3c-fb50-1194-b1f77803ba2c">
      <Execution id="4be371a1-e851-4742-abba-efaab43d4bab" />
      <TestMethod codeBase="C:\SaProductions\Sonda\tests\Sonda.Phase3.Tests\bin\Release\net10.0\Sonda.Phase3.Tests.dll" adapterTypeName="executor://xunit/VsTestRunner3/netcore/" className="Sonda.Phase3.Tests.EdgePolicyTests" name="Invalid_policy_configuration_cannot_activate" />
    </UnitTest>
    <UnitTest name="Sonda.Phase3.Tests.AcceptanceMatrixTests.Approved_fixture_matches_independent_expectations(name: &quot;availability&quot;)" storage="c:\saproductions\sonda\tests\sonda.phase3.tests\bin\release\net10.0\sonda.phase3.tests.dll" id="de0bd9c6-8784-1cf6-f994-ffefca31fed6">
      <Execution id="e92cc3c5-59bd-48cc-9b94-2e8bad91ae48" />
      <TestMethod codeBase="C:\SaProductions\Sonda\tests\Sonda.Phase3.Tests\bin\Release\net10.0\Sonda.Phase3.Tests.dll" adapterTypeName="executor://xunit/VsTestRunner3/netcore/" className="Sonda.Phase3.Tests.AcceptanceMatrixTests" name="Approved_fixture_matches_independent_expectations" />
    </UnitTest>
    <UnitTest name="Sonda.Phase3.Tests.AcceptanceMatrixTests.Approved_fixture_matches_independent_expectations(name: &quot;required-sources&quot;)" storage="c:\saproductions\sonda\tests\sonda.phase3.tests\bin\release\net10.0\sonda.phase3.tests.dll" id="cddd7378-3943-5d0e-b673-e38d99ac5c64">
      <Execution id="f7d1d6ef-2831-4641-8af2-02076bf72a96" />
      <TestMethod codeBase="C:\SaProductions\Sonda\tests\Sonda.Phase3.Tests\bin\Release\net10.0\Sonda.Phase3.Tests.dll" adapterTypeName="executor://xunit/VsTestRunner3/netcore/" className="Sonda.Phase3.Tests.AcceptanceMatrixTests" name="Approved_fixture_matches_independent_expectations" />
    </UnitTest>
    <UnitTest name="Sonda.Phase3.Tests.AcceptanceMatrixTests.Approved_fixture_matches_independent_expectations(name: &quot;backlog-frontier&quot;)" storage="c:\saproductions\sonda\tests\sonda.phase3.tests\bin\release\net10.0\sonda.phase3.tests.dll" id="e3506e9d-4c6a-cfd8-e794-b40cbbb54057">
      <Execution id="a9e4dd0d-d27e-4204-8d10-1d39d3919b43" />
      <TestMethod codeBase="C:\SaProductions\Sonda\tests\Sonda.Phase3.Tests\bin\Release\net10.0\Sonda.Phase3.Tests.dll" adapterTypeName="executor://xunit/VsTestRunner3/netcore/" className="Sonda.Phase3.Tests.AcceptanceMatrixTests" name="Approved_fixture_matches_independent_expectations" />
    </UnitTest>
    <UnitTest name="Sonda.Phase3.Tests.AcceptanceMatrixTests.Approved_fixture_matches_independent_expectations(name: &quot;incompatible-recovery-contract&quot;)" storage="c:\saproductions\sonda\tests\sonda.phase3.tests\bin\release\net10.0\sonda.phase3.tests.dll" id="df67ed53-a3f0-2537-1171-024639d82296">
      <Execution id="cf1b0d1b-9dec-475e-8b45-f16cf896f01d" />
      <TestMethod codeBase="C:\SaProductions\Sonda\tests\Sonda.Phase3.Tests\bin\Release\net10.0\Sonda.Phase3.Tests.dll" adapterTypeName="executor://xunit/VsTestRunner3/netcore/" className="Sonda.Phase3.Tests.AcceptanceMatrixTests" name="Approved_fixture_matches_independent_expectations" />
    </UnitTest>
    <UnitTest name="Sonda.Phase3.Tests.EdgePolicyTests.Manual_resolution_noop_and_reopening_are_explicit(investigating: True)" storage="c:\saproductions\sonda\tests\sonda.phase3.tests\bin\release\net10.0\sonda.phase3.tests.dll" id="1ce86b81-e33e-b611-db18-c5969a4d6054">
      <Execution id="0c0c2c61-0332-4b61-8875-f3906a1e094b" />
      <TestMethod codeBase="C:\SaProductions\Sonda\tests\Sonda.Phase3.Tests\bin\Release\net10.0\Sonda.Phase3.Tests.dll" adapterTypeName="executor://xunit/VsTestRunner3/netcore/" className="Sonda.Phase3.Tests.EdgePolicyTests" name="Manual_resolution_noop_and_reopening_are_explicit" />
    </UnitTest>
    <UnitTest name="Sonda.Phase3.Tests.PolicyTests.Explicit_end_failure_dominates_separate_success(reverse: False)" storage="c:\saproductions\sonda\tests\sonda.phase3.tests\bin\release\net10.0\sonda.phase3.tests.dll" id="a6b47128-0416-c8da-5745-a4d6b807d0ea">
      <Execution id="f7fa6b11-9c3a-4b82-968c-f1455a3d16ec" />
      <TestMethod codeBase="C:\SaProductions\Sonda\tests\Sonda.Phase3.Tests\bin\Release\net10.0\Sonda.Phase3.Tests.dll" adapterTypeName="executor://xunit/VsTestRunner3/netcore/" className="Sonda.Phase3.Tests.PolicyTests" name="Explicit_end_failure_dominates_separate_success" />
    </UnitTest>
    <UnitTest name="Sonda.Phase3.Tests.AcceptanceMatrixTests.Approved_fixture_matches_independent_expectations(name: &quot;correlated-overlap&quot;)" storage="c:\saproductions\sonda\tests\sonda.phase3.tests\bin\release\net10.0\sonda.phase3.tests.dll" id="d43a8d86-af52-8d91-b483-5465152ecb8a">
      <Execution id="ca1d3acf-58da-41a9-acbb-4c44c98c2911" />
      <TestMethod codeBase="C:\SaProductions\Sonda\tests\Sonda.Phase3.Tests\bin\Release\net10.0\Sonda.Phase3.Tests.dll" adapterTypeName="executor://xunit/VsTestRunner3/netcore/" className="Sonda.Phase3.Tests.AcceptanceMatrixTests" name="Approved_fixture_matches_independent_expectations" />
    </UnitTest>
    <UnitTest name="Sonda.Phase3.Tests.AcceptanceMatrixTests.Approved_fixture_matches_independent_expectations(name: &quot;open-duplicate-begin&quot;)" storage="c:\saproductions\sonda\tests\sonda.phase3.tests\bin\release\net10.0\sonda.phase3.tests.dll" id="a98cc6bf-e1d8-c799-0d09-e55766596f39">
      <Execution id="30bef5c7-e4cc-45cc-a02a-cd4055bc9a1c" />
      <TestMethod codeBase="C:\SaProductions\Sonda\tests\Sonda.Phase3.Tests\bin\Release\net10.0\Sonda.Phase3.Tests.dll" adapterTypeName="executor://xunit/VsTestRunner3/netcore/" className="Sonda.Phase3.Tests.AcceptanceMatrixTests" name="Approved_fixture_matches_independent_expectations" />
    </UnitTest>
    <UnitTest name="Sonda.Phase3.Tests.AcceptanceMatrixTests.Approved_fixture_matches_independent_expectations(name: &quot;incompatible-transition&quot;)" storage="c:\saproductions\sonda\tests\sonda.phase3.tests\bin\release\net10.0\sonda.phase3.tests.dll" id="4f1d6dca-e331-b3fc-56f7-5e0113496ed6">
      <Execution id="d29d2e51-cd8e-488b-be32-c112aa7c9286" />
      <TestMethod codeBase="C:\SaProductions\Sonda\tests\Sonda.Phase3.Tests\bin\Release\net10.0\Sonda.Phase3.Tests.dll" adapterTypeName="executor://xunit/VsTestRunner3/netcore/" className="Sonda.Phase3.Tests.AcceptanceMatrixTests" name="Approved_fixture_matches_independent_expectations" />
    </UnitTest>
    <UnitTest name="Sonda.Phase3.Tests.AcceptanceMatrixTests.Approved_fixture_matches_independent_expectations(name: &quot;boundary-before-timer&quot;)" storage="c:\saproductions\sonda\tests\sonda.phase3.tests\bin\release\net10.0\sonda.phase3.tests.dll" id="45b51928-715b-8d32-b485-42ba20341329">
      <Execution id="591fa17a-e9e9-4762-83a2-5fe240052674" />
      <TestMethod codeBase="C:\SaProductions\Sonda\tests\Sonda.Phase3.Tests\bin\Release\net10.0\Sonda.Phase3.Tests.dll" adapterTypeName="executor://xunit/VsTestRunner3/netcore/" className="Sonda.Phase3.Tests.AcceptanceMatrixTests" name="Approved_fixture_matches_independent_expectations" />
    </UnitTest>
    <UnitTest name="Sonda.Phase3.Tests.EdgePolicyTests.Manual_only_diagnostic_survives_later_success" storage="c:\saproductions\sonda\tests\sonda.phase3.tests\bin\release\net10.0\sonda.phase3.tests.dll" id="4ab618cf-b6f8-0a98-3d8c-d1ce3f151b5e">
      <Execution id="58fbdcc6-70a0-4f99-bd2a-cab8e90540d7" />
      <TestMethod codeBase="C:\SaProductions\Sonda\tests\Sonda.Phase3.Tests\bin\Release\net10.0\Sonda.Phase3.Tests.dll" adapterTypeName="executor://xunit/VsTestRunner3/netcore/" className="Sonda.Phase3.Tests.EdgePolicyTests" name="Manual_only_diagnostic_survives_later_success" />
    </UnitTest>
    <UnitTest name="Sonda.Phase3.Tests.PolicyTests.Same_cycle_retry_preserves_failure_and_recovers" storage="c:\saproductions\sonda\tests\sonda.phase3.tests\bin\release\net10.0\sonda.phase3.tests.dll" id="b1fa356c-9a6e-4db0-ff8b-51c332306e84">
      <Execution id="97b82de1-3450-4cad-8c19-f842d51fb7b7" />
      <TestMethod codeBase="C:\SaProductions\Sonda\tests\Sonda.Phase3.Tests\bin\Release\net10.0\Sonda.Phase3.Tests.dll" adapterTypeName="executor://xunit/VsTestRunner3/netcore/" className="Sonda.Phase3.Tests.PolicyTests" name="Same_cycle_retry_preserves_failure_and_recovers" />
    </UnitTest>
    <UnitTest name="Sonda.Phase3.Tests.EdgePolicyTests.Invalid_policy_configuration_cannot_activate(kind: &quot;negative&quot;)" storage="c:\saproductions\sonda\tests\sonda.phase3.tests\bin\release\net10.0\sonda.phase3.tests.dll" id="de33018d-5feb-0f4d-aec8-8a4dd150c111">
      <Execution id="8517354f-edce-439a-99d6-2790da9a7600" />
      <TestMethod codeBase="C:\SaProductions\Sonda\tests\Sonda.Phase3.Tests\bin\Release\net10.0\Sonda.Phase3.Tests.dll" adapterTypeName="executor://xunit/VsTestRunner3/netcore/" className="Sonda.Phase3.Tests.EdgePolicyTests" name="Invalid_policy_configuration_cannot_activate" />
    </UnitTest>
    <UnitTest name="Sonda.Phase3.Tests.CommandTests.Explicit_frontier_and_duplicate_clock_do_not_duplicate_completion" storage="c:\saproductions\sonda\tests\sonda.phase3.tests\bin\release\net10.0\sonda.phase3.tests.dll" id="26684a36-e5c9-09d1-c417-626e0a50227f">
      <Execution id="b1619544-0a6d-41e3-bab1-739fd83a4ce1" />
[...]
    </UnitTest>
    <UnitTest name="Sonda.Phase3.Tests.PolicyTests.Successful_run_keeps_independent_diagnostic(severity: &quot;Warning&quot;)" storage="c:\saproductions\sonda\tests\sonda.phase3.tests\bin\release\net10.0\sonda.phase3.tests.dll" id="72f693f3-7138-d6ed-949e-86b7b330f502">
      <Execution id="c3881049-4510-474f-acac-a9345082cf1f" />
      <TestMethod codeBase="C:\SaProductions\Sonda\tests\Sonda.Phase3.Tests\bin\Release\net10.0\Sonda.Phase3.Tests.dll" adapterTypeName="executor://xunit/VsTestRunner3/netcore/" className="Sonda.Phase3.Tests.PolicyTests" name="Successful_run_keeps_independent_diagnostic" />
    </UnitTest>
    <UnitTest name="Sonda.Phase3.Tests.PolicyTests.Unknown_policy_revision_is_rejected" storage="c:\saproductions\sonda\tests\sonda.phase3.tests\bin\release\net10.0\sonda.phase3.tests.dll" id="96c51894-5232-19ac-325c-e6471b3e2656">
      <Execution id="9c246393-3b85-44b8-a7ad-05bc1ab97515" />
      <TestMethod codeBase="C:\SaProductions\Sonda\tests\Sonda.Phase3.Tests\bin\Release\net10.0\Sonda.Phase3.Tests.dll" adapterTypeName="executor://xunit/VsTestRunner3/netcore/" className="Sonda.Phase3.Tests.PolicyTests" name="Unknown_policy_revision_is_rejected" />
    </UnitTest>
    <UnitTest name="Sonda.Phase3.Tests.PolicyTests.Deadline_closes_without_source_evidence_and_restore_retains_context" storage="c:\saproductions\sonda\tests\sonda.phase3.tests\bin\release\net10.0\sonda.phase3.tests.dll" id="a5796c5a-9ff1-89cc-c59d-67a0810b5797">
      <Execution id="bb9cc8d5-2071-42ee-92cc-2de620dda455" />
      <TestMethod codeBase="C:\SaProductions\Sonda\tests\Sonda.Phase3.Tests\bin\Release\net10.0\Sonda.Phase3.Tests.dll" adapterTypeName="executor://xunit/VsTestRunner3/netcore/" className="Sonda.Phase3.Tests.PolicyTests" name="Deadline_closes_without_source_evidence_and_restore_retains_context" />
    </UnitTest>
    <UnitTest name="Sonda.Phase3.Tests.EdgePolicyTests.Invalid_policy_configuration_cannot_activate(kind: &quot;grace&quot;)" storage="c:\saproductions\sonda\tests\sonda.phase3.tests\bin\release\net10.0\sonda.phase3.tests.dll" id="8ea16ec0-b138-132f-5e2c-d37eaf33298c">
      <Execution id="894f253a-3090-46bd-b7cf-ee2fb1d978e4" />
      <TestMethod codeBase="C:\SaProductions\Sonda\tests\Sonda.Phase3.Tests\bin\Release\net10.0\Sonda.Phase3.Tests.dll" adapterTypeName="executor://xunit/VsTestRunner3/netcore/" className="Sonda.Phase3.Tests.EdgePolicyTests" name="Invalid_policy_configuration_cannot_activate" />
    </UnitTest>
    <UnitTest name="Sonda.Phase3.Tests.CommandTests.Incompatible_activation_is_rejected_without_mutation" storage="c:\saproductions\sonda\tests\sonda.phase3.tests\bin\release\net10.0\sonda.phase3.tests.dll" id="beeea182-993d-6988-fce8-a3f09e2b57fb">
      <Execution id="09072c0e-357c-4b17-905f-9572fc141567" />
      <TestMethod codeBase="C:\SaProductions\Sonda\tests\Sonda.Phase3.Tests\bin\Release\net10.0\Sonda.Phase3.Tests.dll" adapterTypeName="executor://xunit/VsTestRunner3/netcore/" className="Sonda.Phase3.Tests.CommandTests" name="Incompatible_activation_is_rejected_without_mutation" />
    </UnitTest>
    <UnitTest name="Sonda.Phase3.Tests.EdgePolicyTests.Revision2_cannot_downgrade_or_mutate_published_profile" storage="c:\saproductions\sonda\tests\sonda.phase3.tests\bin\release\net10.0\sonda.phase3.tests.dll" id="9a1d3ad6-0e04-f67f-bf12-b3becf9a8289">
      <Execution id="bbb1d2c0-8dc0-47c9-9a68-7800a8b26c98" />
      <TestMethod codeBase="C:\SaProductions\Sonda\tests\Sonda.Phase3.Tests\bin\Release\net10.0\Sonda.Phase3.Tests.dll" adapterTypeName="executor://xunit/VsTestRunner3/netcore/" className="Sonda.Phase3.Tests.EdgePolicyTests" name="Revision2_cannot_downgrade_or_mutate_published_profile" />
    </UnitTest>
    <UnitTest name="Sonda.Phase3.Tests.AcceptanceMatrixTests.Approved_fixture_matches_independent_expectations(name: &quot;closed-correlation-reuse&quot;)" storage="c:\saproductions\sonda\tests\sonda.phase3.tests\bin\release\net10.0\sonda.phase3.tests.dll" id="b17cdcb0-1745-f0fc-03a0-2f1b6c68ee7e">
      <Execution id="08c94c08-f512-4b0f-8426-6c9937fb32ff" />
      <TestMethod codeBase="C:\SaProductions\Sonda\tests\Sonda.Phase3.Tests\bin\Release\net10.0\Sonda.Phase3.Tests.dll" adapterTypeName="executor://xunit/VsTestRunner3/netcore/" className="Sonda.Phase3.Tests.AcceptanceMatrixTests" name="Approved_fixture_matches_independent_expectations" />
    </UnitTest>
    <UnitTest name="Sonda.Phase3.Tests.AcceptanceMatrixTests.Approved_fixture_matches_independent_expectations(name: &quot;deadline-date-0923&quot;)" storage="c:\saproductions\sonda\tests\sonda.phase3.tests\bin\release\net10.0\sonda.phase3.tests.dll" id="84dbd2a1-cfd2-1e60-1d12-0ceaeb367844">
      <Execution id="321c243f-b441-4022-864c-abebf37d6422" />
      <TestMethod codeBase="C:\SaProductions\Sonda\tests\Sonda.Phase3.Tests\bin\Release\net10.0\Sonda.Phase3.Tests.dll" adapterTypeName="executor://xunit/VsTestRunner3/netcore/" className="Sonda.Phase3.Tests.AcceptanceMatrixTests" name="Approved_fixture_matches_independent_expectations" />
    </UnitTest>
    <UnitTest name="Sonda.Phase3.Tests.AcceptanceMatrixTests.Approved_fixture_matches_independent_expectations(name: &quot;outside-cycle&quot;)" storage="c:\saproductions\sonda\tests\sonda.phase3.tests\bin\release\net10.0\sonda.phase3.tests.dll" id="936dc0e5-7151-6c4d-f02c-7117c6832c33">
      <Execution id="e0c2c5bc-26d3-4546-b300-cf8bdaf2a215" />
      <TestMethod codeBase="C:\SaProductions\Sonda\tests\Sonda.Phase3.Tests\bin\Release\net10.0\Sonda.Phase3.Tests.dll" adapterTypeName="executor://xunit/VsTestRunner3/netcore/" className="Sonda.Phase3.Tests.AcceptanceMatrixTests" name="Approved_fixture_matches_independent_expectations" />
    </UnitTest>
    <UnitTest name="Sonda.Phase3.Tests.CommandTests.Outside_cycle_incident_has_observation_without_invented_run" storage="c:\saproductions\sonda\tests\sonda.phase3.tests\bin\release\net10.0\sonda.phase3.tests.dll" id="4e105dc4-2383-be45-0a17-bde4b5ee2c8e">
      <Execution id="36a03bcc-a40a-4c7f-8977-6d093ccbd29a" />
      <TestMethod codeBase="C:\SaProductions\Sonda\tests\Sonda.Phase3.Tests\bin\Release\net10.0\Sonda.Phase3.Tests.dll" adapterTypeName="executor://xunit/VsTestRunner3/netcore/" className="Sonda.Phase3.Tests.CommandTests" name="Outside_cycle_incident_has_observation_without_invented_run" />
    </UnitTest>
  </TestDefinitions>
  <TestEntries>
    <TestEntry testId="1ce86b81-e33e-b611-db18-c5969a4d6054" executionId="0c0c2c61-0332-4b61-8875-f3906a1e094b" testListId="8c84fa94-04c1-424b-9868-57a2d4851a1d" />
    <TestEntry testId="d824fe6f-9390-3976-98ef-7a80b4b92a48" executionId="c34c38d7-ca40-4764-a706-135406e4d176" testListId="8c84fa94-04c1-424b-9868-57a2d4851a1d" />
    <TestEntry testId="d43a8d86-af52-8d91-b483-5465152ecb8a" executionId="ca1d3acf-58da-41a9-acbb-4c44c98c2911" testListId="8c84fa94-04c1-424b-9868-57a2d4851a1d" />
    <TestEntry testId="a8d4c202-1348-58bc-ca5d-c16235872798" executionId="73d23176-c9e6-405f-b613-063ffd6832ed" testListId="8c84fa94-04c1-424b-9868-57a2d4851a1d" />
    <TestEntry testId="67364ffb-e874-18a1-5c29-5d49a0823994" executionId="a14ac66f-ea49-4b37-9088-daa8d1ece663" testListId="8c84fa94-04c1-424b-9868-57a2d4851a1d" />
    <TestEntry testId="090de3fd-6b29-fa30-ddf2-6b08f7b22ff3" executionId="baa6d029-d6b6-4454-8f0c-b8ef210b8a91" testListId="8c84fa94-04c1-424b-9868-57a2d4851a1d" />
    <TestEntry testId="72f693f3-7138-d6ed-949e-86b7b330f502" executionId="c3881049-4510-474f-acac-a9345082cf1f" testListId="8c84fa94-04c1-424b-9868-57a2d4851a1d" />
    <TestEntry testId="45b51928-715b-8d32-b485-42ba20341329" executionId="591fa17a-e9e9-4762-83a2-5fe240052674" testListId="8c84fa94-04c1-424b-9868-57a2d4851a1d" />
    <TestEntry testId="8836f845-9384-4d1b-59bc-c7072afd3221" executionId="e20716db-4e08-4480-a82d-c611a154b0a5" testListId="8c84fa94-04c1-424b-9868-57a2d4851a1d" />
    <TestEntry testId="e3506e9d-4c6a-cfd8-e794-b40cbbb54057" executionId="a9e4dd0d-d27e-4204-8d10-1d39d3919b43" testListId="8c84fa94-04c1-424b-9868-57a2d4851a1d" />
    <TestEntry testId="936dc0e5-7151-6c4d-f02c-7117c6832c33" executionId="e0c2c5bc-26d3-4546-b300-cf8bdaf2a215" testListId="8c84fa94-04c1-424b-9868-57a2d4851a1d" />
    <TestEntry testId="cd7e7499-5090-09dc-e5ea-11824ce3e7c3" executionId="33fe25d2-add2-4972-b069-8c0c0ce2cf57" testListId="8c84fa94-04c1-424b-9868-57a2d4851a1d" />
    <TestEntry testId="1f12629f-46a5-bce6-fa1f-9dfb3a9bc45b" executionId="20056916-7a10-43e9-8486-f7d26485da1b" testListId="8c84fa94-04c1-424b-9868-57a2d4851a1d" />
    <TestEntry testId="2d311daf-7f50-8d9d-3bea-ac842f354243" executionId="43995c17-8e39-4750-aa47-adfd75755717" testListId="8c84fa94-04c1-424b-9868-57a2d4851a1d" />
    <TestEntry testId="beb64eed-1f53-430e-e36e-281d69285e0d" executionId="89ecdd41-7c45-4624-b0be-f7c7e20f61f8" testListId="8c84fa94-04c1-424b-9868-57a2d4851a1d" />
    <TestEntry testId="9a95d4d4-15be-70e0-bae2-6cb5c241b598" executionId="8f32570c-38bc-43cb-8d43-c544712bccec" testListId="8c84fa94-04c1-424b-9868-57a2d4851a1d" />
    <TestEntry testId="bb597273-14ce-9ac2-c1c7-f9a90a151a49" executionId="1c86d977-bb44-498e-bdba-83161604027e" testListId="8c84fa94-04c1-424b-9868-57a2d4851a1d" />
    <TestEntry testId="6ff59a1a-659b-8f43-9296-76f9e2a59601" executionId="8fe8fb1a-a955-4bda-9506-206c09511f93" testListId="8c84fa94-04c1-424b-9868-57a2d4851a1d" />
    <TestEntry testId="c26ebcb5-c0b2-433d-d2c6-65e85e41d496" executionId="4822e26b-2b86-494f-b6e6-58f93bc31368" testListId="8c84fa94-04c1-424b-9868-57a2d4851a1d" />
    <TestEntry testId="a98cc6bf-e1d8-c799-0d09-e55766596f39" executionId="30bef5c7-e4cc-45cc-a02a-cd4055bc9a1c" testListId="8c84fa94-04c1-424b-9868-57a2d4851a1d" />
    <TestEntry testId="86ef581b-d1a2-5e60-c053-cc0e9e58b9dc" executionId="27dae4e7-60b6-48b2-885b-e6d3f7935038" testListId="8c84fa94-04c1-424b-9868-57a2d4851a1d" />
    <TestEntry testId="281deeee-95c1-d0d2-57da-9a93da16dff8" executionId="ca1d8807-0ae7-4b94-826c-cf119c514544" testListId="8c84fa94-04c1-424b-9868-57a2d4851a1d" />
    <TestEntry testId="8f32f570-b622-0e6f-8cdf-ded15b157a9b" executionId="0a2917a7-e96a-47ad-b493-a580b0fae9c9" testListId="8c84fa94-04c1-424b-9868-57a2d4851a1d" />
    <TestEntry testId="6afbd3a0-59d4-cbb1-d498-9760c50403a0" executionId="ba81940b-78bb-4c57-8416-330a74aafcfd" testListId="8c84fa94-04c1-424b-9868-57a2d4851a1d" />
    <TestEntry testId="0f0fff01-59d4-b08e-2130-5e37c5c7fee7" executionId="0f1efe0a-be4a-46d8-8746-06fe2d11e121" testListId="8c84fa94-04c1-424b-9868-57a2d4851a1d" />
    <TestEntry testId="a6b47128-0416-c8da-5745-a4d6b807d0ea" executionId="f7fa6b11-9c3a-4b82-968c-f1455a3d16ec" testListId="8c84fa94-04c1-424b-9868-57a2d4851a1d" />
    <TestEntry testId="dc2c27ca-4de2-e1b4-a711-b6c88b30b0c3" executionId="57bd7784-449d-4ce7-b578-fd6c88e159af" testListId="8c84fa94-04c1-424b-9868-57a2d4851a1d" />
    <TestEntry testId="d4abf4a8-a10e-28cb-05d7-e6f47e6dd427" executionId="8762489a-5df1-4f07-9088-70bf808d5355" testListId="8c84fa94-04c1-424b-9868-57a2d4851a1d" />
    <TestEntry testId="ecf81535-d043-dad8-ff99-e1b0c67388dd" executionId="00f70ba2-9972-435d-a724-da2a0f393e2b" testListId="8c84fa94-04c1-424b-9868-57a2d4851a1d" />
    <TestEntry testId="95e2c460-6bf5-9035-7fad-d70d66d0cb3b" executionId="b1064073-5382-4fab-9b23-0d69a5c74518" testListId="8c84fa94-04c1-424b-9868-57a2d4851a1d" />
    <TestEntry testId="df67ed53-a3f0-2537-1171-024639d82296" executionId="cf1b0d1b-9dec-475e-8b45-f16cf896f01d" testListId="8c84fa94-04c1-424b-9868-57a2d4851a1d" />
    <TestEntry testId="4ab618cf-b6f8-0a98-3d8c-d1ce3f151b5e" executionId="58fbdcc6-70a0-4f99-bd2a-cab8e90540d7" testListId="8c84fa94-04c1-424b-9868-57a2d4851a1d" />
    <TestEntry testId="c1aa071d-5b0b-7524-d417-635a0e6796c8" executionId="c2ae4e1f-9899-466c-bab9-116e25819074" testListId="8c84fa94-04c1-424b-9868-57a2d4851a1d" />
    <TestEntry testId="96c51894-5232-19ac-325c-e6471b3e2656" executionId="9c246393-3b85-44b8-a7ad-05bc1ab97515" testListId="8c84fa94-04c1-424b-9868-57a2d4851a1d" />
    <TestEntry testId="f3ef1368-7649-69fa-e3ed-2d95ef4cb63d" executionId="782cebc0-eadd-4238-acb2-95a86125737b" testListId="8c84fa94-04c1-424b-9868-57a2d4851a1d" />
    <TestEntry testId="4718123c-99fc-22e1-4cb3-67a4207b16ae" executionId="3cc0d8be-818d-4049-948e-395cd2131dc8" testListId="8c84fa94-04c1-424b-9868-57a2d4851a1d" />
    <TestEntry testId="de33018d-5feb-0f4d-aec8-8a4dd150c111" executionId="8517354f-edce-439a-99d6-2790da9a7600" testListId="8c84fa94-04c1-424b-9868-57a2d4851a1d" />
    <TestEntry testId="513c6b90-8d4c-c0b1-fa12-2b64563e7104" executionId="d67fa56a-ef17-4809-b9c6-c163392e437f" testListId="8c84fa94-04c1-424b-9868-57a2d4851a1d" />
    <TestEntry testId="ed808546-f812-5ee9-be00-fa677affd2e7" executionId="7850edab-db1f-47d4-bcfb-621887b750a7" testListId="8c84fa94-04c1-424b-9868-57a2d4851a1d" />
    <TestEntry testId="c5be6f3d-cf4e-2a55-2f0d-11de3f06e5eb" executionId="3d2bdecc-9df2-4ec1-983d-e506b7f05361" testListId="8c84fa94-04c1-424b-9868-57a2d4851a1d" />
    <TestEntry testId="526cb84f-9265-36b5-4a3d-e60577298726" executionId="c7468458-2ce9-46c3-9259-96856224f4a5" testListId="8c84fa94-04c1-424b-9868-57a2d4851a1d" />
    <TestEntry testId="4f1d6dca-e331-b3fc-56f7-5e0113496ed6" executionId="d29d2e51-cd8e-488b-be32-c112aa7c9286" testListId="8c84fa94-04c1-424b-9868-57a2d4851a1d" />
    <TestEntry testId="cddd7378-3943-5d0e-b673-e38d99ac5c64" executionId="f7d1d6ef-2831-4641-8af2-02076bf72a96" testListId="8c84fa94-04c1-424b-9868-57a2d4851a1d" />
    <TestEntry testId="870b9d83-573c-f48d-d753-26e1be9e9783" executionId="d809ccf2-2b54-4a02-a539-694bdf6b2588" testListId="8c84fa94-04c1-424b-9868-57a2d4851a1d" />
    <TestEntry testId="1b844058-9cd8-a29a-fb86-c0503a97fa18" executionId="9bca1ac0-70a0-4cfa-96c7-6db987f182f0" testListId="8c84fa94-04c1-424b-9868-57a2d4851a1d" />
    <TestEntry testId="9a1d3ad6-0e04-f67f-bf12-b3becf9a8289" executionId="bbb1d2c0-8dc0-47c9-9a68-7800a8b26c98" testListId="8c84fa94-04c1-424b-9868-57a2d4851a1d" />
    <TestEntry testId="0dfa45c3-fb68-6867-d8a8-e51813874bde" executionId="60d217c4-c5b3-4220-9717-84e45099d9b3" testListId="8c84fa94-04c1-424b-9868-57a2d4851a1d" />
    <TestEntry testId="e2321a0b-5605-85ad-c1f6-f1132399c04f" executionId="12e016a6-63ea-4365-a936-682c264494df" testListId="8c84fa94-04c1-424b-9868-57a2d4851a1d" />
    <TestEntry testId="b17cdcb0-1745-f0fc-03a0-2f1b6c68ee7e" executionId="08c94c08-f512-4b0f-8426-6c9937fb32ff" testListId="8c84fa94-04c1-424b-9868-57a2d4851a1d" />
    <TestEntry testId="31c0e0b7-d53f-a6c3-4fd5-f256ba714636" executionId="cb733fcb-0b37-4856-b937-75d192bf323c" testListId="8c84fa94-04c1-424b-9868-57a2d4851a1d" />
    <TestEntry testId="b1fa356c-9a6e-4db0-ff8b-51c332306e84" executionId="97b82de1-3450-4cad-8c19-f842d51fb7b7" testListId="8c84fa94-04c1-424b-9868-57a2d4851a1d" />
    <TestEntry testId="11014176-3b9f-7320-2112-4713d599a255" executionId="22b5244d-3cdf-4f55-ab9d-f2a24697230b" testListId="8c84fa94-04c1-424b-9868-57a2d4851a1d" />
    <TestEntry testId="8ea16ec0-b138-132f-5e2c-d37eaf33298c" executionId="894f253a-3090-46bd-b7cf-ee2fb1d978e4" testListId="8c84fa94-04c1-424b-9868-57a2d4851a1d" />
    <TestEntry testId="a0658b34-83b0-c716-4da5-0f1f42cdf32c" executionId="7212b6af-5ce4-4c37-8243-847f6fd83696" testListId="8c84fa94-04c1-424b-9868-57a2d4851a1d" />
    <TestEntry testId="84dbd2a1-cfd2-1e60-1d12-0ceaeb367844" executionId="321c243f-b441-4022-864c-abebf37d6422" testListId="8c84fa94-04c1-424b-9868-57a2d4851a1d" />
    <TestEntry testId="abf91839-b5c6-7002-e7c7-eb8f9261f652" executionId="5f656597-398d-4c94-ba1c-dab85f18d60f" testListId="8c84fa94-04c1-424b-9868-57a2d4851a1d" />
    <TestEntry testId="a5796c5a-9ff1-89cc-c59d-67a0810b5797" executionId="bb9cc8d5-2071-42ee-92cc-2de620dda455" testListId="8c84fa94-04c1-424b-9868-57a2d4851a1d" />
    <TestEntry testId="26684a36-e5c9-09d1-c417-626e0a50227f" executionId="b1619544-0a6d-41e3-bab1-739fd83a4ce1" testListId="8c84fa94-04c1-424b-9868-57a2d4851a1d" />
    <TestEntry testId="23f5ee03-85a9-a1ec-980d-0a64fe558dcf" executionId="b61e7e30-38ab-4b77-9c67-39eedf82a4a3" testListId="8c84fa94-04c1-424b-9868-57a2d4851a1d" />
    <TestEntry testId="e4ddd061-afbf-4416-a162-acb91d44dd7c" executionId="fa8dc813-745d-4a96-9f34-24f9258b2230" testListId="8c84fa94-04c1-424b-9868-57a2d4851a1d" />
    <TestEntry testId="439f39f1-e134-8347-c540-e08f4ee4a6ae" executionId="d0ade919-7ca1-4a21-902c-fa707d0140ff" testListId="8c84fa94-04c1-424b-9868-57a2d4851a1d" />
    <TestEntry testId="85cbd8ed-217f-5e95-9693-1bc4f222ec1a" executionId="6ea9eb22-7b89-47fa-ba8f-324f50fe9260" testListId="8c84fa94-04c1-424b-9868-57a2d4851a1d" />
    <TestEntry testId="4e105dc4-2383-be45-0a17-bde4b5ee2c8e" executionId="36a03bcc-a40a-4c7f-8977-6d093ccbd29a" testListId="8c84fa94-04c1-424b-9868-57a2d4851a1d" />
    <TestEntry testId="1fdb5415-b700-9c2b-c37c-b597c5bf4b01" executionId="32e312fa-3b39-49a5-a1a7-9dfca87556ae" testListId="8c84fa94-04c1-424b-9868-57a2d4851a1d" />
    <TestEntry testId="58ac0a73-47b7-9966-33f0-f97d9e6e0b1f" executionId="11e3431e-d120-45cb-aa60-899cc113ee85" testListId="8c84fa94-04c1-424b-9868-57a2d4851a1d" />
    <TestEntry testId="d7dd7d7a-aa06-d289-158d-ddb9b9b81805" executionId="d2adba4d-4b1d-482a-b746-c9596159f813" testListId="8c84fa94-04c1-424b-9868-57a2d4851a1d" />
    <TestEntry testId="4896fc45-ae5c-f423-7a5c-13adbc06a883" executionId="c6e4a5c5-3312-4c57-9708-7d55f1bdbc0a" testListId="8c84fa94-04c1-424b-9868-57a2d4851a1d" />
    <TestEntry testId="ece8bcb7-43a6-4b9e-4ef4-cd08924bf704" executionId="6b166687-624f-4cec-9e34-940864867ab0" testListId="8c84fa94-04c1-424b-9868-57a2d4851a1d" />
    <TestEntry testId="262b9329-3250-8461-dfa2-e1cbf3ba10cd" executionId="6de39d15-c880-414e-8d42-c34a5a793573" testListId="8c84fa94-04c1-424b-9868-57a2d4851a1d" />
    <TestEntry testId="fac9f477-c070-31a2-ba7a-952f2a3b29b8" executionId="b652cb2e-a558-42da-afd9-e3179a2806e6" testListId="8c84fa94-04c1-424b-9868-57a2d4851a1d" />
    <TestEntry testId="a75f2928-2b0e-af6f-690b-0488127ceb67" executionId="abaf0b47-bdac-4719-854c-da452a9e01b8" testListId="8c84fa94-04c1-424b-9868-57a2d4851a1d" />
    <TestEntry testId="32fbfe31-de3c-fb50-1194-b1f77803ba2c" executionId="4be371a1-e851-4742-abba-efaab43d4bab" testListId="8c84fa94-04c1-424b-9868-57a2d4851a1d" />
    <TestEntry testId="de0bd9c6-8784-1cf6-f994-ffefca31fed6" executionId="e92cc3c5-59bd-48cc-9b94-2e8bad91ae48" testListId="8c84fa94-04c1-424b-9868-57a2d4851a1d" />
    <TestEntry testId="64530609-ac0a-2b2f-4d0f-4665d2d2e4a2" executionId="76897b59-27a6-49e6-9eb8-1d3e304d669b" testListId="8c84fa94-04c1-424b-9868-57a2d4851a1d" />
    <TestEntry testId="651383ac-60d2-b0b7-fee8-6163927cf8ad" executionId="5f147416-3fb6-4eff-a72d-471ac2c5bb2e" testListId="8c84fa94-04c1-424b-9868-57a2d4851a1d" />
    <TestEntry testId="beeea182-993d-6988-fce8-a3f09e2b57fb" executionId="09072c0e-357c-4b17-905f-9572fc141567" testListId="8c84fa94-04c1-424b-9868-57a2d4851a1d" />
  </TestEntries>
  <TestLists>
    <TestList name="Results Not in a List" id="8c84fa94-04c1-424b-9868-57a2d4851a1d" />
    <TestList name="All Loaded Results" id="19431567-8539-422a-85d7-44ee4e166bda" />
  </TestLists>
  <ResultSummary outcome="Completed">
    <Counters total="76" executed="76" passed="76" failed="0" error="0" timeout="0" aborted="0" inconclusive="0" passedButRunAborted="0" notRunnable="0" notExecuted="0" disconnected="0" warning="0" completed="0" inProgress="0" pending="0" />
    <Output>
      <StdOut>[xUnit.net 00:00:00.00] xUnit.net VSTest Adapter v3.1.1+bf6400fd51 (64-bit .NET 10.0.12)&#xD;
[xUnit.net 00:00:00.54]   Discovering: Sonda.Phase3.Tests&#xD;
[xUnit.net 00:00:00.99]   Discovered:  Sonda.Phase3.Tests&#xD;
[xUnit.net 00:00:01.05]   Starting:    Sonda.Phase3.Tests&#xD;
[xUnit.net 00:00:02.25]   Finished:    Sonda.Phase3.Tests&#xD;
</StdOut>
    </Output>
  </ResultSummary>
</TestRun>